   1              		.syntax unified
   2              		.cpu cortex-m3
   3              		.fpu softvfp
   4              		.eabi_attribute 20, 1
   5              		.eabi_attribute 21, 1
   6              		.eabi_attribute 23, 3
   7              		.eabi_attribute 24, 1
   8              		.eabi_attribute 25, 1
   9              		.eabi_attribute 26, 1
  10              		.eabi_attribute 30, 4
  11              		.eabi_attribute 34, 1
  12              		.eabi_attribute 18, 4
  13              		.thumb
  14              		.file	"main.c"
  15              		.text
  16              	.Ltext0:
  17              		.cfi_sections	.debug_frame
  18              		.global	__aeabi_ui2d
  19              		.global	__aeabi_ddiv
  20              		.global	__aeabi_d2uiz
  21              		.section	.text.startup,"ax",%progbits
  22              		.align	1
  23              		.global	main
  24              		.thumb
  25              		.thumb_func
  27              	main:
  28              	.LFB55:
  29              		.file 1 "../Source Files/main.c"
   1:../Source Files/main.c **** /**********************************************************************
   2:../Source Files/main.c **** * $Id$		main.c
   3:../Source Files/main.c **** *//**
   4:../Source Files/main.c **** * @file		main.c
   5:../Source Files/main.c **** * @brief	Write a program to Display Bar Graph, which vary according
   6:../Source Files/main.c **** *           to ADC value also after crossing some limit its color should change
   7:../Source Files/main.c **** * @version	1.0
   8:../Source Files/main.c **** * @date		09. Dec. 2013
   9:../Source Files/main.c **** * @author	Dwijay.Edutech Learning Solutions
  10:../Source Files/main.c **** ***********************************************************************
  11:../Source Files/main.c **** * Software that is described herein is for illustrative purposes only
  12:../Source Files/main.c **** * which provides customers with programming information regarding the
  13:../Source Files/main.c **** * products. This software is supplied "AS IS" without any warranties.
  14:../Source Files/main.c **** * NXP Semiconductors assumes no responsibility or liability for the
  15:../Source Files/main.c **** * use of the software, conveys no license or title under any patent,
  16:../Source Files/main.c **** * copyright, or mask work right to the product. NXP Semiconductors
  17:../Source Files/main.c **** * reserves the right to make changes in the software without
  18:../Source Files/main.c **** * notification. NXP Semiconductors also make no representation or
  19:../Source Files/main.c **** * warranty that such application will be suitable for the specified
  20:../Source Files/main.c **** * use without further testing or modification.
  21:../Source Files/main.c **** **********************************************************************/
  22:../Source Files/main.c **** #include "lpc_system_init.h"
  23:../Source Files/main.c **** 
  24:../Source Files/main.c **** /* Example group ----------------------------------------------------------- */
  25:../Source Files/main.c **** /** @defgroup TGLCD
  26:../Source Files/main.c ****  * @ingroup TGLCD_Examples
  27:../Source Files/main.c ****  * @{
  28:../Source Files/main.c ****  */
  29:../Source Files/main.c **** 
  30:../Source Files/main.c **** 
  31:../Source Files/main.c **** /*-------------------------PRIVATE Variables------------------------------*/
  32:../Source Files/main.c **** 
  33:../Source Files/main.c **** 
  34:../Source Files/main.c **** /*-------------------------MAIN Page------------------------------*/
  35:../Source Files/main.c **** /** @mainpage GLCD Test Example
  36:../Source Files/main.c **** *   @par Description:
  37:../Source Files/main.c **** *   - Draw Bar Graph which vary according POT ADC value and after crossing
  38:../Source Files/main.c **** *     some limit its color should change
  39:../Source Files/main.c **** *
  40:../Source Files/main.c **** *   @par Activity - more information:
  41:../Source Files/main.c **** *   - Connect GLCD to EPB1768 and observe the Bar Graph with varying POT
  42:../Source Files/main.c **** */
  43:../Source Files/main.c **** /*-------------------------MAIN FUNCTION------------------------------*/
  44:../Source Files/main.c **** /*********************************************************************//**
  45:../Source Files/main.c ****  * @brief	Main GLCD testing example sub-routine
  46:../Source Files/main.c ****  **********************************************************************/
  47:../Source Files/main.c **** 
  48:../Source Files/main.c **** /* With ARM and GHS toolsets, the entry point is main() - this will
  49:../Source Files/main.c ****    allow the linker to generate wrapper code to setup stacks, allocate
  50:../Source Files/main.c ****    heap area, and initialize and copy code and data segments. For GNU
  51:../Source Files/main.c ****    toolsets, the entry point is through __start() in the crt0_gnu.asm
  52:../Source Files/main.c ****    file, and that startup code will setup stacks and data */
  53:../Source Files/main.c **** int main(void)
  54:../Source Files/main.c **** {
  30              		.loc 1 54 0
  31              		.cfi_startproc
  32              		@ args = 0, pretend = 0, frame = 0
  33              		@ frame_needed = 0, uses_anonymous_args = 0
  34              	.LVL0:
  35 0000 2DE9F743 		push	{r0, r1, r2, r4, r5, r6, r7, r8, r9, lr}
  36              	.LCFI0:
  37              		.cfi_def_cfa_offset 40
  38              		.cfi_offset 0, -40
  39              		.cfi_offset 1, -36
  40              		.cfi_offset 2, -32
  41              		.cfi_offset 4, -28
  42              		.cfi_offset 5, -24
  43              		.cfi_offset 6, -20
  44              		.cfi_offset 7, -16
  45              		.cfi_offset 8, -12
  46              		.cfi_offset 9, -8
  47              		.cfi_offset 14, -4
  55:../Source Files/main.c **** 	uint32_t adc_value;
  56:../Source Files/main.c **** 	uint16_t PercentBy2;
  57:../Source Files/main.c **** 	int16_t prev=0,diff,y_ref;
  58:../Source Files/main.c **** 
  59:../Source Files/main.c **** 	//bar var
  60:../Source Files/main.c **** 	int16_t x1,x2,h,y_diff;
  61:../Source Files/main.c **** 	int16_t index,y,per;
  62:../Source Files/main.c **** 	uint8_t width;
  63:../Source Files/main.c **** 	uint16_t color;
  64:../Source Files/main.c **** 
  65:../Source Files/main.c **** 	System_Init();                        // Initialize System
  48              		.loc 1 65 0
  49 0004 FFF7FEFF 		bl	System_Init
  50              	.LVL1:
  66:../Source Files/main.c **** 
  67:../Source Files/main.c **** 	GLCD_Clear(White);
  51              		.loc 1 67 0
  52 0008 4FF6FF70 		movw	r0, #65535
  53 000c FFF7FEFF 		bl	GLCD_Clear
  54              	.LVL2:
  68:../Source Files/main.c **** 
  69:../Source Files/main.c **** 	y_ref=219;
  70:../Source Files/main.c **** 	Show_BarGraph();                      // Bar Graph layout
  55              		.loc 1 70 0
  56 0010 FFF7FEFF 		bl	Show_BarGraph
  57              	.LVL3:
  69:../Source Files/main.c **** 	y_ref=219;
  58              		.loc 1 69 0
  59 0014 DB24     		movs	r4, #219
  57:../Source Files/main.c **** 	int16_t prev=0,diff,y_ref;
  60              		.loc 1 57 0
  61 0016 0026     		movs	r6, #0
  62              	.LVL4:
  63              	.L9:
  71:../Source Files/main.c ****     while(1)
  72:../Source Files/main.c ****     {
  73:../Source Files/main.c **** 		// Start conversion
  74:../Source Files/main.c **** 		ADC_StartCmd(LPC_ADC, ADC_START_NOW); // start ADC conversion
  64              		.loc 1 74 0
  65 0018 2B48     		ldr	r0, .L21+8
  66 001a 0121     		movs	r1, #1
  67 001c FFF7FEFF 		bl	ADC_StartCmd
  68              	.LVL5:
  69              	.L2:
  75:../Source Files/main.c **** 
  76:../Source Files/main.c **** 		//Wait conversion complete
  77:../Source Files/main.c **** 		while (!(ADC_ChannelGetStatus(LPC_ADC, ADC_CHANNEL_4, ADC_DATA_DONE)));
  70              		.loc 1 77 0 discriminator 1
  71 0020 2948     		ldr	r0, .L21+8
  72 0022 0421     		movs	r1, #4
  73 0024 0122     		movs	r2, #1
  74 0026 FFF7FEFF 		bl	ADC_ChannelGetStatus
  75              	.LVL6:
  76 002a 0028     		cmp	r0, #0
  77 002c F8D0     		beq	.L2
  78:../Source Files/main.c **** 		adc_value = ADC_ChannelGetData(LPC_ADC, ADC_CHANNEL_4); // store converter value
  78              		.loc 1 78 0
  79 002e 0421     		movs	r1, #4
  80 0030 2548     		ldr	r0, .L21+8
  81 0032 FFF7FEFF 		bl	ADC_ChannelGetData
  82              	.LVL7:
  79:../Source Files/main.c **** 		PercentBy2 = (uint16_t)(adc_value/20.475);  // scale according to max bar height
  83              		.loc 1 79 0
  84 0036 FFF7FEFF 		bl	__aeabi_ui2d
  85              	.LVL8:
  86 003a 21A3     		adr	r3, .L21
  87 003c D3E90023 		ldrd	r2, [r3]
  88 0040 FFF7FEFF 		bl	__aeabi_ddiv
  89              	.LVL9:
  90 0044 FFF7FEFF 		bl	__aeabi_d2uiz
  91              	.LVL10:
  92 0048 8046     		mov	r8, r0	@ movhi
  93              	.LVL11:
  80:../Source Files/main.c **** 		//Display the result of conversion on the UART0
  81:../Source Files/main.c **** 	//	printf(LPC_UART0,"\x1b[1;1H ADC value on channel 4: %d04", adc_value);
  82:../Source Files/main.c **** 
  83:../Source Files/main.c **** 		diff = prev - PercentBy2;   // find difference in value over past
  94              		.loc 1 83 0
  95 004a C8EB0606 		rsb	r6, r8, r6
  96              	.LVL12:
  97 004e B6B2     		uxth	r6, r6
  98 0050 B2B2     		uxth	r2, r6
  99              	.LVL13:
  84:../Source Files/main.c **** 		if(diff < 0)  // Negative diff suggest value increased over past value
 100              		.loc 1 84 0
 101 0052 13B2     		sxth	r3, r2
 102 0054 002B     		cmp	r3, #0
 103 0056 22DA     		bge	.L3
 104              	.LVL14:
  85:../Source Files/main.c **** 		{
  86:../Source Files/main.c **** 			diff = -diff;  // change size
  87:../Source Files/main.c ****             index = 1;     // Bar Graph index number specifying which bar it is
  88:../Source Files/main.c ****             width= 24;     // Bar width
  89:../Source Files/main.c ****             y=y_ref;       // new y_ref
  90:../Source Files/main.c ****             per = diff;    // bar diff value
  91:../Source Files/main.c **** 
  92:../Source Files/main.c **** 			y_diff=y-(per);  // y_ref diff
 105              		.loc 1 92 0
 106 0058 1FFA84F9 		uxth	r9, r4
 107 005c 06EB0907 		add	r7, r6, r9
 108 0060 BFB2     		uxth	r7, r7
 109              	.LVL15:
  93:../Source Files/main.c **** 
  94:../Source Files/main.c **** 			// if y_diff is not crossing layout and it supports 10 Bars
  95:../Source Files/main.c **** 			if((y_diff>=20) && (index<=10))
 110              		.loc 1 95 0
 111 0062 3BB2     		sxth	r3, r7
 112 0064 132B     		cmp	r3, #19
 113 0066 18DD     		ble	.L19
 114              	.L10:
 115 0068 0025     		movs	r5, #0
 116              	.LVL16:
 117              	.L4:
  86:../Source Files/main.c **** 			diff = -diff;  // change size
 118              		.loc 1 86 0 discriminator 1
 119 006a 7042     		negs	r0, r6
  96:../Source Files/main.c **** 			{
  97:../Source Files/main.c **** 				for(h=0;h<=per;h++)   // plot bar graph
 120              		.loc 1 97 0 discriminator 1
 121 006c 29B2     		sxth	r1, r5
 122 006e 02B2     		sxth	r2, r0
 123 0070 9142     		cmp	r1, r2
 124 0072 12DC     		bgt	.L19
 125              	.L8:
 126              	.LVL17:
  53:../Source Files/main.c **** int main(void)
 127              		.loc 1 53 0
 128 0074 23B2     		sxth	r3, r4
 129 0076 581B     		subs	r0, r3, r5
  98:../Source Files/main.c **** 				{
  99:../Source Files/main.c **** 					// value half of width and away from center of bar placement
 100:../Source Files/main.c **** 					x1 = 30+(index*26)-(width-(width/2));
 101:../Source Files/main.c **** 					x2 = x1+width;
 102:../Source Files/main.c **** 					if((y-h)<=80) // value greater than 70 percent (Remember y value inc from top to bottom)
 130              		.loc 1 102 0
 131 0078 5028     		cmp	r0, #80
 132 007a C5EB0901 		rsb	r1, r5, r9
 103:../Source Files/main.c **** 					{
 104:../Source Files/main.c **** 						color=Red;
 105:../Source Files/main.c **** 						GLCD_Line(x1,y-h,x2,y-h,color); // plot RED color bar
 133              		.loc 1 105 0
 134 007e D8BF     		it	le
 135 0080 4FF47840 		movle	r0, #63488
 136 0084 09B2     		sxth	r1, r1
 137              	.LVL18:
 106:../Source Files/main.c **** 					}
 107:../Source Files/main.c **** 					else
 108:../Source Files/main.c **** 					{
 109:../Source Files/main.c **** 						color=Blue;
 110:../Source Files/main.c **** 						GLCD_Line(x1,y-h,x2,y-h,color); // Below limit plot Blue bar
 138              		.loc 1 110 0
 139 0086 C8BF     		it	gt
 140 0088 1F20     		movgt	r0, #31
 141 008a 0090     		str	r0, [sp, #0]
 142 008c 4422     		movs	r2, #68
 143 008e 2C20     		movs	r0, #44
 144 0090 0B46     		mov	r3, r1
 145 0092 FFF7FEFF 		bl	GLCD_Line
 146              	.LVL19:
 147 0096 0135     		adds	r5, r5, #1
 148 0098 E7E7     		b	.L4
 149              	.LVL20:
 150              	.L19:
  97:../Source Files/main.c **** 				for(h=0;h<=per;h++)   // plot bar graph
 151              		.loc 1 97 0
 152 009a 3C46     		mov	r4, r7
 153              	.LVL21:
 154 009c 0BE0     		b	.L5
 155              	.LVL22:
 156              	.L3:
 111:../Source Files/main.c **** 					}
 112:../Source Files/main.c **** 				}
 113:../Source Files/main.c **** 			}
 114:../Source Files/main.c **** 			y_ref=y_ref-diff;  // new y_ref
 115:../Source Files/main.c **** 		}
 116:../Source Files/main.c **** 		else if(diff>0)  // decrement bar means clear the difference
 157              		.loc 1 116 0
 158 009e 52B1     		cbz	r2, .L5
 117:../Source Files/main.c **** 		{
 118:../Source Files/main.c **** 			GLCD_LBar(1,24,y_ref,diff,1,White);
 159              		.loc 1 118 0
 160 00a0 0120     		movs	r0, #1
 161              	.LVL23:
 162 00a2 4FF6FF72 		movw	r2, #65535
 163 00a6 8DE80500 		stmia	sp, {r0, r2}
 164 00aa 1821     		movs	r1, #24
 165 00ac 22B2     		sxth	r2, r4
 166 00ae FFF7FEFF 		bl	GLCD_LBar
 167              	.LVL24:
 119:../Source Files/main.c **** 			y_ref=y_ref+diff;  // new y_ref
 168              		.loc 1 119 0
 169 00b2 3419     		adds	r4, r6, r4
 170              	.LVL25:
 171 00b4 A4B2     		uxth	r4, r4
 172              	.LVL26:
 173              	.L5:
 120:../Source Files/main.c **** 		}
 121:../Source Files/main.c **** 
 122:../Source Files/main.c **** 		prev = PercentBy2;   // store past value
 174              		.loc 1 122 0
 175 00b6 1FFA88F6 		uxth	r6, r8
 176              	.LVL27:
 123:../Source Files/main.c ****     }
 177              		.loc 1 123 0
 178 00ba ADE7     		b	.L9
 179              	.L22:
 180 00bc AFF30080 		.align	3
 181              	.L21:
 182 00c0 9A999999 		.word	-1717986918
 183 00c4 99793440 		.word	1077180825
 184 00c8 00400340 		.word	1073954816
 185              		.cfi_endproc
 186              	.LFE55:
 188              		.comm	I2C_Rx_Buf,64,1
 189              		.comm	I2C_Tx_Buf,64,1
 190              		.comm	Rx_Buf1,64,1
 191              		.comm	Tx_Buf1,64,1
 192              		.comm	TxIntStat,1,1
 193              		.comm	rb,528,4
 194              		.comm	EscFlag,2,2
 195 00cc AFF30080 		.text
 196              	.Letext0:
 197              		.file 2 "c:\\program files (x86)\\gnu tools arm embedded\\4.7 2013q2\\bin\\../lib/gcc/arm-none-eab
 198              		.file 3 "../CM3 Core/LPC17xx.h"
 199              		.file 4 "../Header Files/lpc_types.h"
 200              		.file 5 "../Header Files/lpc17xx_uart.h"
 201              		.file 6 "../Header Files/lpc17xx_adc.h"
 202              		.file 7 "../CM3 Core/core_cm3.h"
 203              		.file 8 "../Header Files/lpc17xx_ssp.h"
 204              		.file 9 "../Header Files/lpc17xx_i2c.h"
 205              		.file 10 "../Header Files/lpc_system_init.h"
 206              		.file 11 "../Header Files/lpc_ssp_glcd.h"
DEFINED SYMBOLS
                            *ABS*:00000000 main.c
C:\Users\raghav\AppData\Local\Temp\ccv97DKs.s:22     .text.startup:00000000 $t
C:\Users\raghav\AppData\Local\Temp\ccv97DKs.s:27     .text.startup:00000000 main
C:\Users\raghav\AppData\Local\Temp\ccv97DKs.s:182    .text.startup:000000c0 $d
                            *COM*:00000040 I2C_Rx_Buf
                            *COM*:00000040 I2C_Tx_Buf
                            *COM*:00000040 Rx_Buf1
                            *COM*:00000040 Tx_Buf1
                            *COM*:00000001 TxIntStat
                            *COM*:00000210 rb
                            *COM*:00000002 EscFlag
                     .debug_frame:00000010 $d
C:\Users\raghav\AppData\Local\Temp\ccv97DKs.s:195    .text.startup:000000cc $t
                           .group:00000000 wm4.1.549b84bf9d8399e395ff8216fcbb3d69
                           .group:00000000 wm4.LPC17xx.h.27.964facdaadd4aa3f18ac78c8a78f0013
                           .group:00000000 wm4.core_cm3.h.32.3cac756d6e704b813781f82afd94fa5f
                           .group:00000000 wm4.newlib.h.8.a9901dc52d1357e3e94003403d43f8b5
                           .group:00000000 wm4.features.h.22.b72b3baab2bb2eab3661375590100b6b
                           .group:00000000 wm4.config.h.193.5fb8ef056cdff92dec3dee9552839d8c
                           .group:00000000 wm4._ansi.h.23.7aefdac4826acebbfc9f3822a0aeb14c
                           .group:00000000 wm4.stdint.h.20.54ad762faa59e3c05491630641c8d8bf
                           .group:00000000 wm4.core_cmInstr.h.25.6beb15babd14c076008ec0890c26e21c
                           .group:00000000 wm4.core_cm3.h.83.1a3cb9afc687cf157efeddb3d5f3109e
                           .group:00000000 wm4.LPC17xx.h.953.82b7a9ed60bb594048bc8738cf1d3489
                           .group:00000000 wm4.lpc_types.h.32.72d58ce80fabd1a5430c6ec0500a090b
                           .group:00000000 wm4.lpc17xx_pinsel.h.30.767cda9b27a5c688cd97e5947d664047
                           .group:00000000 wm4.lpc17xx_clkpwr.h.30.8537d92ff6965961e80fda89ac5019f2
                           .group:00000000 wm4.lpc17xx_systick.h.30.9f34c15ae315a203fed1d933040ad7b9
                           .group:00000000 wm4.lpc17xx_gpio.h.30.0b884ee110dd20865784f12e1569ecf1
                           .group:00000000 wm4.lpc17xx_wdt.h.34.a2dcafab9849854019efb51f717a8129
                           .group:00000000 wm4.stdarg.h.31.b70f21342353634f7b44d85f85f13832
                           .group:00000000 wm4.lpc17xx_uart.h.58.dbba6e724b29a6214e9cafbaf3ee8a9e
                           .group:00000000 wm4.lpc17xx_ssp.h.48.cd045d667ab7b89d5d550d38997df61b
                           .group:00000000 wm4.lpc17xx_i2c.h.30.8ecc2351e7cba41135ba36b3ad45f764
                           .group:00000000 wm4.lpc_i2c_tsc2004.h.29.34082f268f216caa8d0bf2c0960ad4a6
                           .group:00000000 wm4.lpc_ssp_glcd.h.29.0f086fd3ba564c80425f085247dfad00
                           .group:00000000 wm4.lpc17xx_adc.h.30.943bee91a8c97854e4279a602f57e741

UNDEFINED SYMBOLS
__aeabi_ui2d
__aeabi_ddiv
__aeabi_d2uiz
System_Init
GLCD_Clear
Show_BarGraph
ADC_StartCmd
ADC_ChannelGetStatus
ADC_ChannelGetData
GLCD_Line
GLCD_LBar
