   1              		.syntax unified
   2              		.cpu cortex-m3
   3              		.fpu softvfp
   4              		.eabi_attribute 20, 1
   5              		.eabi_attribute 21, 1
   6              		.eabi_attribute 23, 3
   7              		.eabi_attribute 24, 1
   8              		.eabi_attribute 25, 1
   9              		.eabi_attribute 26, 1
  10              		.eabi_attribute 30, 4
  11              		.eabi_attribute 34, 1
  12              		.eabi_attribute 18, 4
  13              		.thumb
  14              		.file	"main.c"
  15              		.text
  16              	.Ltext0:
  17              		.cfi_sections	.debug_frame
  18              		.section	.text.startup,"ax",%progbits
  19              		.align	1
  20              		.global	main
  21              		.thumb
  22              		.thumb_func
  24              	main:
  25              	.LFB55:
  26              		.file 1 "../Source Files/main.c"
   1:../Source Files/main.c **** /**********************************************************************
   2:../Source Files/main.c **** * $Id$		main.c
   3:../Source Files/main.c **** *//**
   4:../Source Files/main.c **** * @file		main.c
   5:../Source Files/main.c **** * @brief	Write a program to write string with
   6:../Source Files/main.c **** *           different font style of 5x7 with size modifiable
   7:../Source Files/main.c **** * @version	1.0
   8:../Source Files/main.c **** * @date		09. Dec. 2013
   9:../Source Files/main.c **** * @author	Dwijay.Edutech Learning Solutions
  10:../Source Files/main.c **** ***********************************************************************
  11:../Source Files/main.c **** * Software that is described herein is for illustrative purposes only
  12:../Source Files/main.c **** * which provides customers with programming information regarding the
  13:../Source Files/main.c **** * products. This software is supplied "AS IS" without any warranties.
  14:../Source Files/main.c **** * NXP Semiconductors assumes no responsibility or liability for the
  15:../Source Files/main.c **** * use of the software, conveys no license or title under any patent,
  16:../Source Files/main.c **** * copyright, or mask work right to the product. NXP Semiconductors
  17:../Source Files/main.c **** * reserves the right to make changes in the software without
  18:../Source Files/main.c **** * notification. NXP Semiconductors also make no representation or
  19:../Source Files/main.c **** * warranty that such application will be suitable for the specified
  20:../Source Files/main.c **** * use without further testing or modification.
  21:../Source Files/main.c **** **********************************************************************/
  22:../Source Files/main.c **** #include "lpc_system_init.h"
  23:../Source Files/main.c **** #include "Font_5x7.h"
  24:../Source Files/main.c **** 
  25:../Source Files/main.c **** /* Example group ----------------------------------------------------------- */
  26:../Source Files/main.c **** /** @defgroup TGLCD
  27:../Source Files/main.c ****  * @ingroup TGLCD_Examples
  28:../Source Files/main.c ****  * @{
  29:../Source Files/main.c ****  */
  30:../Source Files/main.c **** 
  31:../Source Files/main.c **** 
  32:../Source Files/main.c **** /*-------------------------PRIVATE Variables------------------------------*/
  33:../Source Files/main.c **** 
  34:../Source Files/main.c **** 
  35:../Source Files/main.c **** /*-------------------------MAIN Page------------------------------*/
  36:../Source Files/main.c **** /** @mainpage GLCD Test Example
  37:../Source Files/main.c **** *   @par Description:
  38:../Source Files/main.c **** *   - write string with different font style of 5x7 with size modifiable
  39:../Source Files/main.c **** *
  40:../Source Files/main.c **** *   @par Activity - more information:
  41:../Source Files/main.c **** *   - Connect GLCD with EPB1768 and observe string drawn on TFT
  42:../Source Files/main.c **** */
  43:../Source Files/main.c **** /*-------------------------MAIN FUNCTION------------------------------*/
  44:../Source Files/main.c **** /*********************************************************************//**
  45:../Source Files/main.c ****  * @brief	Main GLCD testing example sub-routine
  46:../Source Files/main.c ****  **********************************************************************/
  47:../Source Files/main.c **** 
  48:../Source Files/main.c **** /* With ARM and GHS toolsets, the entry point is main() - this will
  49:../Source Files/main.c ****    allow the linker to generate wrapper code to setup stacks, allocate
  50:../Source Files/main.c ****    heap area, and initialize and copy code and data segments. For GNU
  51:../Source Files/main.c ****    toolsets, the entry point is through __start() in the crt0_gnu.asm
  52:../Source Files/main.c ****    file, and that startup code will setup stacks and data */
  53:../Source Files/main.c **** int main(void)
  54:../Source Files/main.c **** {
  27              		.loc 1 54 0
  28              		.cfi_startproc
  29              		@ Volatile: function does not return.
  30              		@ args = 0, pretend = 0, frame = 0
  31              		@ frame_needed = 0, uses_anonymous_args = 0
  32 0000 1FB5     		push	{r0, r1, r2, r3, r4, lr}
  33              	.LCFI0:
  34              		.cfi_def_cfa_offset 24
  35              		.cfi_offset 0, -24
  36              		.cfi_offset 1, -20
  37              		.cfi_offset 2, -16
  38              		.cfi_offset 3, -12
  39              		.cfi_offset 4, -8
  40              		.cfi_offset 14, -4
  55:../Source Files/main.c **** 	System_Init();                        // Initialize System
  41              		.loc 1 55 0
  42 0002 FFF7FEFF 		bl	System_Init
  43              	.LVL0:
  56:../Source Files/main.c **** 
  57:../Source Files/main.c **** 	GLCD_Clear(White);
  44              		.loc 1 57 0
  45 0006 4FF6FF70 		movw	r0, #65535
  46 000a FFF7FEFF 		bl	GLCD_Clear
  47              	.LVL1:
  58:../Source Files/main.c **** 	GLCD_Text(15,20,"Edutech",5,7,default5x7,1,Black);
  48              		.loc 1 58 0
  49 000e 0748     		ldr	r0, .L4
  50 0010 0723     		movs	r3, #7
  51 0012 0121     		movs	r1, #1
  52 0014 0022     		movs	r2, #0
  53 0016 0093     		str	r3, [sp, #0]
  54 0018 0190     		str	r0, [sp, #4]
  55 001a 0291     		str	r1, [sp, #8]
  56 001c 0392     		str	r2, [sp, #12]
  57 001e 0F20     		movs	r0, #15
  58 0020 1421     		movs	r1, #20
  59 0022 034A     		ldr	r2, .L4+4
  60 0024 0523     		movs	r3, #5
  61 0026 FFF7FEFF 		bl	GLCD_Text
  62              	.LVL2:
  63              	.L2:
  64 002a FEE7     		b	.L2
  65              	.L5:
  66              		.align	2
  67              	.L4:
  68 002c 00000000 		.word	.LANCHOR0
  69 0030 00000000 		.word	.LC0
  70              		.cfi_endproc
  71              	.LFE55:
  73              		.global	default5x7
  74              		.comm	I2C_Rx_Buf,64,1
  75              		.comm	I2C_Tx_Buf,64,1
  76              		.comm	Rx_Buf1,64,1
  77              		.comm	Tx_Buf1,64,1
  78              		.comm	TxIntStat,1,1
  79              		.comm	rb,528,4
  80              		.comm	EscFlag,2,2
  81              		.section	.rodata
  82              		.set	.LANCHOR0,. + 0
  85              	default5x7:
  86 0000 00       		.byte	0
  87 0001 00       		.byte	0
  88 0002 00       		.byte	0
  89 0003 00       		.byte	0
  90 0004 00       		.byte	0
  91 0005 00       		.byte	0
  92 0006 00       		.byte	0
  93 0007 5F       		.byte	95
  94 0008 00       		.byte	0
  95 0009 00       		.byte	0
  96 000a 00       		.byte	0
  97 000b 03       		.byte	3
  98 000c 00       		.byte	0
  99 000d 03       		.byte	3
 100 000e 00       		.byte	0
 101 000f 14       		.byte	20
 102 0010 3E       		.byte	62
 103 0011 14       		.byte	20
 104 0012 3E       		.byte	62
 105 0013 14       		.byte	20
 106 0014 24       		.byte	36
 107 0015 2A       		.byte	42
 108 0016 7F       		.byte	127
 109 0017 2A       		.byte	42
 110 0018 12       		.byte	18
 111 0019 43       		.byte	67
 112 001a 33       		.byte	51
 113 001b 08       		.byte	8
 114 001c 66       		.byte	102
 115 001d 61       		.byte	97
 116 001e 36       		.byte	54
 117 001f 49       		.byte	73
 118 0020 55       		.byte	85
 119 0021 22       		.byte	34
 120 0022 50       		.byte	80
 121 0023 00       		.byte	0
 122 0024 05       		.byte	5
 123 0025 03       		.byte	3
 124 0026 00       		.byte	0
 125 0027 00       		.byte	0
 126 0028 00       		.byte	0
 127 0029 1C       		.byte	28
 128 002a 22       		.byte	34
 129 002b 41       		.byte	65
 130 002c 00       		.byte	0
 131 002d 00       		.byte	0
 132 002e 41       		.byte	65
 133 002f 22       		.byte	34
 134 0030 1C       		.byte	28
 135 0031 00       		.byte	0
 136 0032 14       		.byte	20
 137 0033 08       		.byte	8
 138 0034 3E       		.byte	62
 139 0035 08       		.byte	8
 140 0036 14       		.byte	20
 141 0037 08       		.byte	8
 142 0038 08       		.byte	8
 143 0039 3E       		.byte	62
 144 003a 08       		.byte	8
 145 003b 08       		.byte	8
 146 003c 00       		.byte	0
 147 003d 50       		.byte	80
 148 003e 30       		.byte	48
 149 003f 00       		.byte	0
 150 0040 00       		.byte	0
 151 0041 08       		.byte	8
 152 0042 08       		.byte	8
 153 0043 08       		.byte	8
 154 0044 08       		.byte	8
 155 0045 08       		.byte	8
 156 0046 00       		.byte	0
 157 0047 60       		.byte	96
 158 0048 60       		.byte	96
 159 0049 00       		.byte	0
 160 004a 00       		.byte	0
 161 004b 20       		.byte	32
 162 004c 10       		.byte	16
 163 004d 08       		.byte	8
 164 004e 04       		.byte	4
 165 004f 02       		.byte	2
 166 0050 3E       		.byte	62
 167 0051 51       		.byte	81
 168 0052 49       		.byte	73
 169 0053 45       		.byte	69
 170 0054 3E       		.byte	62
 171 0055 04       		.byte	4
 172 0056 02       		.byte	2
 173 0057 7F       		.byte	127
 174 0058 00       		.byte	0
 175 0059 00       		.byte	0
 176 005a 42       		.byte	66
 177 005b 61       		.byte	97
 178 005c 51       		.byte	81
 179 005d 49       		.byte	73
 180 005e 46       		.byte	70
 181 005f 22       		.byte	34
 182 0060 41       		.byte	65
 183 0061 49       		.byte	73
 184 0062 49       		.byte	73
 185 0063 36       		.byte	54
 186 0064 18       		.byte	24
 187 0065 14       		.byte	20
 188 0066 12       		.byte	18
 189 0067 7F       		.byte	127
 190 0068 10       		.byte	16
 191 0069 27       		.byte	39
 192 006a 45       		.byte	69
 193 006b 45       		.byte	69
 194 006c 45       		.byte	69
 195 006d 39       		.byte	57
 196 006e 3E       		.byte	62
 197 006f 49       		.byte	73
 198 0070 49       		.byte	73
 199 0071 49       		.byte	73
 200 0072 32       		.byte	50
 201 0073 01       		.byte	1
 202 0074 01       		.byte	1
 203 0075 71       		.byte	113
 204 0076 09       		.byte	9
 205 0077 07       		.byte	7
 206 0078 36       		.byte	54
 207 0079 49       		.byte	73
 208 007a 49       		.byte	73
 209 007b 49       		.byte	73
 210 007c 36       		.byte	54
 211 007d 26       		.byte	38
 212 007e 49       		.byte	73
 213 007f 49       		.byte	73
 214 0080 49       		.byte	73
 215 0081 3E       		.byte	62
 216 0082 00       		.byte	0
 217 0083 36       		.byte	54
 218 0084 36       		.byte	54
 219 0085 00       		.byte	0
 220 0086 00       		.byte	0
 221 0087 00       		.byte	0
 222 0088 56       		.byte	86
 223 0089 36       		.byte	54
 224 008a 00       		.byte	0
 225 008b 00       		.byte	0
 226 008c 08       		.byte	8
 227 008d 14       		.byte	20
 228 008e 22       		.byte	34
 229 008f 41       		.byte	65
 230 0090 00       		.byte	0
 231 0091 14       		.byte	20
 232 0092 14       		.byte	20
 233 0093 14       		.byte	20
 234 0094 14       		.byte	20
 235 0095 14       		.byte	20
 236 0096 00       		.byte	0
 237 0097 41       		.byte	65
 238 0098 22       		.byte	34
 239 0099 14       		.byte	20
 240 009a 08       		.byte	8
 241 009b 02       		.byte	2
 242 009c 01       		.byte	1
 243 009d 51       		.byte	81
 244 009e 09       		.byte	9
 245 009f 06       		.byte	6
 246 00a0 3E       		.byte	62
 247 00a1 41       		.byte	65
 248 00a2 59       		.byte	89
 249 00a3 55       		.byte	85
 250 00a4 5E       		.byte	94
 251 00a5 7E       		.byte	126
 252 00a6 09       		.byte	9
 253 00a7 09       		.byte	9
 254 00a8 09       		.byte	9
 255 00a9 7E       		.byte	126
 256 00aa 7F       		.byte	127
 257 00ab 49       		.byte	73
 258 00ac 49       		.byte	73
 259 00ad 49       		.byte	73
 260 00ae 36       		.byte	54
 261 00af 3E       		.byte	62
 262 00b0 41       		.byte	65
 263 00b1 41       		.byte	65
 264 00b2 41       		.byte	65
 265 00b3 22       		.byte	34
 266 00b4 7F       		.byte	127
 267 00b5 41       		.byte	65
 268 00b6 41       		.byte	65
 269 00b7 41       		.byte	65
 270 00b8 3E       		.byte	62
 271 00b9 7F       		.byte	127
 272 00ba 49       		.byte	73
 273 00bb 49       		.byte	73
 274 00bc 49       		.byte	73
 275 00bd 41       		.byte	65
 276 00be 7F       		.byte	127
 277 00bf 09       		.byte	9
 278 00c0 09       		.byte	9
 279 00c1 09       		.byte	9
 280 00c2 01       		.byte	1
 281 00c3 3E       		.byte	62
 282 00c4 41       		.byte	65
 283 00c5 41       		.byte	65
 284 00c6 49       		.byte	73
 285 00c7 3A       		.byte	58
 286 00c8 7F       		.byte	127
 287 00c9 08       		.byte	8
 288 00ca 08       		.byte	8
 289 00cb 08       		.byte	8
 290 00cc 7F       		.byte	127
 291 00cd 00       		.byte	0
 292 00ce 41       		.byte	65
 293 00cf 7F       		.byte	127
 294 00d0 41       		.byte	65
 295 00d1 00       		.byte	0
 296 00d2 30       		.byte	48
 297 00d3 40       		.byte	64
 298 00d4 40       		.byte	64
 299 00d5 40       		.byte	64
 300 00d6 3F       		.byte	63
 301 00d7 7F       		.byte	127
 302 00d8 08       		.byte	8
 303 00d9 14       		.byte	20
 304 00da 22       		.byte	34
 305 00db 41       		.byte	65
 306 00dc 7F       		.byte	127
 307 00dd 40       		.byte	64
 308 00de 40       		.byte	64
 309 00df 40       		.byte	64
 310 00e0 40       		.byte	64
 311 00e1 7F       		.byte	127
 312 00e2 02       		.byte	2
 313 00e3 0C       		.byte	12
 314 00e4 02       		.byte	2
 315 00e5 7F       		.byte	127
 316 00e6 7F       		.byte	127
 317 00e7 02       		.byte	2
 318 00e8 04       		.byte	4
 319 00e9 08       		.byte	8
 320 00ea 7F       		.byte	127
 321 00eb 3E       		.byte	62
 322 00ec 41       		.byte	65
 323 00ed 41       		.byte	65
 324 00ee 41       		.byte	65
 325 00ef 3E       		.byte	62
 326 00f0 7F       		.byte	127
 327 00f1 09       		.byte	9
 328 00f2 09       		.byte	9
 329 00f3 09       		.byte	9
 330 00f4 06       		.byte	6
 331 00f5 1E       		.byte	30
 332 00f6 21       		.byte	33
 333 00f7 21       		.byte	33
 334 00f8 21       		.byte	33
 335 00f9 5E       		.byte	94
 336 00fa 7F       		.byte	127
 337 00fb 09       		.byte	9
 338 00fc 09       		.byte	9
 339 00fd 09       		.byte	9
 340 00fe 76       		.byte	118
 341 00ff 26       		.byte	38
 342 0100 49       		.byte	73
 343 0101 49       		.byte	73
 344 0102 49       		.byte	73
 345 0103 32       		.byte	50
 346 0104 01       		.byte	1
 347 0105 01       		.byte	1
 348 0106 7F       		.byte	127
 349 0107 01       		.byte	1
 350 0108 01       		.byte	1
 351 0109 3F       		.byte	63
 352 010a 40       		.byte	64
 353 010b 40       		.byte	64
 354 010c 40       		.byte	64
 355 010d 3F       		.byte	63
 356 010e 1F       		.byte	31
 357 010f 20       		.byte	32
 358 0110 40       		.byte	64
 359 0111 20       		.byte	32
 360 0112 1F       		.byte	31
 361 0113 7F       		.byte	127
 362 0114 20       		.byte	32
 363 0115 10       		.byte	16
 364 0116 20       		.byte	32
 365 0117 7F       		.byte	127
 366 0118 41       		.byte	65
 367 0119 22       		.byte	34
 368 011a 1C       		.byte	28
 369 011b 22       		.byte	34
 370 011c 41       		.byte	65
 371 011d 07       		.byte	7
 372 011e 08       		.byte	8
 373 011f 70       		.byte	112
 374 0120 08       		.byte	8
 375 0121 07       		.byte	7
 376 0122 61       		.byte	97
 377 0123 51       		.byte	81
 378 0124 49       		.byte	73
 379 0125 45       		.byte	69
 380 0126 43       		.byte	67
 381 0127 00       		.byte	0
 382 0128 7F       		.byte	127
 383 0129 41       		.byte	65
 384 012a 00       		.byte	0
 385 012b 00       		.byte	0
 386 012c 02       		.byte	2
 387 012d 04       		.byte	4
 388 012e 08       		.byte	8
 389 012f 10       		.byte	16
 390 0130 20       		.byte	32
 391 0131 00       		.byte	0
 392 0132 00       		.byte	0
 393 0133 41       		.byte	65
 394 0134 7F       		.byte	127
 395 0135 00       		.byte	0
 396 0136 04       		.byte	4
 397 0137 02       		.byte	2
 398 0138 01       		.byte	1
 399 0139 02       		.byte	2
 400 013a 04       		.byte	4
 401 013b 40       		.byte	64
 402 013c 40       		.byte	64
 403 013d 40       		.byte	64
 404 013e 40       		.byte	64
 405 013f 40       		.byte	64
 406 0140 00       		.byte	0
 407 0141 01       		.byte	1
 408 0142 02       		.byte	2
 409 0143 04       		.byte	4
 410 0144 00       		.byte	0
 411 0145 20       		.byte	32
 412 0146 54       		.byte	84
 413 0147 54       		.byte	84
 414 0148 54       		.byte	84
 415 0149 78       		.byte	120
 416 014a 7F       		.byte	127
 417 014b 44       		.byte	68
 418 014c 44       		.byte	68
 419 014d 44       		.byte	68
 420 014e 38       		.byte	56
 421 014f 38       		.byte	56
 422 0150 44       		.byte	68
 423 0151 44       		.byte	68
 424 0152 44       		.byte	68
 425 0153 44       		.byte	68
 426 0154 38       		.byte	56
 427 0155 44       		.byte	68
 428 0156 44       		.byte	68
 429 0157 44       		.byte	68
 430 0158 7F       		.byte	127
 431 0159 38       		.byte	56
 432 015a 54       		.byte	84
 433 015b 54       		.byte	84
 434 015c 54       		.byte	84
 435 015d 18       		.byte	24
 436 015e 04       		.byte	4
 437 015f 04       		.byte	4
 438 0160 7E       		.byte	126
 439 0161 05       		.byte	5
 440 0162 05       		.byte	5
 441 0163 08       		.byte	8
 442 0164 54       		.byte	84
 443 0165 54       		.byte	84
 444 0166 54       		.byte	84
 445 0167 3C       		.byte	60
 446 0168 7F       		.byte	127
 447 0169 08       		.byte	8
 448 016a 04       		.byte	4
 449 016b 04       		.byte	4
 450 016c 78       		.byte	120
 451 016d 00       		.byte	0
 452 016e 44       		.byte	68
 453 016f 7D       		.byte	125
 454 0170 40       		.byte	64
 455 0171 00       		.byte	0
 456 0172 20       		.byte	32
 457 0173 40       		.byte	64
 458 0174 44       		.byte	68
 459 0175 3D       		.byte	61
 460 0176 00       		.byte	0
 461 0177 7F       		.byte	127
 462 0178 10       		.byte	16
 463 0179 28       		.byte	40
 464 017a 44       		.byte	68
 465 017b 00       		.byte	0
 466 017c 00       		.byte	0
 467 017d 41       		.byte	65
 468 017e 7F       		.byte	127
 469 017f 40       		.byte	64
 470 0180 00       		.byte	0
 471 0181 7C       		.byte	124
 472 0182 04       		.byte	4
 473 0183 78       		.byte	120
 474 0184 04       		.byte	4
 475 0185 78       		.byte	120
 476 0186 7C       		.byte	124
 477 0187 08       		.byte	8
 478 0188 04       		.byte	4
 479 0189 04       		.byte	4
 480 018a 78       		.byte	120
 481 018b 38       		.byte	56
 482 018c 44       		.byte	68
 483 018d 44       		.byte	68
 484 018e 44       		.byte	68
 485 018f 38       		.byte	56
 486 0190 7C       		.byte	124
 487 0191 14       		.byte	20
 488 0192 14       		.byte	20
 489 0193 14       		.byte	20
 490 0194 08       		.byte	8
 491 0195 08       		.byte	8
 492 0196 14       		.byte	20
 493 0197 14       		.byte	20
 494 0198 14       		.byte	20
 495 0199 7C       		.byte	124
 496 019a 00       		.byte	0
 497 019b 7C       		.byte	124
 498 019c 08       		.byte	8
 499 019d 04       		.byte	4
 500 019e 04       		.byte	4
 501 019f 48       		.byte	72
 502 01a0 54       		.byte	84
 503 01a1 54       		.byte	84
 504 01a2 54       		.byte	84
 505 01a3 20       		.byte	32
 506 01a4 04       		.byte	4
 507 01a5 04       		.byte	4
 508 01a6 3F       		.byte	63
 509 01a7 44       		.byte	68
 510 01a8 44       		.byte	68
 511 01a9 3C       		.byte	60
 512 01aa 40       		.byte	64
 513 01ab 40       		.byte	64
 514 01ac 20       		.byte	32
 515 01ad 7C       		.byte	124
 516 01ae 1C       		.byte	28
 517 01af 20       		.byte	32
 518 01b0 40       		.byte	64
 519 01b1 20       		.byte	32
 520 01b2 1C       		.byte	28
 521 01b3 3C       		.byte	60
 522 01b4 40       		.byte	64
 523 01b5 30       		.byte	48
 524 01b6 40       		.byte	64
 525 01b7 3C       		.byte	60
 526 01b8 44       		.byte	68
 527 01b9 28       		.byte	40
 528 01ba 10       		.byte	16
 529 01bb 28       		.byte	40
 530 01bc 44       		.byte	68
 531 01bd 0C       		.byte	12
 532 01be 50       		.byte	80
 533 01bf 50       		.byte	80
 534 01c0 50       		.byte	80
 535 01c1 3C       		.byte	60
 536 01c2 44       		.byte	68
 537 01c3 64       		.byte	100
 538 01c4 54       		.byte	84
 539 01c5 4C       		.byte	76
 540 01c6 44       		.byte	68
 541 01c7 00       		.byte	0
 542 01c8 08       		.byte	8
 543 01c9 36       		.byte	54
 544 01ca 41       		.byte	65
 545 01cb 41       		.byte	65
 546 01cc 00       		.byte	0
 547 01cd 00       		.byte	0
 548 01ce 7F       		.byte	127
 549 01cf 00       		.byte	0
 550 01d0 00       		.byte	0
 551 01d1 41       		.byte	65
 552 01d2 41       		.byte	65
 553 01d3 36       		.byte	54
 554 01d4 08       		.byte	8
 555 01d5 00       		.byte	0
 556 01d6 02       		.byte	2
 557 01d7 01       		.byte	1
 558 01d8 02       		.byte	2
 559 01d9 04       		.byte	4
 560 01da 02       		.byte	2
 561 01db 00000000 		.space	5
 561      00
 562              		.section	.rodata.str1.1,"aMS",%progbits,1
 563              	.LC0:
 564 0000 45647574 		.ascii	"Edutech\000"
 564      65636800 
 565              		.text
 566              	.Letext0:
 567              		.file 2 "c:\\program files (x86)\\gnu tools arm embedded\\4.7 2013q2\\bin\\../lib/gcc/arm-none-eab
 568              		.file 3 "../Header Files/lpc_types.h"
 569              		.file 4 "../Header Files/lpc17xx_uart.h"
 570              		.file 5 "../CM3 Core/core_cm3.h"
 571              		.file 6 "../Header Files/lpc17xx_ssp.h"
 572              		.file 7 "../Header Files/lpc17xx_i2c.h"
 573              		.file 8 "../Header Files/Font_5x7.h"
 574              		.file 9 "../Header Files/lpc_ssp_glcd.h"
 575              		.file 10 "../Header Files/lpc_system_init.h"
DEFINED SYMBOLS
                            *ABS*:00000000 main.c
C:\Users\raghav\AppData\Local\Temp\cct2k8Hn.s:19     .text.startup:00000000 $t
C:\Users\raghav\AppData\Local\Temp\cct2k8Hn.s:24     .text.startup:00000000 main
C:\Users\raghav\AppData\Local\Temp\cct2k8Hn.s:68     .text.startup:0000002c $d
C:\Users\raghav\AppData\Local\Temp\cct2k8Hn.s:85     .rodata:00000000 default5x7
                            *COM*:00000040 I2C_Rx_Buf
                            *COM*:00000040 I2C_Tx_Buf
                            *COM*:00000040 Rx_Buf1
                            *COM*:00000040 Tx_Buf1
                            *COM*:00000001 TxIntStat
                            *COM*:00000210 rb
                            *COM*:00000002 EscFlag
C:\Users\raghav\AppData\Local\Temp\cct2k8Hn.s:561    .rodata:000001db $d
                     .debug_frame:00000010 $d
                           .group:00000000 wm4.1.549b84bf9d8399e395ff8216fcbb3d69
                           .group:00000000 wm4.LPC17xx.h.27.964facdaadd4aa3f18ac78c8a78f0013
                           .group:00000000 wm4.core_cm3.h.32.3cac756d6e704b813781f82afd94fa5f
                           .group:00000000 wm4.newlib.h.8.a9901dc52d1357e3e94003403d43f8b5
                           .group:00000000 wm4.features.h.22.b72b3baab2bb2eab3661375590100b6b
                           .group:00000000 wm4.config.h.193.5fb8ef056cdff92dec3dee9552839d8c
                           .group:00000000 wm4._ansi.h.23.7aefdac4826acebbfc9f3822a0aeb14c
                           .group:00000000 wm4.stdint.h.20.54ad762faa59e3c05491630641c8d8bf
                           .group:00000000 wm4.core_cmInstr.h.25.6beb15babd14c076008ec0890c26e21c
                           .group:00000000 wm4.core_cm3.h.83.1a3cb9afc687cf157efeddb3d5f3109e
                           .group:00000000 wm4.LPC17xx.h.953.82b7a9ed60bb594048bc8738cf1d3489
                           .group:00000000 wm4.lpc_types.h.32.72d58ce80fabd1a5430c6ec0500a090b
                           .group:00000000 wm4.lpc17xx_pinsel.h.30.767cda9b27a5c688cd97e5947d664047
                           .group:00000000 wm4.lpc17xx_clkpwr.h.30.8537d92ff6965961e80fda89ac5019f2
                           .group:00000000 wm4.lpc17xx_systick.h.30.9f34c15ae315a203fed1d933040ad7b9
                           .group:00000000 wm4.lpc17xx_gpio.h.30.0b884ee110dd20865784f12e1569ecf1
                           .group:00000000 wm4.lpc17xx_wdt.h.34.a2dcafab9849854019efb51f717a8129
                           .group:00000000 wm4.stdarg.h.31.b70f21342353634f7b44d85f85f13832
                           .group:00000000 wm4.lpc17xx_uart.h.58.dbba6e724b29a6214e9cafbaf3ee8a9e
                           .group:00000000 wm4.lpc17xx_ssp.h.48.cd045d667ab7b89d5d550d38997df61b
                           .group:00000000 wm4.lpc17xx_i2c.h.30.8ecc2351e7cba41135ba36b3ad45f764
                           .group:00000000 wm4.lpc_i2c_tsc2004.h.29.34082f268f216caa8d0bf2c0960ad4a6
                           .group:00000000 wm4.lpc_ssp_glcd.h.29.0f086fd3ba564c80425f085247dfad00

UNDEFINED SYMBOLS
System_Init
GLCD_Clear
GLCD_Text
