   1              		.syntax unified
   2              		.cpu cortex-m3
   3              		.fpu softvfp
   4              		.eabi_attribute 20, 1
   5              		.eabi_attribute 21, 1
   6              		.eabi_attribute 23, 3
   7              		.eabi_attribute 24, 1
   8              		.eabi_attribute 25, 1
   9              		.eabi_attribute 26, 1
  10              		.eabi_attribute 30, 4
  11              		.eabi_attribute 34, 1
  12              		.eabi_attribute 18, 4
  13              		.thumb
  14              		.file	"main.c"
  15              		.text
  16              	.Ltext0:
  17              		.cfi_sections	.debug_frame
  18              		.section	.text.startup,"ax",%progbits
  19              		.align	1
  20              		.global	main
  21              		.thumb
  22              		.thumb_func
  24              	main:
  25              	.LFB55:
  26              		.file 1 "../Source Files/main.c"
   1:../Source Files/main.c **** /**********************************************************************
   2:../Source Files/main.c **** * $Id$		main.c
   3:../Source Files/main.c **** *//**
   4:../Source Files/main.c **** * @file		main.c
   5:../Source Files/main.c **** * @brief	Write a program of Photo Album with option to
   6:../Source Files/main.c **** *           change photo by sliding left or right on GLCD
   7:../Source Files/main.c **** * @version	1.0
   8:../Source Files/main.c **** * @date		09. Dec. 2013
   9:../Source Files/main.c **** * @author	Dwijay.Edutech Learning Solutions
  10:../Source Files/main.c **** ***********************************************************************
  11:../Source Files/main.c **** * Software that is described herein is for illustrative purposes only
  12:../Source Files/main.c **** * which provides customers with programming information regarding the
  13:../Source Files/main.c **** * products. This software is supplied "AS IS" without any warranties.
  14:../Source Files/main.c **** * NXP Semiconductors assumes no responsibility or liability for the
  15:../Source Files/main.c **** * use of the software, conveys no license or title under any patent,
  16:../Source Files/main.c **** * copyright, or mask work right to the product. NXP Semiconductors
  17:../Source Files/main.c **** * reserves the right to make changes in the software without
  18:../Source Files/main.c **** * notification. NXP Semiconductors also make no representation or
  19:../Source Files/main.c **** * warranty that such application will be suitable for the specified
  20:../Source Files/main.c **** * use without further testing or modification.
  21:../Source Files/main.c **** **********************************************************************/
  22:../Source Files/main.c **** #include "lpc_system_init.h"
  23:../Source Files/main.c **** 
  24:../Source Files/main.c **** /* Example group ----------------------------------------------------------- */
  25:../Source Files/main.c **** /** @defgroup TGLCD
  26:../Source Files/main.c ****  * @ingroup TGLCD_Examples
  27:../Source Files/main.c ****  * @{
  28:../Source Files/main.c ****  */
  29:../Source Files/main.c **** 
  30:../Source Files/main.c **** 
  31:../Source Files/main.c **** /*-------------------------PRIVATE Variables------------------------------*/
  32:../Source Files/main.c **** 
  33:../Source Files/main.c **** 
  34:../Source Files/main.c **** /*-------------------------MAIN Page------------------------------*/
  35:../Source Files/main.c **** /** @mainpage TGLCD Test Example
  36:../Source Files/main.c **** *   @par Description:
  37:../Source Files/main.c **** *   - Use touch screen to detect slide direction and
  38:../Source Files/main.c **** *     change image on GLDC accordingly
  39:../Source Files/main.c **** *
  40:../Source Files/main.c **** *   @par Activity - more information:
  41:../Source Files/main.c **** *   - Connect TGLCD to EPB1768 and as you slide left or right image will
  42:../Source Files/main.c **** *     change accordingly
  43:../Source Files/main.c **** */
  44:../Source Files/main.c **** /*-------------------------MAIN FUNCTION------------------------------*/
  45:../Source Files/main.c **** /*********************************************************************//**
  46:../Source Files/main.c ****  * @brief	Main TGLCD testing example sub-routine
  47:../Source Files/main.c ****  **********************************************************************/
  48:../Source Files/main.c **** 
  49:../Source Files/main.c **** /* With ARM and GHS toolsets, the entry point is main() - this will
  50:../Source Files/main.c ****    allow the linker to generate wrapper code to setup stacks, allocate
  51:../Source Files/main.c ****    heap area, and initialize and copy code and data segments. For GNU
  52:../Source Files/main.c ****    toolsets, the entry point is through __start() in the crt0_gnu.asm
  53:../Source Files/main.c ****    file, and that startup code will setup stacks and data */
  54:../Source Files/main.c **** int main(void)
  55:../Source Files/main.c **** {
  27              		.loc 1 55 0
  28              		.cfi_startproc
  29              		@ Volatile: function does not return.
  30              		@ args = 0, pretend = 0, frame = 0
  31              		@ frame_needed = 0, uses_anonymous_args = 0
  32 0000 08B5     		push	{r3, lr}
  33              	.LCFI0:
  34              		.cfi_def_cfa_offset 8
  35              		.cfi_offset 3, -8
  36              		.cfi_offset 14, -4
  56:../Source Files/main.c **** 	System_Init();                        // Initialize System
  37              		.loc 1 56 0
  38 0002 FFF7FEFF 		bl	System_Init
  39              	.LVL0:
  57:../Source Files/main.c **** 
  58:../Source Files/main.c ****     TSC2004_Slide_Test ();                // Photo Album slide effect
  40              		.loc 1 58 0
  41 0006 FFF7FEFF 		bl	TSC2004_Slide_Test
  42              	.LVL1:
  43              	.L2:
  44 000a FEE7     		b	.L2
  45              		.cfi_endproc
  46              	.LFE55:
  48              		.comm	I2C_Rx_Buf,64,1
  49              		.comm	I2C_Tx_Buf,64,1
  50              		.comm	Rx_Buf1,64,1
  51              		.comm	Tx_Buf1,64,1
  52              		.comm	TxIntStat,1,1
  53              		.comm	rb,528,4
  54              		.comm	EscFlag,2,2
  55              		.text
  56              	.Letext0:
  57              		.file 2 "c:\\program files (x86)\\gnu tools arm embedded\\4.7 2013q2\\bin\\../lib/gcc/arm-none-eab
  58              		.file 3 "../Header Files/lpc_types.h"
  59              		.file 4 "../Header Files/lpc17xx_uart.h"
  60              		.file 5 "../CM3 Core/core_cm3.h"
  61              		.file 6 "../Header Files/lpc17xx_ssp.h"
  62              		.file 7 "../Header Files/lpc17xx_i2c.h"
  63              		.file 8 "../Header Files/lpc_system_init.h"
  64              		.file 9 "../Header Files/lpc_i2c_tsc2004.h"
DEFINED SYMBOLS
                            *ABS*:00000000 main.c
C:\Users\raghav\AppData\Local\Temp\cczp8ume.s:19     .text.startup:00000000 $t
C:\Users\raghav\AppData\Local\Temp\cczp8ume.s:24     .text.startup:00000000 main
                            *COM*:00000040 I2C_Rx_Buf
                            *COM*:00000040 I2C_Tx_Buf
                            *COM*:00000040 Rx_Buf1
                            *COM*:00000040 Tx_Buf1
                            *COM*:00000001 TxIntStat
                            *COM*:00000210 rb
                            *COM*:00000002 EscFlag
                     .debug_frame:00000010 $d
                           .group:00000000 wm4.1.549b84bf9d8399e395ff8216fcbb3d69
                           .group:00000000 wm4.LPC17xx.h.27.964facdaadd4aa3f18ac78c8a78f0013
                           .group:00000000 wm4.core_cm3.h.32.3cac756d6e704b813781f82afd94fa5f
                           .group:00000000 wm4.newlib.h.8.a9901dc52d1357e3e94003403d43f8b5
                           .group:00000000 wm4.features.h.22.b72b3baab2bb2eab3661375590100b6b
                           .group:00000000 wm4.config.h.193.5fb8ef056cdff92dec3dee9552839d8c
                           .group:00000000 wm4._ansi.h.23.7aefdac4826acebbfc9f3822a0aeb14c
                           .group:00000000 wm4.stdint.h.20.54ad762faa59e3c05491630641c8d8bf
                           .group:00000000 wm4.core_cmInstr.h.25.6beb15babd14c076008ec0890c26e21c
                           .group:00000000 wm4.core_cm3.h.83.1a3cb9afc687cf157efeddb3d5f3109e
                           .group:00000000 wm4.LPC17xx.h.953.82b7a9ed60bb594048bc8738cf1d3489
                           .group:00000000 wm4.lpc_types.h.32.72d58ce80fabd1a5430c6ec0500a090b
                           .group:00000000 wm4.lpc17xx_pinsel.h.30.767cda9b27a5c688cd97e5947d664047
                           .group:00000000 wm4.lpc17xx_clkpwr.h.30.8537d92ff6965961e80fda89ac5019f2
                           .group:00000000 wm4.lpc17xx_systick.h.30.9f34c15ae315a203fed1d933040ad7b9
                           .group:00000000 wm4.lpc17xx_gpio.h.30.0b884ee110dd20865784f12e1569ecf1
                           .group:00000000 wm4.lpc17xx_wdt.h.34.a2dcafab9849854019efb51f717a8129
                           .group:00000000 wm4.stdarg.h.31.b70f21342353634f7b44d85f85f13832
                           .group:00000000 wm4.lpc17xx_uart.h.58.dbba6e724b29a6214e9cafbaf3ee8a9e
                           .group:00000000 wm4.lpc17xx_ssp.h.48.cd045d667ab7b89d5d550d38997df61b
                           .group:00000000 wm4.lpc17xx_i2c.h.30.8ecc2351e7cba41135ba36b3ad45f764
                           .group:00000000 wm4.lpc_i2c_tsc2004.h.29.34082f268f216caa8d0bf2c0960ad4a6
                           .group:00000000 wm4.lpc_ssp_glcd.h.29.0f086fd3ba564c80425f085247dfad00

UNDEFINED SYMBOLS
System_Init
TSC2004_Slide_Test
