   1              		.syntax unified
   2              		.cpu cortex-m3
   3              		.fpu softvfp
   4              		.eabi_attribute 20, 1
   5              		.eabi_attribute 21, 1
   6              		.eabi_attribute 23, 3
   7              		.eabi_attribute 24, 1
   8              		.eabi_attribute 25, 1
   9              		.eabi_attribute 26, 1
  10              		.eabi_attribute 30, 4
  11              		.eabi_attribute 34, 1
  12              		.eabi_attribute 18, 4
  13              		.thumb
  14              		.file	"lpc_global.c"
  15              		.text
  16              	.Ltext0:
  17              		.cfi_sections	.debug_frame
  18              		.global	Pressed
  19              		.global	PacketReceived
  20              		.global	ReceiveLength
  21              		.global	RxDoneCount
  22              		.global	TxDoneCount
  23              		.global	TxFinishedCount
  24              		.global	RxFinishedCount
  25              		.global	TXErrorCount
  26              		.global	TXUnderrunCount
  27              		.global	RXErrorCount
  28              		.global	RXOverrunCount
  29              		.comm	CapVal,4,4
  30              		.comm	CapFlag,1,1
  31              		.global	status
  32              		.comm	led_delay,4,4
  33              		.bss
  34              		.align	2
  37              	Pressed:
  38 0000 00       		.space	1
  41              	PacketReceived:
  42 0001 00       		.space	1
  43 0002 0000     		.space	2
  46              	ReceiveLength:
  47 0004 00000000 		.space	4
  50              	RxDoneCount:
  51 0008 00000000 		.space	4
  54              	TxDoneCount:
  55 000c 00000000 		.space	4
  58              	TxFinishedCount:
  59 0010 00000000 		.space	4
  62              	RxFinishedCount:
  63 0014 00000000 		.space	4
  66              	TXErrorCount:
  67 0018 00000000 		.space	4
  70              	TXUnderrunCount:
  71 001c 00000000 		.space	4
  74              	RXErrorCount:
  75 0020 00000000 		.space	4
  78              	RXOverrunCount:
  79 0024 00000000 		.space	4
  82              	status:
  83 0028 00       		.space	1
  84 0029 000000   		.text
  85              	.Letext0:
  86              		.file 1 "c:\\program files\\gnu tools arm embedded\\4.7 2013q2\\bin\\../lib/gcc/arm-none-eabi/4.7.
  87              		.file 2 "C:\\E_Workspace\\LPC1768\\Eg8_TFT\\Header Files/lpc_types.h"
  88              		.file 3 "C:\\E_Workspace\\LPC1768\\Eg8_TFT\\CM3 Core/core_cm3.h"
  89              		.file 4 "../Source Files/lpc_global.c"
DEFINED SYMBOLS
                            *ABS*:00000000 lpc_global.c
C:\Users\Edu_win7\AppData\Local\Temp\cckA9kho.s:37     .bss:00000000 Pressed
C:\Users\Edu_win7\AppData\Local\Temp\cckA9kho.s:41     .bss:00000001 PacketReceived
C:\Users\Edu_win7\AppData\Local\Temp\cckA9kho.s:46     .bss:00000004 ReceiveLength
C:\Users\Edu_win7\AppData\Local\Temp\cckA9kho.s:50     .bss:00000008 RxDoneCount
C:\Users\Edu_win7\AppData\Local\Temp\cckA9kho.s:54     .bss:0000000c TxDoneCount
C:\Users\Edu_win7\AppData\Local\Temp\cckA9kho.s:58     .bss:00000010 TxFinishedCount
C:\Users\Edu_win7\AppData\Local\Temp\cckA9kho.s:62     .bss:00000014 RxFinishedCount
C:\Users\Edu_win7\AppData\Local\Temp\cckA9kho.s:66     .bss:00000018 TXErrorCount
C:\Users\Edu_win7\AppData\Local\Temp\cckA9kho.s:70     .bss:0000001c TXUnderrunCount
C:\Users\Edu_win7\AppData\Local\Temp\cckA9kho.s:74     .bss:00000020 RXErrorCount
C:\Users\Edu_win7\AppData\Local\Temp\cckA9kho.s:78     .bss:00000024 RXOverrunCount
                            *COM*:00000004 CapVal
                            *COM*:00000001 CapFlag
C:\Users\Edu_win7\AppData\Local\Temp\cckA9kho.s:82     .bss:00000028 status
                            *COM*:00000004 led_delay
C:\Users\Edu_win7\AppData\Local\Temp\cckA9kho.s:34     .bss:00000000 $d
                           .group:00000000 wm4.1.549b84bf9d8399e395ff8216fcbb3d69
                           .group:00000000 wm4.LPC17xx.h.27.964facdaadd4aa3f18ac78c8a78f0013
                           .group:00000000 wm4.core_cm3.h.32.3cac756d6e704b813781f82afd94fa5f
                           .group:00000000 wm4.newlib.h.8.a9901dc52d1357e3e94003403d43f8b5
                           .group:00000000 wm4.features.h.22.b72b3baab2bb2eab3661375590100b6b
                           .group:00000000 wm4.config.h.193.5fb8ef056cdff92dec3dee9552839d8c
                           .group:00000000 wm4._ansi.h.23.7aefdac4826acebbfc9f3822a0aeb14c
                           .group:00000000 wm4.stdint.h.20.54ad762faa59e3c05491630641c8d8bf
                           .group:00000000 wm4.core_cmInstr.h.25.6beb15babd14c076008ec0890c26e21c
                           .group:00000000 wm4.core_cm3.h.83.1a3cb9afc687cf157efeddb3d5f3109e
                           .group:00000000 wm4.LPC17xx.h.953.82b7a9ed60bb594048bc8738cf1d3489
                           .group:00000000 wm4.lpc_types.h.32.72d58ce80fabd1a5430c6ec0500a090b

NO UNDEFINED SYMBOLS
