   1              		.syntax unified
   2              		.cpu cortex-m3
   3              		.fpu softvfp
   4              		.eabi_attribute 20, 1
   5              		.eabi_attribute 21, 1
   6              		.eabi_attribute 23, 3
   7              		.eabi_attribute 24, 1
   8              		.eabi_attribute 25, 1
   9              		.eabi_attribute 26, 1
  10              		.eabi_attribute 30, 4
  11              		.eabi_attribute 34, 1
  12              		.eabi_attribute 18, 4
  13              		.thumb
  14              		.file	"main.c"
  15              		.text
  16              	.Ltext0:
  17              		.cfi_sections	.debug_frame
  18              		.section	.text.startup,"ax",%progbits
  19              		.align	1
  20              		.global	main
  21              		.thumb
  22              		.thumb_func
  24              	main:
  25              	.LFB55:
  26              		.file 1 "../Source Files/main.c"
   1:../Source Files/main.c **** /**********************************************************************
   2:../Source Files/main.c **** * $Id$		main.c
   3:../Source Files/main.c **** *//**
   4:../Source Files/main.c **** * @file		main.c
   5:../Source Files/main.c **** * @brief	Write a program to store input from virtual keypad
   6:../Source Files/main.c **** *           and display it to UART0.
   7:../Source Files/main.c **** * @version	1.0
   8:../Source Files/main.c **** * @date		09. Dec. 2013
   9:../Source Files/main.c **** * @author	Dwijay.Edutech Learning Solutions
  10:../Source Files/main.c **** ***********************************************************************
  11:../Source Files/main.c **** * Software that is described herein is for illustrative purposes only
  12:../Source Files/main.c **** * which provides customers with programming information regarding the
  13:../Source Files/main.c **** * products. This software is supplied "AS IS" without any warranties.
  14:../Source Files/main.c **** * NXP Semiconductors assumes no responsibility or liability for the
  15:../Source Files/main.c **** * use of the software, conveys no license or title under any patent,
  16:../Source Files/main.c **** * copyright, or mask work right to the product. NXP Semiconductors
  17:../Source Files/main.c **** * reserves the right to make changes in the software without
  18:../Source Files/main.c **** * notification. NXP Semiconductors also make no representation or
  19:../Source Files/main.c **** * warranty that such application will be suitable for the specified
  20:../Source Files/main.c **** * use without further testing or modification.
  21:../Source Files/main.c **** **********************************************************************/
  22:../Source Files/main.c **** #include "lpc_system_init.h"
  23:../Source Files/main.c **** 
  24:../Source Files/main.c **** /* Example group ----------------------------------------------------------- */
  25:../Source Files/main.c **** /** @defgroup TGLCD
  26:../Source Files/main.c ****  * @ingroup TGLCD_Examples
  27:../Source Files/main.c ****  * @{
  28:../Source Files/main.c ****  */
  29:../Source Files/main.c **** 
  30:../Source Files/main.c **** /*-------------------------MAIN Page------------------------------*/
  31:../Source Files/main.c **** /** @mainpage TGLCD Test Example
  32:../Source Files/main.c **** *   @par Description:
  33:../Source Files/main.c **** *   - Store input from virtual keypad and display it to UART0.
  34:../Source Files/main.c **** *
  35:../Source Files/main.c **** *   @par Activity - more information:
  36:../Source Files/main.c **** *   - Connect TGLCD to EPB1768 and as you type on touch keypad it will
  37:../Source Files/main.c **** *     be displayed on GLCD and as you press return key it will display
  38:../Source Files/main.c **** *     typed buffer on UART0 Terminal.
  39:../Source Files/main.c **** */
  40:../Source Files/main.c **** /*-------------------------MAIN FUNCTION------------------------------*/
  41:../Source Files/main.c **** /*********************************************************************//**
  42:../Source Files/main.c ****  * @brief	Main TGLCD testing example sub-routine
  43:../Source Files/main.c ****  **********************************************************************/
  44:../Source Files/main.c **** 
  45:../Source Files/main.c **** /* With ARM and GHS toolsets, the entry point is main() - this will
  46:../Source Files/main.c ****    allow the linker to generate wrapper code to setup stacks, allocate
  47:../Source Files/main.c ****    heap area, and initialize and copy code and data segments. For GNU
  48:../Source Files/main.c ****    toolsets, the entry point is through __start() in the crt0_gnu.asm
  49:../Source Files/main.c ****    file, and that startup code will setup stacks and data */
  50:../Source Files/main.c **** int main(void)
  51:../Source Files/main.c **** {
  27              		.loc 1 51 0
  28              		.cfi_startproc
  29              		@ args = 0, pretend = 0, frame = 0
  30              		@ frame_needed = 0, uses_anonymous_args = 0
  31              	.LVL0:
  32 0000 2DE9F341 		push	{r0, r1, r4, r5, r6, r7, r8, lr}
  33              	.LCFI0:
  34              		.cfi_def_cfa_offset 32
  35              		.cfi_offset 0, -32
  36              		.cfi_offset 1, -28
  37              		.cfi_offset 4, -24
  38              		.cfi_offset 5, -20
  39              		.cfi_offset 6, -16
  40              		.cfi_offset 7, -12
  41              		.cfi_offset 8, -8
  42              		.cfi_offset 14, -4
  52:../Source Files/main.c **** 	schar key;
  53:../Source Files/main.c **** 	uint16_t i=0,j=0;
  54:../Source Files/main.c **** 	Bool CAPSLOCK=0;
  55:../Source Files/main.c **** 
  56:../Source Files/main.c **** 	System_Init();                        // Initialize System
  43              		.loc 1 56 0
  44 0004 FFF7FEFF 		bl	System_Init
  45              	.LVL1:
  57:../Source Files/main.c **** 	GLCD_Clear(White);
  46              		.loc 1 57 0
  47 0008 4FF6FF70 		movw	r0, #65535
  48 000c FFF7FEFF 		bl	GLCD_Clear
  49              	.LVL2:
  54:../Source Files/main.c **** 	Bool CAPSLOCK=0;
  50              		.loc 1 54 0
  51 0010 0025     		movs	r5, #0
  53:../Source Files/main.c **** 	uint16_t i=0,j=0;
  52              		.loc 1 53 0
  53 0012 2F46     		mov	r7, r5
  54 0014 2C46     		mov	r4, r5
  55              	.LVL3:
  56              	.L10:
  58:../Source Files/main.c **** 	while(1)
  59:../Source Files/main.c **** 	{
  60:../Source Files/main.c **** 		key = GLCD_Getche();    // Get character from touch keypad
  57              		.loc 1 60 0
  58 0016 FFF7FEFF 		bl	GLCD_Getche
  59              	.LVL4:
  60 001a 0646     		mov	r6, r0
  61              	.LVL5:
  61:../Source Files/main.c **** 		printf(LPC_UART0,"%c",key);
  62              		.loc 1 61 0
  63 001c 8046     		mov	r8, r0
  64 001e 1949     		ldr	r1, .L14
  65 0020 1948     		ldr	r0, .L14+4
  66              	.LVL6:
  67 0022 3246     		mov	r2, r6
  68 0024 FFF7FEFF 		bl	printf
  69              	.LVL7:
  62:../Source Files/main.c **** 
  63:../Source Files/main.c **** 		if(i+5 >= 320)          // Performs character wrapping
  70              		.loc 1 63 0
  71 0028 B4F59D7F 		cmp	r4, #314
  72 002c 02DD     		ble	.L3
  73              	.LVL8:
  64:../Source Files/main.c **** 		{
  65:../Source Files/main.c **** 		   i = 0;                  // Set x at far left position
  66:../Source Files/main.c **** 		   j += 8;                 // Set y at next position down
  74              		.loc 1 66 0
  75 002e 0837     		adds	r7, r7, #8
  76              	.LVL9:
  77 0030 BFB2     		uxth	r7, r7
  78              	.LVL10:
  65:../Source Files/main.c **** 		   i = 0;                  // Set x at far left position
  79              		.loc 1 65 0
  80 0032 0024     		movs	r4, #0
  81              	.LVL11:
  82              	.L3:
  67:../Source Files/main.c **** 		}
  68:../Source Files/main.c **** 
  69:../Source Files/main.c **** 		if(key == CAPS)        // If CAPS key is pressed toggle CAPS mode
  83              		.loc 1 69 0
  84 0034 012E     		cmp	r6, #1
  85 0036 02D1     		bne	.L4
  86              	.LVL12:
  70:../Source Files/main.c **** 		{
  71:../Source Files/main.c **** 			CAPSLOCK = !CAPSLOCK;
  72:../Source Files/main.c **** 		}
  73:../Source Files/main.c **** 		if(CAPSLOCK && (key!=CAPS))  // if caps lock is enabled
  87              		.loc 1 73 0
  88 0038 85F00105 		eor	r5, r5, #1
  89              	.LVL13:
  90 003c EBE7     		b	.L10
  91              	.LVL14:
  92              	.L4:
  93 003e ADB1     		cbz	r5, .L13
  94              	.L8:
  74:../Source Files/main.c **** 		{
  75:../Source Files/main.c **** 			gprintf(i,j,1,Black,"%c",to_upper(key));
  95              		.loc 1 75 0
  96 0040 A6F16103 		sub	r3, r6, #97
  97 0044 DAB2     		uxtb	r2, r3
  98 0046 192A     		cmp	r2, #25
  99 0048 0E4B     		ldr	r3, .L14
 100 004a 98BF     		it	ls
 101 004c A6F12008 		subls	r8, r6, #32
 102 0050 A0B2     		uxth	r0, r4
 103 0052 B9B2     		uxth	r1, r7
 104 0054 8DE80801 		stmia	sp, {r3, r8}
 105 0058 00B2     		sxth	r0, r0
 106 005a 09B2     		sxth	r1, r1
 107 005c 0122     		movs	r2, #1
 108 005e 0023     		movs	r3, #0
  76:../Source Files/main.c **** 			i=i+6;
 109              		.loc 1 76 0
 110 0060 A61D     		adds	r6, r4, #6
 111              	.LVL15:
  75:../Source Files/main.c **** 			gprintf(i,j,1,Black,"%c",to_upper(key));
 112              		.loc 1 75 0
 113 0062 FFF7FEFF 		bl	gprintf
 114              	.LVL16:
 115              		.loc 1 76 0
 116 0066 B4B2     		uxth	r4, r6
 117              	.LVL17:
 118 0068 0125     		movs	r5, #1
 119              	.LVL18:
 120 006a D4E7     		b	.L10
 121              	.LVL19:
 122              	.L13:
  77:../Source Files/main.c **** 		}
  78:../Source Files/main.c **** 		else if(!CAPSLOCK && (key!=CAPS))  // if caps lock is disabled
  79:../Source Files/main.c **** 		{
  80:../Source Files/main.c **** 			gprintf(i,j,1,Black,"%c",key);
 123              		.loc 1 80 0
 124 006c 054B     		ldr	r3, .L14
 125 006e 20B2     		sxth	r0, r4
 126 0070 8DE84800 		stmia	sp, {r3, r6}
 127 0074 39B2     		sxth	r1, r7
 128 0076 0122     		movs	r2, #1
 129 0078 2B46     		mov	r3, r5
  81:../Source Files/main.c **** 			i=i+6;
 130              		.loc 1 81 0
 131 007a 0634     		adds	r4, r4, #6
 132              	.LVL20:
  80:../Source Files/main.c **** 			gprintf(i,j,1,Black,"%c",key);
 133              		.loc 1 80 0
 134 007c FFF7FEFF 		bl	gprintf
 135              	.LVL21:
 136              		.loc 1 81 0
 137 0080 A4B2     		uxth	r4, r4
 138              	.LVL22:
 139 0082 C8E7     		b	.L10
 140              	.L15:
 141              		.align	2
 142              	.L14:
 143 0084 00000000 		.word	.LC0
 144 0088 00C00040 		.word	1073790976
 145              		.cfi_endproc
 146              	.LFE55:
 148              		.comm	I2C_Rx_Buf,64,1
 149              		.comm	I2C_Tx_Buf,64,1
 150              		.comm	Rx_Buf1,64,1
 151              		.comm	Tx_Buf1,64,1
 152              		.comm	TxIntStat,1,1
 153              		.comm	rb,528,4
 154              		.comm	EscFlag,2,2
 155              		.section	.rodata.str1.1,"aMS",%progbits,1
 156              	.LC0:
 157 0000 256300   		.ascii	"%c\000"
 158              		.text
 159              	.Letext0:
 160              		.file 2 "c:\\program files (x86)\\gnu tools arm embedded\\4.7 2013q2\\bin\\../lib/gcc/arm-none-eab
 161              		.file 3 "../CM3 Core/LPC17xx.h"
 162              		.file 4 "../Header Files/lpc_types.h"
 163              		.file 5 "../Header Files/lpc17xx_uart.h"
 164              		.file 6 "../Header Files/lpc_ssp_glcd.h"
 165              		.file 7 "../CM3 Core/core_cm3.h"
 166              		.file 8 "../Header Files/lpc17xx_ssp.h"
 167              		.file 9 "../Header Files/lpc17xx_i2c.h"
 168              		.file 10 "../Header Files/lpc_system_init.h"
DEFINED SYMBOLS
                            *ABS*:00000000 main.c
C:\Users\raghav\AppData\Local\Temp\cc0MGw0y.s:19     .text.startup:00000000 $t
C:\Users\raghav\AppData\Local\Temp\cc0MGw0y.s:24     .text.startup:00000000 main
C:\Users\raghav\AppData\Local\Temp\cc0MGw0y.s:143    .text.startup:00000084 $d
                            *COM*:00000040 I2C_Rx_Buf
                            *COM*:00000040 I2C_Tx_Buf
                            *COM*:00000040 Rx_Buf1
                            *COM*:00000040 Tx_Buf1
                            *COM*:00000001 TxIntStat
                            *COM*:00000210 rb
                            *COM*:00000002 EscFlag
                     .debug_frame:00000010 $d
                           .group:00000000 wm4.1.549b84bf9d8399e395ff8216fcbb3d69
                           .group:00000000 wm4.LPC17xx.h.27.964facdaadd4aa3f18ac78c8a78f0013
                           .group:00000000 wm4.core_cm3.h.32.3cac756d6e704b813781f82afd94fa5f
                           .group:00000000 wm4.newlib.h.8.a9901dc52d1357e3e94003403d43f8b5
                           .group:00000000 wm4.features.h.22.b72b3baab2bb2eab3661375590100b6b
                           .group:00000000 wm4.config.h.193.5fb8ef056cdff92dec3dee9552839d8c
                           .group:00000000 wm4._ansi.h.23.7aefdac4826acebbfc9f3822a0aeb14c
                           .group:00000000 wm4.stdint.h.20.54ad762faa59e3c05491630641c8d8bf
                           .group:00000000 wm4.core_cmInstr.h.25.6beb15babd14c076008ec0890c26e21c
                           .group:00000000 wm4.core_cm3.h.83.1a3cb9afc687cf157efeddb3d5f3109e
                           .group:00000000 wm4.LPC17xx.h.953.82b7a9ed60bb594048bc8738cf1d3489
                           .group:00000000 wm4.lpc_types.h.32.72d58ce80fabd1a5430c6ec0500a090b
                           .group:00000000 wm4.lpc17xx_pinsel.h.30.a409f0915fca7a8098ca15e74d04c6ac
                           .group:00000000 wm4.lpc17xx_clkpwr.h.30.6ad069e5d9b902121622749a19395ff4
                           .group:00000000 wm4.lpc17xx_systick.h.30.7f7cf149327de2371fcd7cf3bab706fa
                           .group:00000000 wm4.lpc17xx_gpio.h.48.9d83a3048c670bed300498c0197398d5
                           .group:00000000 wm4.lpc17xx_wdt.h.34.296310ddc7a3401128b2f3fbf623c41d
                           .group:00000000 wm4.stdarg.h.31.b70f21342353634f7b44d85f85f13832
                           .group:00000000 wm4.lpc17xx_uart.h.58.dbba6e724b29a6214e9cafbaf3ee8a9e
                           .group:00000000 wm4.lpc17xx_ssp.h.30.0044e2529a5d42d08a2a972d3b2d05a0
                           .group:00000000 wm4.lpc17xx_i2c.h.30.5385a26dc571b1c3d3e5836541d3d739
                           .group:00000000 wm4.lpc_ssp_glcd.h.29.38ee0123d5c21a15788fa9a253ffdebc
                           .group:00000000 wm4._default_types.h.6.5e12cd604db8ce00b62bb2f02708eaf3
                           .group:00000000 wm4.lock.h.2.9bc98482741e5e2a9450b12934a684ea
                           .group:00000000 wm4.stddef.h.349.31f4c5baff3fa2689010b32028da9c47
                           .group:00000000 wm4.reent.h.16.9e42f0e588b85e70b2bf6572af57ce64
                           .group:00000000 wm4.math.h.35.cc9264b0ced3bd063c5784e64e89cf51
                           .group:00000000 wm4.lpc_glcd_cal.h.36.07281023d52dd7883e5e4c8a890cf1a4
                           .group:00000000 wm4.lpc_i2c_tsc2004.h.29.977d62e0a6a314f991e761882e147837

UNDEFINED SYMBOLS
System_Init
GLCD_Clear
GLCD_Getche
printf
gprintf
