   1              		.syntax unified
   2              		.cpu cortex-m3
   3              		.fpu softvfp
   4              		.eabi_attribute 20, 1
   5              		.eabi_attribute 21, 1
   6              		.eabi_attribute 23, 3
   7              		.eabi_attribute 24, 1
   8              		.eabi_attribute 25, 1
   9              		.eabi_attribute 26, 1
  10              		.eabi_attribute 30, 4
  11              		.eabi_attribute 34, 1
  12              		.eabi_attribute 18, 4
  13              		.thumb
  14              		.file	"main.c"
  15              		.text
  16              	.Ltext0:
  17              		.cfi_sections	.debug_frame
  18              		.section	.text.startup,"ax",%progbits
  19              		.align	1
  20              		.global	main
  21              		.thumb
  22              		.thumb_func
  24              	main:
  25              	.LFB55:
  26              		.file 1 "../Source_Files/main.c"
   1:../Source_Files/main.c **** #include "lpc_system_init.h"
   2:../Source_Files/main.c **** 
   3:../Source_Files/main.c **** int main(void)
   4:../Source_Files/main.c **** {
  27              		.loc 1 4 0
  28              		.cfi_startproc
  29              		@ Volatile: function does not return.
  30              		@ args = 0, pretend = 0, frame = 0
  31              		@ frame_needed = 0, uses_anonymous_args = 0
  32 0000 08B5     		push	{r3, lr}
  33              	.LCFI0:
  34              		.cfi_def_cfa_offset 8
  35              		.cfi_offset 3, -8
  36              		.cfi_offset 14, -4
   5:../Source_Files/main.c **** 	System_Init();
  37              		.loc 1 5 0
  38 0002 FFF7FEFF 		bl	System_Init
  39              	.LVL0:
   6:../Source_Files/main.c **** 
   7:../Source_Files/main.c ****     GLCD_Clear (White);
  40              		.loc 1 7 0
  41 0006 4FF6FF70 		movw	r0, #65535
  42 000a FFF7FEFF 		bl	GLCD_Clear
  43              	.LVL1:
   8:../Source_Files/main.c ****     GLCD_Display_String(2,3,"Sample Text");
  44              		.loc 1 8 0
  45 000e 0220     		movs	r0, #2
  46 0010 0321     		movs	r1, #3
  47 0012 184A     		ldr	r2, .L4
  48 0014 FFF7FEFF 		bl	GLCD_Display_String
  49              	.LVL2:
   9:../Source_Files/main.c ****     GLCD_PutPixel(180,120,Black);
  50              		.loc 1 9 0
  51 0018 B420     		movs	r0, #180
  52 001a 7821     		movs	r1, #120
  53 001c 0022     		movs	r2, #0
  54 001e FFF7FEFF 		bl	GLCD_PutPixel
  55              	.LVL3:
  10:../Source_Files/main.c ****     GLCD_PutPixel(181,120,Black);
  56              		.loc 1 10 0
  57 0022 B520     		movs	r0, #181
  58 0024 7821     		movs	r1, #120
  59 0026 0022     		movs	r2, #0
  60 0028 FFF7FEFF 		bl	GLCD_PutPixel
  61              	.LVL4:
  11:../Source_Files/main.c ****     GLCD_PutPixel(180,121,Black);
  62              		.loc 1 11 0
  63 002c B420     		movs	r0, #180
  64 002e 7921     		movs	r1, #121
  65 0030 0022     		movs	r2, #0
  66 0032 FFF7FEFF 		bl	GLCD_PutPixel
  67              	.LVL5:
  12:../Source_Files/main.c ****     GLCD_PutPixel(181,121,Black);
  68              		.loc 1 12 0
  69 0036 B520     		movs	r0, #181
  70 0038 7921     		movs	r1, #121
  71 003a 0022     		movs	r2, #0
  72 003c FFF7FEFF 		bl	GLCD_PutPixel
  73              	.LVL6:
  13:../Source_Files/main.c **** 
  14:../Source_Files/main.c ****     GLCD_PutPixel(90,180,Red);
  74              		.loc 1 14 0
  75 0040 5A20     		movs	r0, #90
  76 0042 B421     		movs	r1, #180
  77 0044 4FF47842 		mov	r2, #63488
  78 0048 FFF7FEFF 		bl	GLCD_PutPixel
  79              	.LVL7:
  15:../Source_Files/main.c ****     GLCD_PutPixel(91,180,Red);
  80              		.loc 1 15 0
  81 004c 5B20     		movs	r0, #91
  82 004e B421     		movs	r1, #180
  83 0050 4FF47842 		mov	r2, #63488
  84 0054 FFF7FEFF 		bl	GLCD_PutPixel
  85              	.LVL8:
  16:../Source_Files/main.c ****     GLCD_PutPixel(90,181,Red);
  86              		.loc 1 16 0
  87 0058 5A20     		movs	r0, #90
  88 005a B521     		movs	r1, #181
  89 005c 4FF47842 		mov	r2, #63488
  90 0060 FFF7FEFF 		bl	GLCD_PutPixel
  91              	.LVL9:
  17:../Source_Files/main.c ****     GLCD_PutPixel(91,181,Red);
  92              		.loc 1 17 0
  93 0064 5B20     		movs	r0, #91
  94 0066 B521     		movs	r1, #181
  95 0068 4FF47842 		mov	r2, #63488
  96 006c FFF7FEFF 		bl	GLCD_PutPixel
  97              	.LVL10:
  98              	.L2:
  99 0070 FEE7     		b	.L2
 100              	.L5:
 101 0072 00BF     		.align	2
 102              	.L4:
 103 0074 00000000 		.word	.LC0
 104              		.cfi_endproc
 105              	.LFE55:
 107              		.comm	Rx_Buf1,64,1
 108              		.comm	Tx_Buf1,64,1
 109              		.comm	TxIntStat,1,1
 110              		.comm	rb,528,4
 111              		.comm	EscFlag,2,2
 112              		.section	.rodata.str1.1,"aMS",%progbits,1
 113              	.LC0:
 114 0000 53616D70 		.ascii	"Sample Text\000"
 114      6C652054 
 114      65787400 
 115              		.text
 116              	.Letext0:
 117              		.file 2 "c:\\program files\\gnu tools arm embedded\\4.7 2013q2\\bin\\../lib/gcc/arm-none-eabi/4.7.
 118              		.file 3 "../Header_Files/lpc_types.h"
 119              		.file 4 "../Header_Files/lpc17xx_uart.h"
 120              		.file 5 "../CM3_Core/core_cm3.h"
 121              		.file 6 "../Header_Files/lpc17xx_ssp.h"
 122              		.file 7 "../Header_Files/lpc_ssp_glcd.h"
 123              		.file 8 "../Header_Files/lpc_system_init.h"
DEFINED SYMBOLS
                            *ABS*:00000000 main.c
C:\Users\Edu_win7\AppData\Local\Temp\cco3U55f.s:19     .text.startup:00000000 $t
C:\Users\Edu_win7\AppData\Local\Temp\cco3U55f.s:24     .text.startup:00000000 main
C:\Users\Edu_win7\AppData\Local\Temp\cco3U55f.s:103    .text.startup:00000074 $d
                            *COM*:00000040 Rx_Buf1
                            *COM*:00000040 Tx_Buf1
                            *COM*:00000001 TxIntStat
                            *COM*:00000210 rb
                            *COM*:00000002 EscFlag
                     .debug_frame:00000010 $d
                           .group:00000000 wm4.1.549b84bf9d8399e395ff8216fcbb3d69
                           .group:00000000 wm4.LPC17xx.h.27.964facdaadd4aa3f18ac78c8a78f0013
                           .group:00000000 wm4.core_cm3.h.32.3cac756d6e704b813781f82afd94fa5f
                           .group:00000000 wm4.newlib.h.8.a9901dc52d1357e3e94003403d43f8b5
                           .group:00000000 wm4.features.h.22.b72b3baab2bb2eab3661375590100b6b
                           .group:00000000 wm4.config.h.193.5fb8ef056cdff92dec3dee9552839d8c
                           .group:00000000 wm4._ansi.h.23.7aefdac4826acebbfc9f3822a0aeb14c
                           .group:00000000 wm4.stdint.h.20.54ad762faa59e3c05491630641c8d8bf
                           .group:00000000 wm4.core_cmInstr.h.25.6beb15babd14c076008ec0890c26e21c
                           .group:00000000 wm4.core_cm3.h.83.1a3cb9afc687cf157efeddb3d5f3109e
                           .group:00000000 wm4.LPC17xx.h.953.82b7a9ed60bb594048bc8738cf1d3489
                           .group:00000000 wm4.lpc_types.h.32.72d58ce80fabd1a5430c6ec0500a090b
                           .group:00000000 wm4.lpc17xx_pinsel.h.30.767cda9b27a5c688cd97e5947d664047
                           .group:00000000 wm4.lpc17xx_clkpwr.h.30.8537d92ff6965961e80fda89ac5019f2
                           .group:00000000 wm4.lpc17xx_systick.h.30.9f34c15ae315a203fed1d933040ad7b9
                           .group:00000000 wm4.lpc17xx_gpio.h.30.0b884ee110dd20865784f12e1569ecf1
                           .group:00000000 wm4.lpc17xx_wdt.h.34.a2dcafab9849854019efb51f717a8129
                           .group:00000000 wm4.stdarg.h.31.b70f21342353634f7b44d85f85f13832
                           .group:00000000 wm4.lpc17xx_uart.h.58.dbba6e724b29a6214e9cafbaf3ee8a9e
                           .group:00000000 wm4.lpc17xx_ssp.h.48.cd045d667ab7b89d5d550d38997df61b
                           .group:00000000 wm4.lpc_ssp_glcd.h.29.0f086fd3ba564c80425f085247dfad00

UNDEFINED SYMBOLS
System_Init
GLCD_Clear
GLCD_Display_String
GLCD_PutPixel
