   1              		.syntax unified
   2              		.cpu cortex-m3
   3              		.fpu softvfp
   4              		.eabi_attribute 20, 1
   5              		.eabi_attribute 21, 1
   6              		.eabi_attribute 23, 3
   7              		.eabi_attribute 24, 1
   8              		.eabi_attribute 25, 1
   9              		.eabi_attribute 26, 1
  10              		.eabi_attribute 30, 6
  11              		.eabi_attribute 34, 1
  12              		.eabi_attribute 18, 4
  13              		.thumb
  14              		.file	"lpc_system_init.c"
  15              		.text
  16              	.Ltext0:
  17              		.cfi_sections	.debug_frame
  18              		.align	2
  19              		.global	System_Init
  20              		.thumb
  21              		.thumb_func
  23              	System_Init:
  24              	.LFB55:
  25              		.file 1 "../Source Files/lpc_system_init.c"
   1:../Source Files/lpc_system_init.c **** /**********************************************************************
   2:../Source Files/lpc_system_init.c **** * $Id$		lpc_system_init.c
   3:../Source Files/lpc_system_init.c **** *//**
   4:../Source Files/lpc_system_init.c **** * @file		lpc_system_init.c
   5:../Source Files/lpc_system_init.c **** * @brief	Contains all functions support for SYSTEM INIT library
   6:../Source Files/lpc_system_init.c **** * 			on LPC17xx
   7:../Source Files/lpc_system_init.c **** * @version	1.0
   8:../Source Files/lpc_system_init.c **** * @date		24. July. 2013
   9:../Source Files/lpc_system_init.c **** * @author	Dwijay.Edutech Learning Solutions
  10:../Source Files/lpc_system_init.c **** ***********************************************************************
  11:../Source Files/lpc_system_init.c **** * Software that is described herein is for illustrative purposes only
  12:../Source Files/lpc_system_init.c **** * which provides customers with programming information regarding the
  13:../Source Files/lpc_system_init.c **** * products. This software is supplied "AS IS" without any warranties.
  14:../Source Files/lpc_system_init.c **** * NXP Semiconductors assumes no responsibility or liability for the
  15:../Source Files/lpc_system_init.c **** * use of the software, conveys no license or title under any patent,
  16:../Source Files/lpc_system_init.c **** * copyright, or mask work right to the product. NXP Semiconductors
  17:../Source Files/lpc_system_init.c **** * reserves the right to make changes in the software without
  18:../Source Files/lpc_system_init.c **** * notification. NXP Semiconductors also make no representation or
  19:../Source Files/lpc_system_init.c **** * warranty that such application will be suitable for the specified
  20:../Source Files/lpc_system_init.c **** * use without further testing or modification.
  21:../Source Files/lpc_system_init.c **** **********************************************************************/
  22:../Source Files/lpc_system_init.c **** 
  23:../Source Files/lpc_system_init.c **** /* Peripheral group ----------------------------------------------------------- */
  24:../Source Files/lpc_system_init.c **** /** @addtogroup SYSTEM_INIT
  25:../Source Files/lpc_system_init.c ****  * @{
  26:../Source Files/lpc_system_init.c ****  */
  27:../Source Files/lpc_system_init.c **** 
  28:../Source Files/lpc_system_init.c **** /* Includes ------------------------------------------------------------------- */
  29:../Source Files/lpc_system_init.c **** #include "lpc_system_init.h"
  30:../Source Files/lpc_system_init.c **** 
  31:../Source Files/lpc_system_init.c **** /* If this source file built with example, the LPC17xx FW library configuration
  32:../Source Files/lpc_system_init.c ****  * file in each example directory ("lpc17xx_libcfg.h") must be included,
  33:../Source Files/lpc_system_init.c ****  * otherwise the default FW library configuration file must be included instead
  34:../Source Files/lpc_system_init.c ****  */
  35:../Source Files/lpc_system_init.c **** 
  36:../Source Files/lpc_system_init.c **** /** @addtogroup SYSTEM_INIT_Public_Functions
  37:../Source Files/lpc_system_init.c ****  * @{
  38:../Source Files/lpc_system_init.c ****  */
  39:../Source Files/lpc_system_init.c **** 
  40:../Source Files/lpc_system_init.c **** /* Public Functions ----------------------------------------------------------- */
  41:../Source Files/lpc_system_init.c **** /*********************************************************************//**
  42:../Source Files/lpc_system_init.c ****  * @brief	Initial System Init using Port and Peripheral
  43:../Source Files/lpc_system_init.c ****  * @param[in]	None
  44:../Source Files/lpc_system_init.c ****  * @return 		None
  45:../Source Files/lpc_system_init.c ****  **********************************************************************/
  46:../Source Files/lpc_system_init.c **** void System_Init(void)
  47:../Source Files/lpc_system_init.c **** {
  26              		.loc 1 47 0
  27              		.cfi_startproc
  28              		@ args = 0, pretend = 0, frame = 0
  29              		@ frame_needed = 1, uses_anonymous_args = 0
  30 0000 80B5     		push	{r7, lr}
  31              	.LCFI0:
  32              		.cfi_def_cfa_offset 8
  33              		.cfi_offset 7, -8
  34              		.cfi_offset 14, -4
  35 0002 00AF     		add	r7, sp, #0
  36              	.LCFI1:
  37              		.cfi_def_cfa_register 7
  48:../Source Files/lpc_system_init.c **** 
  49:../Source Files/lpc_system_init.c **** 	LPC_WDT->WDMOD &= ~WDT_WDMOD_WDEN;  // Disable Watchdog
  38              		.loc 1 49 0
  39 0004 4FF08043 		mov	r3, #1073741824
  40 0008 4FF08042 		mov	r2, #1073741824
  41 000c 1278     		ldrb	r2, [r2, #0]
  42 000e D2B2     		uxtb	r2, r2
  43 0010 22F00102 		bic	r2, r2, #1
  44 0014 D2B2     		uxtb	r2, r2
  45 0016 1A70     		strb	r2, [r3, #0]
  50:../Source Files/lpc_system_init.c **** 	SystemInit();						// Initialize system and update core clock
  46              		.loc 1 50 0
  47 0018 FFF7FEFF 		bl	SystemInit
  51:../Source Files/lpc_system_init.c **** 	Port_Init();                        // Port Initialization
  48              		.loc 1 51 0
  49 001c FFF7FEFF 		bl	Port_Init
  52:../Source Files/lpc_system_init.c **** 	SYSTICK_Config();                   // Systick Initialization
  50              		.loc 1 52 0
  51 0020 FFF7FEFF 		bl	SYSTICK_Config
  53:../Source Files/lpc_system_init.c **** 	led_delay = 1000;                   // Heart Beat rate of 1Sec toggle
  52              		.loc 1 53 0
  53 0024 40F20003 		movw	r3, #:lower16:led_delay
  54 0028 C0F20003 		movt	r3, #:upper16:led_delay
  55 002c 4FF47A72 		mov	r2, #1000
  56 0030 1A60     		str	r2, [r3, #0]
  54:../Source Files/lpc_system_init.c **** }
  57              		.loc 1 54 0
  58 0032 80BD     		pop	{r7, pc}
  59              		.cfi_endproc
  60              	.LFE55:
  62              		.align	2
  63              		.global	Port_Init
  64              		.thumb
  65              		.thumb_func
  67              	Port_Init:
  68              	.LFB56:
  55:../Source Files/lpc_system_init.c **** 
  56:../Source Files/lpc_system_init.c **** /*********************************************************************//**
  57:../Source Files/lpc_system_init.c ****  * @brief 		General Port Initialization
  58:../Source Files/lpc_system_init.c ****  * @param[in]	None
  59:../Source Files/lpc_system_init.c ****  * @return 		None
  60:../Source Files/lpc_system_init.c ****  **********************************************************************/
  61:../Source Files/lpc_system_init.c **** void Port_Init(void)
  62:../Source Files/lpc_system_init.c **** {
  69              		.loc 1 62 0
  70              		.cfi_startproc
  71              		@ args = 0, pretend = 0, frame = 0
  72              		@ frame_needed = 1, uses_anonymous_args = 0
  73 0034 80B5     		push	{r7, lr}
  74              	.LCFI2:
  75              		.cfi_def_cfa_offset 8
  76              		.cfi_offset 7, -8
  77              		.cfi_offset 14, -4
  78 0036 00AF     		add	r7, sp, #0
  79              	.LCFI3:
  80              		.cfi_def_cfa_register 7
  63:../Source Files/lpc_system_init.c **** 	GPIO_SetDir(3, _BIT(25), 1);      // Set HeartBeat Led P3.25 to Output
  81              		.loc 1 63 0
  82 0038 4FF00300 		mov	r0, #3
  83 003c 4FF00071 		mov	r1, #33554432
  84 0040 4FF00102 		mov	r2, #1
  85 0044 FFF7FEFF 		bl	GPIO_SetDir
  64:../Source Files/lpc_system_init.c **** 	GPIO_SetDir(1, _SBF(18,0xFF), 1); //Set P2.18 to P2.25 as output
  86              		.loc 1 64 0
  87 0048 4FF00100 		mov	r0, #1
  88 004c 4FF07F71 		mov	r1, #66846720
  89 0050 4FF00102 		mov	r2, #1
  90 0054 FFF7FEFF 		bl	GPIO_SetDir
  65:../Source Files/lpc_system_init.c **** 	GPIO_SetValue(1,_SBF(18,0xFF));   //Clear P2.18 to P2.25
  91              		.loc 1 65 0
  92 0058 4FF00100 		mov	r0, #1
  93 005c 4FF07F71 		mov	r1, #66846720
  94 0060 FFF7FEFF 		bl	GPIO_SetValue
  66:../Source Files/lpc_system_init.c **** }
  95              		.loc 1 66 0
  96 0064 80BD     		pop	{r7, pc}
  97              		.cfi_endproc
  98              	.LFE56:
 100              	.Letext0:
 101              		.file 2 "c:\\program files\\gnu tools arm embedded\\4.7 2013q2\\bin\\../lib/gcc/arm-none-eabi/4.7.
 102              		.file 3 "C:\\E_Workspace\\LPC1768\\Eg3\\CM3 Core/LPC17xx.h"
 103              		.file 4 "C:\\E_Workspace\\LPC1768\\Eg3\\CM3 Core/core_cm3.h"
 104              		.file 5 "C:\\E_Workspace\\LPC1768\\Eg3\\Header Files/lpc_system_init.h"
DEFINED SYMBOLS
                            *ABS*:00000000 lpc_system_init.c
C:\Users\Edu_win7\AppData\Local\Temp\ccD9nZMW.s:18     .text:00000000 $t
C:\Users\Edu_win7\AppData\Local\Temp\ccD9nZMW.s:23     .text:00000000 System_Init
C:\Users\Edu_win7\AppData\Local\Temp\ccD9nZMW.s:67     .text:00000034 Port_Init
                     .debug_frame:00000010 $d
                           .group:00000000 wm4.1.4198839cd628579709ab94bfdf5f0d6e
                           .group:00000000 wm4.LPC17xx.h.27.964facdaadd4aa3f18ac78c8a78f0013
                           .group:00000000 wm4.core_cm3.h.32.3cac756d6e704b813781f82afd94fa5f
                           .group:00000000 wm4.newlib.h.8.a9901dc52d1357e3e94003403d43f8b5
                           .group:00000000 wm4.features.h.22.b72b3baab2bb2eab3661375590100b6b
                           .group:00000000 wm4.config.h.193.5fb8ef056cdff92dec3dee9552839d8c
                           .group:00000000 wm4._ansi.h.23.b5bb84d7ba97d82b5b1dc1826a7ae811
                           .group:00000000 wm4.stdint.h.20.54ad762faa59e3c05491630641c8d8bf
                           .group:00000000 wm4.core_cmInstr.h.25.6beb15babd14c076008ec0890c26e21c
                           .group:00000000 wm4.core_cm3.h.83.1a3cb9afc687cf157efeddb3d5f3109e
                           .group:00000000 wm4.LPC17xx.h.953.82b7a9ed60bb594048bc8738cf1d3489
                           .group:00000000 wm4.lpc_types.h.32.a64d7e761ffe573cbca681049cab7b1a
                           .group:00000000 wm4.lpc17xx_pinsel.h.30.767cda9b27a5c688cd97e5947d664047
                           .group:00000000 wm4.lpc17xx_clkpwr.h.30.8537d92ff6965961e80fda89ac5019f2
                           .group:00000000 wm4.lpc17xx_systick.h.30.9f34c15ae315a203fed1d933040ad7b9
                           .group:00000000 wm4.lpc17xx_gpio.h.30.0b884ee110dd20865784f12e1569ecf1
                           .group:00000000 wm4.lpc17xx_wdt.h.34.a2dcafab9849854019efb51f717a8129

UNDEFINED SYMBOLS
SystemInit
SYSTICK_Config
led_delay
GPIO_SetDir
GPIO_SetValue
