   1              		.syntax unified
   2              		.cpu cortex-m3
   3              		.fpu softvfp
   4              		.eabi_attribute 20, 1
   5              		.eabi_attribute 21, 1
   6              		.eabi_attribute 23, 3
   7              		.eabi_attribute 24, 1
   8              		.eabi_attribute 25, 1
   9              		.eabi_attribute 26, 1
  10              		.eabi_attribute 30, 4
  11              		.eabi_attribute 34, 1
  12              		.eabi_attribute 18, 4
  13              		.thumb
  14              		.file	"main.c"
  15              		.text
  16              	.Ltext0:
  17              		.cfi_sections	.debug_frame
  18              		.section	.text.startup,"ax",%progbits
  19              		.align	1
  20              		.global	main
  21              		.thumb
  22              		.thumb_func
  24              	main:
  25              	.LFB55:
  26              		.file 1 "../Source Files/main.c"
   1:../Source Files/main.c **** /**********************************************************************
   2:../Source Files/main.c **** * $Id$		main.c
   3:../Source Files/main.c **** *//**
   4:../Source Files/main.c **** * @file		main.c
   5:../Source Files/main.c **** * @brief	Write a program to store input from virtual keypad
   6:../Source Files/main.c **** *           and display it to UART0.
   7:../Source Files/main.c **** * @version	1.0
   8:../Source Files/main.c **** * @date		09. Dec. 2013
   9:../Source Files/main.c **** * @author	Dwijay.Edutech Learning Solutions
  10:../Source Files/main.c **** ***********************************************************************
  11:../Source Files/main.c **** * Software that is described herein is for illustrative purposes only
  12:../Source Files/main.c **** * which provides customers with programming information regarding the
  13:../Source Files/main.c **** * products. This software is supplied "AS IS" without any warranties.
  14:../Source Files/main.c **** * NXP Semiconductors assumes no responsibility or liability for the
  15:../Source Files/main.c **** * use of the software, conveys no license or title under any patent,
  16:../Source Files/main.c **** * copyright, or mask work right to the product. NXP Semiconductors
  17:../Source Files/main.c **** * reserves the right to make changes in the software without
  18:../Source Files/main.c **** * notification. NXP Semiconductors also make no representation or
  19:../Source Files/main.c **** * warranty that such application will be suitable for the specified
  20:../Source Files/main.c **** * use without further testing or modification.
  21:../Source Files/main.c **** **********************************************************************/
  22:../Source Files/main.c **** #include "lpc_system_init.h"
  23:../Source Files/main.c **** 
  24:../Source Files/main.c **** /* Example group ----------------------------------------------------------- */
  25:../Source Files/main.c **** /** @defgroup TGLCD
  26:../Source Files/main.c ****  * @ingroup TGLCD_Examples
  27:../Source Files/main.c ****  * @{
  28:../Source Files/main.c ****  */
  29:../Source Files/main.c **** 
  30:../Source Files/main.c **** /*-------------------------MAIN Page------------------------------*/
  31:../Source Files/main.c **** /** @mainpage TGLCD Test Example
  32:../Source Files/main.c **** *   @par Description:
  33:../Source Files/main.c **** *   - Store input from virtual keypad and display it to UART0.
  34:../Source Files/main.c **** *
  35:../Source Files/main.c **** *   @par Activity - more information:
  36:../Source Files/main.c **** *   - Connect TGLCD to EPB1768 and as you type on touch keypad it will
  37:../Source Files/main.c **** *     be displayed on GLCD and as you press return key it will display
  38:../Source Files/main.c **** *     typed buffer on UART0 Terminal.
  39:../Source Files/main.c **** */
  40:../Source Files/main.c **** /*-------------------------MAIN FUNCTION------------------------------*/
  41:../Source Files/main.c **** /*********************************************************************//**
  42:../Source Files/main.c ****  * @brief	Main TGLCD testing example sub-routine
  43:../Source Files/main.c ****  **********************************************************************/
  44:../Source Files/main.c **** 
  45:../Source Files/main.c **** /* With ARM and GHS toolsets, the entry point is main() - this will
  46:../Source Files/main.c ****    allow the linker to generate wrapper code to setup stacks, allocate
  47:../Source Files/main.c ****    heap area, and initialize and copy code and data segments. For GNU
  48:../Source Files/main.c ****    toolsets, the entry point is through __start() in the crt0_gnu.asm
  49:../Source Files/main.c ****    file, and that startup code will setup stacks and data */
  50:../Source Files/main.c **** int main(void)
  51:../Source Files/main.c **** {
  27              		.loc 1 51 0
  28              		.cfi_startproc
  29              		@ args = 0, pretend = 0, frame = 56
  30              		@ frame_needed = 0, uses_anonymous_args = 0
  31 0000 00B5     		push	{lr}
  32              	.LCFI0:
  33              		.cfi_def_cfa_offset 4
  34              		.cfi_offset 14, -4
  35 0002 8FB0     		sub	sp, sp, #60
  36              	.LCFI1:
  37              		.cfi_def_cfa_offset 64
  52:../Source Files/main.c **** 	schar buf[50];
  53:../Source Files/main.c **** 
  54:../Source Files/main.c **** 	System_Init();                        // Initialize System
  38              		.loc 1 54 0
  39 0004 FFF7FEFF 		bl	System_Init
  40              	.LVL0:
  55:../Source Files/main.c **** 	GLCD_Clear(White);
  41              		.loc 1 55 0
  42 0008 4FF6FF70 		movw	r0, #65535
  43 000c FFF7FEFF 		bl	GLCD_Clear
  44              	.LVL1:
  56:../Source Files/main.c **** 
  57:../Source Files/main.c **** 	GLCD_Get_Line(buf,10);                // Get 10 characters
  45              		.loc 1 57 0
  46 0010 0A21     		movs	r1, #10
  47 0012 01A8     		add	r0, sp, #4
  48 0014 FFF7FEFF 		bl	GLCD_Get_Line
  49              	.LVL2:
  58:../Source Files/main.c **** 	printf(LPC_UART0,buf);                // Display buffer on UART
  50              		.loc 1 58 0
  51 0018 01A9     		add	r1, sp, #4
  52 001a 0348     		ldr	r0, .L2
  53 001c FFF7FEFF 		bl	printf
  54              	.LVL3:
  59:../Source Files/main.c **** 
  60:../Source Files/main.c **** 	while(1)
  61:../Source Files/main.c **** 
  62:../Source Files/main.c **** return 1;
  63:../Source Files/main.c **** }
  55              		.loc 1 63 0
  56 0020 0120     		movs	r0, #1
  57 0022 0FB0     		add	sp, sp, #60
  58 0024 00BD     		pop	{pc}
  59              	.L3:
  60 0026 00BF     		.align	2
  61              	.L2:
  62 0028 00C00040 		.word	1073790976
  63              		.cfi_endproc
  64              	.LFE55:
  66              		.comm	I2C_Rx_Buf,64,1
  67              		.comm	I2C_Tx_Buf,64,1
  68              		.comm	Rx_Buf1,64,1
  69              		.comm	Tx_Buf1,64,1
  70              		.comm	TxIntStat,1,1
  71              		.comm	rb,528,4
  72              		.comm	EscFlag,2,2
  73              		.text
  74              	.Letext0:
  75              		.file 2 "c:\\program files (x86)\\gnu tools arm embedded\\4.7 2013q2\\bin\\../lib/gcc/arm-none-eab
  76              		.file 3 "../CM3 Core/LPC17xx.h"
  77              		.file 4 "../Header Files/lpc_types.h"
  78              		.file 5 "../Header Files/lpc17xx_uart.h"
  79              		.file 6 "../CM3 Core/core_cm3.h"
  80              		.file 7 "../Header Files/lpc17xx_ssp.h"
  81              		.file 8 "../Header Files/lpc17xx_i2c.h"
  82              		.file 9 "../Header Files/lpc_ssp_glcd.h"
  83              		.file 10 "../Header Files/lpc_system_init.h"
DEFINED SYMBOLS
                            *ABS*:00000000 main.c
C:\Users\raghav\AppData\Local\Temp\cct6RLj9.s:19     .text.startup:00000000 $t
C:\Users\raghav\AppData\Local\Temp\cct6RLj9.s:24     .text.startup:00000000 main
C:\Users\raghav\AppData\Local\Temp\cct6RLj9.s:62     .text.startup:00000028 $d
                            *COM*:00000040 I2C_Rx_Buf
                            *COM*:00000040 I2C_Tx_Buf
                            *COM*:00000040 Rx_Buf1
                            *COM*:00000040 Tx_Buf1
                            *COM*:00000001 TxIntStat
                            *COM*:00000210 rb
                            *COM*:00000002 EscFlag
                     .debug_frame:00000010 $d
                           .group:00000000 wm4.1.549b84bf9d8399e395ff8216fcbb3d69
                           .group:00000000 wm4.LPC17xx.h.27.964facdaadd4aa3f18ac78c8a78f0013
                           .group:00000000 wm4.core_cm3.h.32.3cac756d6e704b813781f82afd94fa5f
                           .group:00000000 wm4.newlib.h.8.a9901dc52d1357e3e94003403d43f8b5
                           .group:00000000 wm4.features.h.22.b72b3baab2bb2eab3661375590100b6b
                           .group:00000000 wm4.config.h.193.5fb8ef056cdff92dec3dee9552839d8c
                           .group:00000000 wm4._ansi.h.23.7aefdac4826acebbfc9f3822a0aeb14c
                           .group:00000000 wm4.stdint.h.20.54ad762faa59e3c05491630641c8d8bf
                           .group:00000000 wm4.core_cmInstr.h.25.6beb15babd14c076008ec0890c26e21c
                           .group:00000000 wm4.core_cm3.h.83.1a3cb9afc687cf157efeddb3d5f3109e
                           .group:00000000 wm4.LPC17xx.h.953.82b7a9ed60bb594048bc8738cf1d3489
                           .group:00000000 wm4.lpc_types.h.32.72d58ce80fabd1a5430c6ec0500a090b
                           .group:00000000 wm4.lpc17xx_pinsel.h.30.a409f0915fca7a8098ca15e74d04c6ac
                           .group:00000000 wm4.lpc17xx_clkpwr.h.30.6ad069e5d9b902121622749a19395ff4
                           .group:00000000 wm4.lpc17xx_systick.h.30.7f7cf149327de2371fcd7cf3bab706fa
                           .group:00000000 wm4.lpc17xx_gpio.h.48.9d83a3048c670bed300498c0197398d5
                           .group:00000000 wm4.lpc17xx_wdt.h.34.296310ddc7a3401128b2f3fbf623c41d
                           .group:00000000 wm4.stdarg.h.31.b70f21342353634f7b44d85f85f13832
                           .group:00000000 wm4.lpc17xx_uart.h.58.dbba6e724b29a6214e9cafbaf3ee8a9e
                           .group:00000000 wm4.lpc17xx_ssp.h.30.0044e2529a5d42d08a2a972d3b2d05a0
                           .group:00000000 wm4.lpc17xx_i2c.h.30.5385a26dc571b1c3d3e5836541d3d739
                           .group:00000000 wm4.lpc_ssp_glcd.h.29.38ee0123d5c21a15788fa9a253ffdebc
                           .group:00000000 wm4._default_types.h.6.5e12cd604db8ce00b62bb2f02708eaf3
                           .group:00000000 wm4.lock.h.2.9bc98482741e5e2a9450b12934a684ea
                           .group:00000000 wm4.stddef.h.349.31f4c5baff3fa2689010b32028da9c47
                           .group:00000000 wm4.reent.h.16.9e42f0e588b85e70b2bf6572af57ce64
                           .group:00000000 wm4.math.h.35.cc9264b0ced3bd063c5784e64e89cf51
                           .group:00000000 wm4.lpc_glcd_cal.h.36.07281023d52dd7883e5e4c8a890cf1a4
                           .group:00000000 wm4.lpc_i2c_tsc2004.h.29.977d62e0a6a314f991e761882e147837

UNDEFINED SYMBOLS
System_Init
GLCD_Clear
GLCD_Get_Line
printf
