   1              		.syntax unified
   2              		.cpu cortex-m3
   3              		.fpu softvfp
   4              		.eabi_attribute 20, 1
   5              		.eabi_attribute 21, 1
   6              		.eabi_attribute 23, 3
   7              		.eabi_attribute 24, 1
   8              		.eabi_attribute 25, 1
   9              		.eabi_attribute 26, 1
  10              		.eabi_attribute 30, 4
  11              		.eabi_attribute 34, 1
  12              		.eabi_attribute 18, 4
  13              		.thumb
  14              		.file	"lpc_glcd_cal.c"
  15              		.text
  16              	.Ltext0:
  17              		.cfi_sections	.debug_frame
  18              		.align	1
  19              		.global	SetCalibrationMatrix
  20              		.thumb
  21              		.thumb_func
  23              	SetCalibrationMatrix:
  24              	.LFB56:
  25              		.file 1 "../Source Files/lpc_glcd_cal.c"
   1:../Source Files/lpc_glcd_cal.c **** /******************************************************************//**
   2:../Source Files/lpc_glcd_cal.c **** * @file		lpc_glcd_cal.c
   3:../Source Files/lpc_glcd_cal.c **** * @brief	This file contains functional definition for GLCD Calibration.
   4:../Source Files/lpc_glcd_cal.c **** * @version	1.0
   5:../Source Files/lpc_glcd_cal.c **** * @date		Mar 21, 2015
   6:../Source Files/lpc_glcd_cal.c **** * @author	Dwijay.edutech learning solutions
   7:../Source Files/lpc_glcd_cal.c **** **********************************************************************/
   8:../Source Files/lpc_glcd_cal.c **** 
   9:../Source Files/lpc_glcd_cal.c **** 
  10:../Source Files/lpc_glcd_cal.c **** /* Includes ------------------------------------------------------------------- */
  11:../Source Files/lpc_glcd_cal.c **** #include "lpc_glcd_cal.h"
  12:../Source Files/lpc_glcd_cal.c **** 
  13:../Source Files/lpc_glcd_cal.c **** /* Peripheral group ----------------------------------------------------------- */
  14:../Source Files/lpc_glcd_cal.c **** /** @addtogroup GLCD_CAL
  15:../Source Files/lpc_glcd_cal.c ****  * @{
  16:../Source Files/lpc_glcd_cal.c ****  */
  17:../Source Files/lpc_glcd_cal.c **** 
  18:../Source Files/lpc_glcd_cal.c **** /* Global Variables -------------------------------------------------------------- */
  19:../Source Files/lpc_glcd_cal.c **** MATRIX_Type cmatrix;
  20:../Source Files/lpc_glcd_cal.c **** ts_eventCal gTouch;
  21:../Source Files/lpc_glcd_cal.c **** __IO Bool TReady=FALSE;
  22:../Source Files/lpc_glcd_cal.c **** __IO Bool CalTouch=TRUE;
  23:../Source Files/lpc_glcd_cal.c **** 
  24:../Source Files/lpc_glcd_cal.c **** 
  25:../Source Files/lpc_glcd_cal.c **** /* Public Functions ----------------------------------------------------------- */
  26:../Source Files/lpc_glcd_cal.c **** 
  27:../Source Files/lpc_glcd_cal.c **** /** @addtogroup GLCD_CAL_Public_Functions
  28:../Source Files/lpc_glcd_cal.c ****  * @{
  29:../Source Files/lpc_glcd_cal.c ****  */
  30:../Source Files/lpc_glcd_cal.c **** void TSC2004_Cal_Init(MATRIX_Type *matrixPtr)
  31:../Source Files/lpc_glcd_cal.c **** {
  32:../Source Files/lpc_glcd_cal.c **** 	int n;
  33:../Source Files/lpc_glcd_cal.c **** 	COLORCFG_Type ClrCfg;
  34:../Source Files/lpc_glcd_cal.c **** 	MATRIX_Type	matrix[4],avgmatrix;
  35:../Source Files/lpc_glcd_cal.c **** 	ts_event RTouch;
  36:../Source Files/lpc_glcd_cal.c **** 	ts_eventCal screenSample[5];
  37:../Source Files/lpc_glcd_cal.c **** 	ts_eventCal displaySample[5] =	{
  38:../Source Files/lpc_glcd_cal.c **** 									{  20,  20 },
  39:../Source Files/lpc_glcd_cal.c **** 									{ 300,  20 },
  40:../Source Files/lpc_glcd_cal.c **** 									{ 300, 220 },
  41:../Source Files/lpc_glcd_cal.c **** 									{  20, 220 },
  42:../Source Files/lpc_glcd_cal.c **** 									{ 160, 120 },
  43:../Source Files/lpc_glcd_cal.c **** 								};
  44:../Source Files/lpc_glcd_cal.c **** 
  45:../Source Files/lpc_glcd_cal.c ****  ts_eventCal displaytriangle1[3] = {displaySample[0],displaySample[4],displaySample[1]};
  46:../Source Files/lpc_glcd_cal.c ****  ts_eventCal displaytriangle2[3] = {displaySample[1],displaySample[4],displaySample[2]};
  47:../Source Files/lpc_glcd_cal.c ****  ts_eventCal displaytriangle3[3] = {displaySample[2],displaySample[4],displaySample[3]};
  48:../Source Files/lpc_glcd_cal.c ****  ts_eventCal displaytriangle4[3] = {displaySample[3],displaySample[4],displaySample[0]};
  49:../Source Files/lpc_glcd_cal.c **** 
  50:../Source Files/lpc_glcd_cal.c **** 
  51:../Source Files/lpc_glcd_cal.c **** 
  52:../Source Files/lpc_glcd_cal.c ****  GLCD_Clear(White);
  53:../Source Files/lpc_glcd_cal.c **** 
  54:../Source Files/lpc_glcd_cal.c **** 
  55:../Source Files/lpc_glcd_cal.c ****  for(n=0; n<5; n++)
  56:../Source Files/lpc_glcd_cal.c ****  	{
  57:../Source Files/lpc_glcd_cal.c ****  		switch (n) {
  58:../Source Files/lpc_glcd_cal.c ****  			case 0:
  59:../Source Files/lpc_glcd_cal.c ****  				ClrCfg.bcolor = Red;
  60:../Source Files/lpc_glcd_cal.c ****  				ClrCfg.bndry = FALSE;
  61:../Source Files/lpc_glcd_cal.c ****  				ClrCfg.fill = TRUE;
  62:../Source Files/lpc_glcd_cal.c ****  				ClrCfg.fill_color = Red;
  63:../Source Files/lpc_glcd_cal.c ****  				GLCD_Circle(20,20,3,&ClrCfg);
  64:../Source Files/lpc_glcd_cal.c ****  				break;
  65:../Source Files/lpc_glcd_cal.c **** 
  66:../Source Files/lpc_glcd_cal.c ****  			case 1:
  67:../Source Files/lpc_glcd_cal.c ****  				ClrCfg.bcolor = Red;
  68:../Source Files/lpc_glcd_cal.c ****  				ClrCfg.bndry = FALSE;
  69:../Source Files/lpc_glcd_cal.c ****  				ClrCfg.fill = TRUE;
  70:../Source Files/lpc_glcd_cal.c ****  				ClrCfg.fill_color = Red;
  71:../Source Files/lpc_glcd_cal.c ****  				GLCD_Circle(300,20,3,&ClrCfg);
  72:../Source Files/lpc_glcd_cal.c ****  				break;
  73:../Source Files/lpc_glcd_cal.c **** 
  74:../Source Files/lpc_glcd_cal.c ****  			case 2:
  75:../Source Files/lpc_glcd_cal.c ****  				ClrCfg.bcolor = Red;
  76:../Source Files/lpc_glcd_cal.c ****  				ClrCfg.bndry = FALSE;
  77:../Source Files/lpc_glcd_cal.c ****  				ClrCfg.fill = TRUE;
  78:../Source Files/lpc_glcd_cal.c ****  				ClrCfg.fill_color = Red;
  79:../Source Files/lpc_glcd_cal.c ****  				GLCD_Circle(300,220,3,&ClrCfg);
  80:../Source Files/lpc_glcd_cal.c ****  				break;
  81:../Source Files/lpc_glcd_cal.c **** 
  82:../Source Files/lpc_glcd_cal.c ****  			case 3:
  83:../Source Files/lpc_glcd_cal.c ****  				ClrCfg.bcolor = Red;
  84:../Source Files/lpc_glcd_cal.c ****  				ClrCfg.bndry = FALSE;
  85:../Source Files/lpc_glcd_cal.c ****  				ClrCfg.fill = TRUE;
  86:../Source Files/lpc_glcd_cal.c ****  				ClrCfg.fill_color = Red;
  87:../Source Files/lpc_glcd_cal.c ****  				GLCD_Circle(20,220,3,&ClrCfg);
  88:../Source Files/lpc_glcd_cal.c ****  				break;
  89:../Source Files/lpc_glcd_cal.c **** 
  90:../Source Files/lpc_glcd_cal.c ****  			case 4:
  91:../Source Files/lpc_glcd_cal.c ****  				ClrCfg.bcolor = Red;
  92:../Source Files/lpc_glcd_cal.c ****  				ClrCfg.bndry = FALSE;
  93:../Source Files/lpc_glcd_cal.c ****  				ClrCfg.fill = TRUE;
  94:../Source Files/lpc_glcd_cal.c ****  				ClrCfg.fill_color = Red;
  95:../Source Files/lpc_glcd_cal.c ****  				GLCD_Circle(160,120,3,&ClrCfg);
  96:../Source Files/lpc_glcd_cal.c ****  				break;
  97:../Source Files/lpc_glcd_cal.c **** 
  98:../Source Files/lpc_glcd_cal.c ****  			default:
  99:../Source Files/lpc_glcd_cal.c ****  				break;
 100:../Source Files/lpc_glcd_cal.c ****  		}
 101:../Source Files/lpc_glcd_cal.c ****  		//printf(LPC_UART0, "Touch point\n\r");
 102:../Source Files/lpc_glcd_cal.c ****  		while(TReady == FALSE);
 103:../Source Files/lpc_glcd_cal.c **** // 		printf(LPC_UART0,"\x1b[8;1After While\n\r");
 104:../Source Files/lpc_glcd_cal.c ****  		delay_ms(2000);
 105:../Source Files/lpc_glcd_cal.c **** 
 106:../Source Files/lpc_glcd_cal.c ****  		screenSample[n].x = gTouch.x;
 107:../Source Files/lpc_glcd_cal.c ****  		screenSample[n].y = gTouch.y;
 108:../Source Files/lpc_glcd_cal.c ****  //		printf(LPC_UART0,"\x1b[3;1H gTouchx = %d08",gTouch.x);
 109:../Source Files/lpc_glcd_cal.c ****  //		printf(LPC_UART0,"\x1b[4;1H gTouchy = %d08",gTouch.y);
 110:../Source Files/lpc_glcd_cal.c ****  		TReady = FALSE;
 111:../Source Files/lpc_glcd_cal.c ****  	}
 112:../Source Files/lpc_glcd_cal.c **** 
 113:../Source Files/lpc_glcd_cal.c ****  	CalTouch=FALSE;
 114:../Source Files/lpc_glcd_cal.c ****  //	printf(LPC_UART0,"line reached");
 115:../Source Files/lpc_glcd_cal.c ****  	 ts_eventCal screentriangle1[3] = {screenSample[0],screenSample[4],screenSample[1]};
 116:../Source Files/lpc_glcd_cal.c ****      ts_eventCal screentriangle2[3] = {screenSample[1],screenSample[4],screenSample[2]};
 117:../Source Files/lpc_glcd_cal.c ****      ts_eventCal screentriangle3[3] = {screenSample[2],screenSample[4],screenSample[3]};
 118:../Source Files/lpc_glcd_cal.c ****      ts_eventCal screentriangle4[3] = {screenSample[3],screenSample[4],screenSample[0]};
 119:../Source Files/lpc_glcd_cal.c **** 
 120:../Source Files/lpc_glcd_cal.c **** 
 121:../Source Files/lpc_glcd_cal.c ****      SetCalibrationMatrix(displaytriangle1, screentriangle1, &matrix[0]);
 122:../Source Files/lpc_glcd_cal.c ****      SetCalibrationMatrix(displaytriangle2, screentriangle2, &matrix[1]);
 123:../Source Files/lpc_glcd_cal.c ****      SetCalibrationMatrix(displaytriangle3, screentriangle3, &matrix[2]);
 124:../Source Files/lpc_glcd_cal.c ****      SetCalibrationMatrix(displaytriangle4, screentriangle4, &matrix[3]);
 125:../Source Files/lpc_glcd_cal.c **** 
 126:../Source Files/lpc_glcd_cal.c **** 
 127:../Source Files/lpc_glcd_cal.c ****     	matrixPtr->An = ( matrix[0].An + matrix[1].An + matrix[2].An + matrix[3].An ) / 4;
 128:../Source Files/lpc_glcd_cal.c ****     	matrixPtr->Bn = ( matrix[0].Bn + matrix[1].Bn + matrix[2].Bn + matrix[3].Bn ) / 4;
 129:../Source Files/lpc_glcd_cal.c ****     	matrixPtr->Cn = ( matrix[0].Cn + matrix[1].Cn + matrix[2].Cn + matrix[3].Cn ) / 4;
 130:../Source Files/lpc_glcd_cal.c ****     	matrixPtr->Dn = ( matrix[0].Dn + matrix[1].Dn + matrix[2].Dn + matrix[3].Dn ) / 4;
 131:../Source Files/lpc_glcd_cal.c ****     	matrixPtr->En = ( matrix[0].En + matrix[1].En + matrix[2].En + matrix[3].En ) / 4;
 132:../Source Files/lpc_glcd_cal.c ****     	matrixPtr->Fn = ( matrix[0].Fn + matrix[1].Fn + matrix[2].Fn + matrix[3].Fn ) / 4;
 133:../Source Files/lpc_glcd_cal.c ****     	matrixPtr->Divider = ( matrix[0].Divider + matrix[1].Divider + matrix[2].Divider + matrix[3].D
 134:../Source Files/lpc_glcd_cal.c **** 
 135:../Source Files/lpc_glcd_cal.c **** 
 136:../Source Files/lpc_glcd_cal.c ****     	GLCD_Clear(White);
 137:../Source Files/lpc_glcd_cal.c **** 
 138:../Source Files/lpc_glcd_cal.c **** }
 139:../Source Files/lpc_glcd_cal.c **** 
 140:../Source Files/lpc_glcd_cal.c **** int SetCalibrationMatrix(ts_eventCal *displayPtr, ts_eventCal *screenPtr, MATRIX_Type *matrixPtr)
 141:../Source Files/lpc_glcd_cal.c **** {
  26              		.loc 1 141 0
  27              		.cfi_startproc
  28              		@ args = 0, pretend = 0, frame = 24
  29              		@ frame_needed = 0, uses_anonymous_args = 0
  30              	.LVL0:
  31 0000 2DE9F04F 		push	{r4, r5, r6, r7, r8, r9, sl, fp, lr}
  32              	.LCFI0:
  33              		.cfi_def_cfa_offset 36
  34              		.cfi_offset 4, -36
  35              		.cfi_offset 5, -32
  36              		.cfi_offset 6, -28
  37              		.cfi_offset 7, -24
  38              		.cfi_offset 8, -20
  39              		.cfi_offset 9, -16
  40              		.cfi_offset 10, -12
  41              		.cfi_offset 11, -8
  42              		.cfi_offset 14, -4
 142:../Source Files/lpc_glcd_cal.c **** 	int  retValue = OK;
 143:../Source Files/lpc_glcd_cal.c **** 
 144:../Source Files/lpc_glcd_cal.c ****     matrixPtr->Divider = ((screenPtr[0].x - screenPtr[2].x) * (screenPtr[1].y - screenPtr[2].y)) -
  43              		.loc 1 144 0
  44 0004 B1F80090 		ldrh	r9, [r1, #0]
  45 0008 0D89     		ldrh	r5, [r1, #8]
  46 000a CB88     		ldrh	r3, [r1, #6]
  47 000c B1F80A80 		ldrh	r8, [r1, #10]
 145:../Source Files/lpc_glcd_cal.c ****                          ((screenPtr[1].x - screenPtr[2].x) * (screenPtr[0].y - screenPtr[2].y));
  48              		.loc 1 145 0
  49 0010 B1F804C0 		ldrh	ip, [r1, #4]
  50 0014 0E89     		ldrh	r6, [r1, #8]
  51 0016 4C89     		ldrh	r4, [r1, #10]
  52 0018 4F88     		ldrh	r7, [r1, #2]
  53 001a 1FFA8CFC 		uxth	ip, ip
  54 001e B6B2     		uxth	r6, r6
  55 0020 A4B2     		uxth	r4, r4
  56 0022 BFB2     		uxth	r7, r7
  57 0024 C6EB0C06 		rsb	r6, r6, ip
  58 0028 E41B     		subs	r4, r4, r7
  59 002a 7443     		muls	r4, r6, r4
 144:../Source Files/lpc_glcd_cal.c ****     matrixPtr->Divider = ((screenPtr[0].x - screenPtr[2].x) * (screenPtr[1].y - screenPtr[2].y)) -
  60              		.loc 1 144 0
  61 002c 1FFA89F9 		uxth	r9, r9
  62 0030 ADB2     		uxth	r5, r5
  63 0032 9BB2     		uxth	r3, r3
  64 0034 1FFA88F8 		uxth	r8, r8
  65 0038 C5EB0905 		rsb	r5, r5, r9
  66 003c C8EB0303 		rsb	r3, r8, r3
  67 0040 03FB0543 		mla	r3, r3, r5, r4
 141:../Source Files/lpc_glcd_cal.c **** {
  68              		.loc 1 141 0
  69 0044 87B0     		sub	sp, sp, #28
  70              	.LCFI1:
  71              		.cfi_def_cfa_offset 64
 144:../Source Files/lpc_glcd_cal.c ****     matrixPtr->Divider = ((screenPtr[0].x - screenPtr[2].x) * (screenPtr[1].y - screenPtr[2].y)) -
  72              		.loc 1 144 0
  73 0046 9361     		str	r3, [r2, #24]
 146:../Source Files/lpc_glcd_cal.c **** 
 147:../Source Files/lpc_glcd_cal.c ****     if(matrixPtr->Divider == 0)
  74              		.loc 1 147 0
  75 0048 002B     		cmp	r3, #0
  76 004a 00F00A81 		beq	.L3
 148:../Source Files/lpc_glcd_cal.c ****     {
 149:../Source Files/lpc_glcd_cal.c ****         retValue = NOT_OK;
 150:../Source Files/lpc_glcd_cal.c ****     }
 151:../Source Files/lpc_glcd_cal.c ****     else
 152:../Source Files/lpc_glcd_cal.c ****     {
 153:../Source Files/lpc_glcd_cal.c ****         matrixPtr->An = ((displayPtr[0].x - displayPtr[2].x) * (screenPtr[1].y - screenPtr[2].y)) -
  77              		.loc 1 153 0
  78 004e B0F800A0 		ldrh	sl, [r0, #0]
  79 0052 0589     		ldrh	r5, [r0, #8]
  80 0054 CE88     		ldrh	r6, [r1, #6]
  81 0056 B1F80A90 		ldrh	r9, [r1, #10]
 154:../Source Files/lpc_glcd_cal.c ****                         ((displayPtr[1].x - displayPtr[2].x) * (screenPtr[0].y - screenPtr[2].y));
  82              		.loc 1 154 0
  83 005a B0F804C0 		ldrh	ip, [r0, #4]
  84 005e 0489     		ldrh	r4, [r0, #8]
  85 0060 4F89     		ldrh	r7, [r1, #10]
 153:../Source Files/lpc_glcd_cal.c ****         matrixPtr->An = ((displayPtr[0].x - displayPtr[2].x) * (screenPtr[1].y - screenPtr[2].y)) -
  86              		.loc 1 153 0
  87 0062 B3B2     		uxth	r3, r6
  88              		.loc 1 154 0
  89 0064 A6B2     		uxth	r6, r4
  90 0066 BCB2     		uxth	r4, r7
  91 0068 4F88     		ldrh	r7, [r1, #2]
 153:../Source Files/lpc_glcd_cal.c ****         matrixPtr->An = ((displayPtr[0].x - displayPtr[2].x) * (screenPtr[1].y - screenPtr[2].y)) -
  92              		.loc 1 153 0
  93 006a 1FFA8AFB 		uxth	fp, sl
  94              		.loc 1 154 0
  95 006e BFB2     		uxth	r7, r7
  96 0070 1FFA8CFA 		uxth	sl, ip
  97 0074 C6EB0A06 		rsb	r6, r6, sl
  98 0078 E41B     		subs	r4, r4, r7
  99 007a 7443     		muls	r4, r6, r4
 153:../Source Files/lpc_glcd_cal.c ****         matrixPtr->An = ((displayPtr[0].x - displayPtr[2].x) * (screenPtr[1].y - screenPtr[2].y)) -
 100              		.loc 1 153 0
 101 007c 1FFA89F8 		uxth	r8, r9
 102 0080 ADB2     		uxth	r5, r5
 103 0082 C5EB0B05 		rsb	r5, r5, fp
 104 0086 C8EB0303 		rsb	r3, r8, r3
 105 008a 03FB0547 		mla	r7, r3, r5, r4
 155:../Source Files/lpc_glcd_cal.c **** 
 156:../Source Files/lpc_glcd_cal.c ****         matrixPtr->Bn = ((screenPtr[0].x - screenPtr[2].x) * (displayPtr[1].x - displayPtr[2].x)) -
 106              		.loc 1 156 0
 107 008e B1F800B0 		ldrh	fp, [r1, #0]
 153:../Source Files/lpc_glcd_cal.c ****         matrixPtr->An = ((displayPtr[0].x - displayPtr[2].x) * (screenPtr[1].y - screenPtr[2].y)) -
 108              		.loc 1 153 0
 109 0092 1760     		str	r7, [r2, #0]
 110              		.loc 1 156 0
 111 0094 0D89     		ldrh	r5, [r1, #8]
 112 0096 8388     		ldrh	r3, [r0, #4]
 113 0098 B0F80880 		ldrh	r8, [r0, #8]
 157:../Source Files/lpc_glcd_cal.c ****                         ((displayPtr[0].x - displayPtr[2].x) * (screenPtr[1].x - screenPtr[2].x));
 114              		.loc 1 157 0
 115 009c B0F800C0 		ldrh	ip, [r0, #0]
 116 00a0 0689     		ldrh	r6, [r0, #8]
 117 00a2 0C89     		ldrh	r4, [r1, #8]
 118 00a4 8F88     		ldrh	r7, [r1, #4]
 156:../Source Files/lpc_glcd_cal.c ****         matrixPtr->Bn = ((screenPtr[0].x - screenPtr[2].x) * (displayPtr[1].x - displayPtr[2].x)) -
 119              		.loc 1 156 0
 120 00a6 1FFA8BF9 		uxth	r9, fp
 121              		.loc 1 157 0
 122 00aa BFB2     		uxth	r7, r7
 123 00ac 1FFA8CFB 		uxth	fp, ip
 124 00b0 B6B2     		uxth	r6, r6
 125 00b2 A4B2     		uxth	r4, r4
 126 00b4 C6EB0B06 		rsb	r6, r6, fp
 127 00b8 E41B     		subs	r4, r4, r7
 128 00ba 7443     		muls	r4, r6, r4
 156:../Source Files/lpc_glcd_cal.c ****         matrixPtr->Bn = ((screenPtr[0].x - screenPtr[2].x) * (displayPtr[1].x - displayPtr[2].x)) -
 129              		.loc 1 156 0
 130 00bc 1FFA88FA 		uxth	sl, r8
 131 00c0 ADB2     		uxth	r5, r5
 132 00c2 9BB2     		uxth	r3, r3
 133 00c4 C5EB0905 		rsb	r5, r5, r9
 134 00c8 CAEB0303 		rsb	r3, sl, r3
 135 00cc 03FB0547 		mla	r7, r3, r5, r4
 158:../Source Files/lpc_glcd_cal.c **** 
 159:../Source Files/lpc_glcd_cal.c ****         matrixPtr->Cn = (screenPtr[2].x * displayPtr[1].x - screenPtr[1].x * displayPtr[2].x) * scr
 136              		.loc 1 159 0
 137 00d0 B1F80890 		ldrh	r9, [r1, #8]
 138 00d4 B0F80480 		ldrh	r8, [r0, #4]
 139 00d8 8D88     		ldrh	r5, [r1, #4]
 140 00da 0389     		ldrh	r3, [r0, #8]
 141 00dc 4E88     		ldrh	r6, [r1, #2]
 142 00de 1FFA88FB 		uxth	fp, r8
 143 00e2 B4B2     		uxth	r4, r6
 144 00e4 1FFA85F8 		uxth	r8, r5
 156:../Source Files/lpc_glcd_cal.c ****         matrixPtr->Bn = ((screenPtr[0].x - screenPtr[2].x) * (displayPtr[1].x - displayPtr[2].x)) -
 145              		.loc 1 156 0
 146 00e8 5760     		str	r7, [r2, #4]
 160:../Source Files/lpc_glcd_cal.c ****                         (screenPtr[0].x * displayPtr[2].x - screenPtr[2].x * displayPtr[0].x) * scr
 147              		.loc 1 160 0
 148 00ea 0F88     		ldrh	r7, [r1, #0]
 149 00ec B0F808C0 		ldrh	ip, [r0, #8]
 150 00f0 0D89     		ldrh	r5, [r1, #8]
 151 00f2 0688     		ldrh	r6, [r0, #0]
 159:../Source Files/lpc_glcd_cal.c ****         matrixPtr->Cn = (screenPtr[2].x * displayPtr[1].x - screenPtr[1].x * displayPtr[2].x) * scr
 152              		.loc 1 159 0
 153 00f4 1FFA89FA 		uxth	sl, r9
 154 00f8 0194     		str	r4, [sp, #4]
 155 00fa 1FFA83F9 		uxth	r9, r3
 156              		.loc 1 160 0
 157 00fe B4B2     		uxth	r4, r6
 158 0100 ABB2     		uxth	r3, r5
 159 0102 CD88     		ldrh	r5, [r1, #6]
 161:../Source Files/lpc_glcd_cal.c ****                         (screenPtr[1].x * displayPtr[0].x - screenPtr[0].x * displayPtr[1].x) * scr
 160              		.loc 1 161 0
 161 0104 8E88     		ldrh	r6, [r1, #4]
 159:../Source Files/lpc_glcd_cal.c ****         matrixPtr->Cn = (screenPtr[2].x * displayPtr[1].x - screenPtr[1].x * displayPtr[2].x) * scr
 162              		.loc 1 159 0
 163 0106 0BFB0AFA 		mul	sl, fp, sl
 160:../Source Files/lpc_glcd_cal.c ****                         (screenPtr[0].x * displayPtr[2].x - screenPtr[2].x * displayPtr[0].x) * scr
 164              		.loc 1 160 0
 165 010a 1FFA8CFC 		uxth	ip, ip
 166 010e 0293     		str	r3, [sp, #8]
 167 0110 0394     		str	r4, [sp, #12]
 168 0112 ABB2     		uxth	r3, r5
 169              		.loc 1 161 0
 170 0114 B4B2     		uxth	r4, r6
 160:../Source Files/lpc_glcd_cal.c ****                         (screenPtr[0].x * displayPtr[2].x - screenPtr[2].x * displayPtr[0].x) * scr
 171              		.loc 1 160 0
 172 0116 BFB2     		uxth	r7, r7
 173 0118 0493     		str	r3, [sp, #16]
 174 011a 0CFB07F7 		mul	r7, ip, r7
 175              		.loc 1 161 0
 176 011e 0594     		str	r4, [sp, #20]
 177 0120 0588     		ldrh	r5, [r0, #0]
 178 0122 0E88     		ldrh	r6, [r1, #0]
 159:../Source Files/lpc_glcd_cal.c ****         matrixPtr->Cn = (screenPtr[2].x * displayPtr[1].x - screenPtr[1].x * displayPtr[2].x) * scr
 179              		.loc 1 159 0
 180 0124 09FB18AB 		mls	fp, r9, r8, sl
 181              		.loc 1 161 0
 182 0128 B4B2     		uxth	r4, r6
 160:../Source Files/lpc_glcd_cal.c ****                         (screenPtr[0].x * displayPtr[2].x - screenPtr[2].x * displayPtr[0].x) * scr
 183              		.loc 1 160 0
 184 012a DDF80C80 		ldr	r8, [sp, #12]
 185 012e 029E     		ldr	r6, [sp, #8]
 186              		.loc 1 161 0
 187 0130 ABB2     		uxth	r3, r5
 160:../Source Files/lpc_glcd_cal.c ****                         (screenPtr[0].x * displayPtr[2].x - screenPtr[2].x * displayPtr[0].x) * scr
 188              		.loc 1 160 0
 189 0132 08FB1677 		mls	r7, r8, r6, r7
 190 0136 049E     		ldr	r6, [sp, #16]
 159:../Source Files/lpc_glcd_cal.c ****         matrixPtr->Cn = (screenPtr[2].x * displayPtr[1].x - screenPtr[1].x * displayPtr[2].x) * scr
 191              		.loc 1 159 0
 192 0138 DDF80490 		ldr	r9, [sp, #4]
 160:../Source Files/lpc_glcd_cal.c ****                         (screenPtr[0].x * displayPtr[2].x - screenPtr[2].x * displayPtr[0].x) * scr
 193              		.loc 1 160 0
 194 013c 7743     		muls	r7, r6, r7
 195              		.loc 1 161 0
 196 013e 0093     		str	r3, [sp, #0]
 159:../Source Files/lpc_glcd_cal.c ****         matrixPtr->Cn = (screenPtr[2].x * displayPtr[1].x - screenPtr[1].x * displayPtr[2].x) * scr
 197              		.loc 1 159 0
 198 0140 09FB0B7C 		mla	ip, r9, fp, r7
 199              		.loc 1 161 0
 200 0144 059E     		ldr	r6, [sp, #20]
 201 0146 009F     		ldr	r7, [sp, #0]
 202 0148 8588     		ldrh	r5, [r0, #4]
 203 014a 7E43     		muls	r6, r7, r6
 204 014c ADB2     		uxth	r5, r5
 205 014e 05FB1464 		mls	r4, r5, r4, r6
 206 0152 4B89     		ldrh	r3, [r1, #10]
 207 0154 9BB2     		uxth	r3, r3
 160:../Source Files/lpc_glcd_cal.c ****                         (screenPtr[0].x * displayPtr[2].x - screenPtr[2].x * displayPtr[0].x) * scr
 208              		.loc 1 160 0
 209 0156 03FB04C5 		mla	r5, r3, r4, ip
 162:../Source Files/lpc_glcd_cal.c **** 
 163:../Source Files/lpc_glcd_cal.c ****         matrixPtr->Dn = ((displayPtr[0].y - displayPtr[2].y) * (screenPtr[1].y - screenPtr[2].y)) -
 210              		.loc 1 163 0
 211 015a 4388     		ldrh	r3, [r0, #2]
 212 015c 4689     		ldrh	r6, [r0, #10]
 213 015e CF88     		ldrh	r7, [r1, #6]
 214 0160 1FFA83FA 		uxth	sl, r3
 215 0164 B1F80AB0 		ldrh	fp, [r1, #10]
 216 0168 BBB2     		uxth	r3, r7
 164:../Source Files/lpc_glcd_cal.c ****                         ((displayPtr[1].y - displayPtr[2].y) * (screenPtr[0].y - screenPtr[2].y));
 217              		.loc 1 164 0
 218 016a B0F80690 		ldrh	r9, [r0, #6]
 219 016e 4489     		ldrh	r4, [r0, #10]
 220 0170 4F89     		ldrh	r7, [r1, #10]
 159:../Source Files/lpc_glcd_cal.c ****         matrixPtr->Cn = (screenPtr[2].x * displayPtr[1].x - screenPtr[1].x * displayPtr[2].x) * scr
 221              		.loc 1 159 0
 222 0172 9560     		str	r5, [r2, #8]
 163:../Source Files/lpc_glcd_cal.c ****         matrixPtr->Dn = ((displayPtr[0].y - displayPtr[2].y) * (screenPtr[1].y - screenPtr[2].y)) -
 223              		.loc 1 163 0
 224 0174 B5B2     		uxth	r5, r6
 225              		.loc 1 164 0
 226 0176 A6B2     		uxth	r6, r4
 227 0178 BCB2     		uxth	r4, r7
 228 017a 4F88     		ldrh	r7, [r1, #2]
 229 017c 1FFA89FC 		uxth	ip, r9
 230 0180 BFB2     		uxth	r7, r7
 231 0182 C6EB0C06 		rsb	r6, r6, ip
 232 0186 E41B     		subs	r4, r4, r7
 233 0188 7443     		muls	r4, r6, r4
 163:../Source Files/lpc_glcd_cal.c ****         matrixPtr->Dn = ((displayPtr[0].y - displayPtr[2].y) * (screenPtr[1].y - screenPtr[2].y)) -
 234              		.loc 1 163 0
 235 018a 1FFA8BF8 		uxth	r8, fp
 236 018e C5EB0A05 		rsb	r5, r5, sl
 237 0192 C8EB0303 		rsb	r3, r8, r3
 238 0196 03FB0547 		mla	r7, r3, r5, r4
 165:../Source Files/lpc_glcd_cal.c **** 
 166:../Source Files/lpc_glcd_cal.c ****         matrixPtr->En = ((screenPtr[0].x - screenPtr[2].x) * (displayPtr[1].y - displayPtr[2].y)) -
 239              		.loc 1 166 0
 240 019a B1F800A0 		ldrh	sl, [r1, #0]
 163:../Source Files/lpc_glcd_cal.c ****         matrixPtr->Dn = ((displayPtr[0].y - displayPtr[2].y) * (screenPtr[1].y - screenPtr[2].y)) -
 241              		.loc 1 163 0
 242 019e D760     		str	r7, [r2, #12]
 243              		.loc 1 166 0
 244 01a0 0D89     		ldrh	r5, [r1, #8]
 245 01a2 C388     		ldrh	r3, [r0, #6]
 246 01a4 B0F80A80 		ldrh	r8, [r0, #10]
 167:../Source Files/lpc_glcd_cal.c ****                         ((displayPtr[0].y - displayPtr[2].y) * (screenPtr[1].x - screenPtr[2].x));
 247              		.loc 1 167 0
 248 01a8 B0F802C0 		ldrh	ip, [r0, #2]
 249 01ac 4689     		ldrh	r6, [r0, #10]
 250 01ae 0C89     		ldrh	r4, [r1, #8]
 251 01b0 8F88     		ldrh	r7, [r1, #4]
 166:../Source Files/lpc_glcd_cal.c ****         matrixPtr->En = ((screenPtr[0].x - screenPtr[2].x) * (displayPtr[1].y - displayPtr[2].y)) -
 252              		.loc 1 166 0
 253 01b2 1FFA8AFB 		uxth	fp, sl
 254              		.loc 1 167 0
 255 01b6 BFB2     		uxth	r7, r7
 256 01b8 1FFA8CFA 		uxth	sl, ip
 257 01bc B6B2     		uxth	r6, r6
 258 01be A4B2     		uxth	r4, r4
 259 01c0 C6EB0A06 		rsb	r6, r6, sl
 260 01c4 E41B     		subs	r4, r4, r7
 261 01c6 7443     		muls	r4, r6, r4
 166:../Source Files/lpc_glcd_cal.c ****         matrixPtr->En = ((screenPtr[0].x - screenPtr[2].x) * (displayPtr[1].y - displayPtr[2].y)) -
 262              		.loc 1 166 0
 263 01c8 1FFA88F9 		uxth	r9, r8
 264 01cc ADB2     		uxth	r5, r5
 265 01ce 9BB2     		uxth	r3, r3
 266 01d0 C5EB0B05 		rsb	r5, r5, fp
 267 01d4 C9EB0303 		rsb	r3, r9, r3
 268 01d8 03FB0547 		mla	r7, r3, r5, r4
 168:../Source Files/lpc_glcd_cal.c **** 
 169:../Source Files/lpc_glcd_cal.c ****         matrixPtr->Fn = (screenPtr[2].x * displayPtr[1].y - screenPtr[1].x * displayPtr[2].y) * scr
 269              		.loc 1 169 0
 270 01dc B1F808B0 		ldrh	fp, [r1, #8]
 271 01e0 C588     		ldrh	r5, [r0, #6]
 272 01e2 B1F80480 		ldrh	r8, [r1, #4]
 273 01e6 B0F80A90 		ldrh	r9, [r0, #10]
 274 01ea 4B88     		ldrh	r3, [r1, #2]
 166:../Source Files/lpc_glcd_cal.c ****         matrixPtr->En = ((screenPtr[0].x - screenPtr[2].x) * (displayPtr[1].y - displayPtr[2].y)) -
 275              		.loc 1 166 0
 276 01ec 1761     		str	r7, [r2, #16]
 277              		.loc 1 169 0
 278 01ee 9EB2     		uxth	r6, r3
 279 01f0 0196     		str	r6, [sp, #4]
 170:../Source Files/lpc_glcd_cal.c ****                         (screenPtr[0].x * displayPtr[2].y - screenPtr[2].x * displayPtr[0].y) * scr
 280              		.loc 1 170 0
 281 01f2 0C88     		ldrh	r4, [r1, #0]
 282 01f4 B0F80AC0 		ldrh	ip, [r0, #10]
 169:../Source Files/lpc_glcd_cal.c ****         matrixPtr->Fn = (screenPtr[2].x * displayPtr[1].y - screenPtr[1].x * displayPtr[2].y) * scr
 283              		.loc 1 169 0
 284 01f8 1FFA8BFA 		uxth	sl, fp
 285 01fc 1FFA85FB 		uxth	fp, r5
 286              		.loc 1 170 0
 287 0200 0D89     		ldrh	r5, [r1, #8]
 288 0202 A7B2     		uxth	r7, r4
 289 0204 1FFA8CFC 		uxth	ip, ip
 290 0208 ABB2     		uxth	r3, r5
 291 020a 0CFB07F7 		mul	r7, ip, r7
 169:../Source Files/lpc_glcd_cal.c ****         matrixPtr->Fn = (screenPtr[2].x * displayPtr[1].y - screenPtr[1].x * displayPtr[2].y) * scr
 292              		.loc 1 169 0
 293 020e 0BFB0AFA 		mul	sl, fp, sl
 294              		.loc 1 170 0
 295 0212 4688     		ldrh	r6, [r0, #2]
 296 0214 0293     		str	r3, [sp, #8]
 297 0216 CC88     		ldrh	r4, [r1, #6]
 298 0218 DDF808C0 		ldr	ip, [sp, #8]
 299 021c B6B2     		uxth	r6, r6
 169:../Source Files/lpc_glcd_cal.c ****         matrixPtr->Fn = (screenPtr[2].x * displayPtr[1].y - screenPtr[1].x * displayPtr[2].y) * scr
 300              		.loc 1 169 0
 301 021e 1FFA88F8 		uxth	r8, r8
 302 0222 1FFA89F9 		uxth	r9, r9
 303              		.loc 1 170 0
 304 0226 A5B2     		uxth	r5, r4
 169:../Source Files/lpc_glcd_cal.c ****         matrixPtr->Fn = (screenPtr[2].x * displayPtr[1].y - screenPtr[1].x * displayPtr[2].y) * scr
 305              		.loc 1 169 0
 306 0228 09FB18A8 		mls	r8, r9, r8, sl
 307              		.loc 1 170 0
 308 022c 06FB1C7A 		mls	sl, r6, ip, r7
 171:../Source Files/lpc_glcd_cal.c ****                         (screenPtr[1].x * displayPtr[0].y - screenPtr[0].x * displayPtr[1].y) * scr
 309              		.loc 1 171 0
 310 0230 8B88     		ldrh	r3, [r1, #4]
 170:../Source Files/lpc_glcd_cal.c ****                         (screenPtr[0].x * displayPtr[2].y - screenPtr[2].x * displayPtr[0].y) * scr
 311              		.loc 1 170 0
 312 0232 0395     		str	r5, [sp, #12]
 313              		.loc 1 171 0
 314 0234 4588     		ldrh	r5, [r0, #2]
 170:../Source Files/lpc_glcd_cal.c ****                         (screenPtr[0].x * displayPtr[2].y - screenPtr[2].x * displayPtr[0].y) * scr
 315              		.loc 1 170 0
 316 0236 039E     		ldr	r6, [sp, #12]
 317              		.loc 1 171 0
 318 0238 9CB2     		uxth	r4, r3
 319 023a ADB2     		uxth	r5, r5
 170:../Source Files/lpc_glcd_cal.c ****                         (screenPtr[0].x * displayPtr[2].y - screenPtr[2].x * displayPtr[0].y) * scr
 320              		.loc 1 170 0
 321 023c 06FB0AFC 		mul	ip, r6, sl
 322              		.loc 1 171 0
 323 0240 6C43     		muls	r4, r5, r4
 324 0242 0B88     		ldrh	r3, [r1, #0]
 325 0244 C088     		ldrh	r0, [r0, #6]
 326              	.LVL1:
 169:../Source Files/lpc_glcd_cal.c ****         matrixPtr->Fn = (screenPtr[2].x * displayPtr[1].y - screenPtr[1].x * displayPtr[2].y) * scr
 327              		.loc 1 169 0
 328 0246 019F     		ldr	r7, [sp, #4]
 329              		.loc 1 171 0
 330 0248 80B2     		uxth	r0, r0
 331 024a 9BB2     		uxth	r3, r3
 169:../Source Files/lpc_glcd_cal.c ****         matrixPtr->Fn = (screenPtr[2].x * displayPtr[1].y - screenPtr[1].x * displayPtr[2].y) * scr
 332              		.loc 1 169 0
 333 024c 07FB08CA 		mla	sl, r7, r8, ip
 334              		.loc 1 171 0
 335 0250 00FB1343 		mls	r3, r0, r3, r4
 336 0254 4989     		ldrh	r1, [r1, #10]
 337              	.LVL2:
 338 0256 89B2     		uxth	r1, r1
 170:../Source Files/lpc_glcd_cal.c ****                         (screenPtr[0].x * displayPtr[2].y - screenPtr[2].x * displayPtr[0].y) * scr
 339              		.loc 1 170 0
 340 0258 01FB03A0 		mla	r0, r1, r3, sl
 169:../Source Files/lpc_glcd_cal.c ****         matrixPtr->Fn = (screenPtr[2].x * displayPtr[1].y - screenPtr[1].x * displayPtr[2].y) * scr
 341              		.loc 1 169 0
 342 025c 5061     		str	r0, [r2, #20]
 142:../Source Files/lpc_glcd_cal.c **** 	int  retValue = OK;
 343              		.loc 1 142 0
 344 025e 0020     		movs	r0, #0
 345 0260 01E0     		b	.L2
 346              	.LVL3:
 347              	.L3:
 149:../Source Files/lpc_glcd_cal.c ****         retValue = NOT_OK;
 348              		.loc 1 149 0
 349 0262 4FF0FF30 		mov	r0, #-1
 350              	.LVL4:
 351              	.L2:
 172:../Source Files/lpc_glcd_cal.c ****     }
 173:../Source Files/lpc_glcd_cal.c **** 
 174:../Source Files/lpc_glcd_cal.c ****     return(retValue);
 175:../Source Files/lpc_glcd_cal.c **** } /* end of setCalibrationMatrix() */
 352              		.loc 1 175 0
 353 0266 07B0     		add	sp, sp, #28
 354 0268 BDE8F08F 		pop	{r4, r5, r6, r7, r8, r9, sl, fp, pc}
 355              		.cfi_endproc
 356              	.LFE56:
 358              		.align	1
 359              		.global	TSC2004_Cal_Init
 360              		.thumb
 361              		.thumb_func
 363              	TSC2004_Cal_Init:
 364              	.LFB55:
  31:../Source Files/lpc_glcd_cal.c **** {
 365              		.loc 1 31 0
 366              		.cfi_startproc
 367              		@ args = 0, pretend = 0, frame = 256
 368              		@ frame_needed = 0, uses_anonymous_args = 0
 369              	.LVL5:
 370 026c 70B5     		push	{r4, r5, r6, lr}
 371              	.LCFI2:
 372              		.cfi_def_cfa_offset 16
 373              		.cfi_offset 4, -16
 374              		.cfi_offset 5, -12
 375              		.cfi_offset 6, -8
 376              		.cfi_offset 14, -4
  37:../Source Files/lpc_glcd_cal.c **** 	ts_eventCal displaySample[5] =	{
 377              		.loc 1 37 0
 378 026e 7E4B     		ldr	r3, .L25
  31:../Source Files/lpc_glcd_cal.c **** {
 379              		.loc 1 31 0
 380 0270 C0B0     		sub	sp, sp, #256
 381              	.LCFI3:
 382              		.cfi_def_cfa_offset 272
  31:../Source Files/lpc_glcd_cal.c **** {
 383              		.loc 1 31 0
 384 0272 0446     		mov	r4, r0
  37:../Source Files/lpc_glcd_cal.c **** 	ts_eventCal displaySample[5] =	{
 385              		.loc 1 37 0
 386 0274 1FAA     		add	r2, sp, #124
 387 0276 03F11006 		add	r6, r3, #16
 388              	.LVL6:
 389              	.L6:
 390 027a 1868     		ldr	r0, [r3, #0]	@ unaligned
 391 027c 5968     		ldr	r1, [r3, #4]	@ unaligned
 392 027e 1546     		mov	r5, r2
 393 0280 03C5     		stmia	r5!, {r0, r1}
 394 0282 0833     		adds	r3, r3, #8
 395 0284 B342     		cmp	r3, r6
 396 0286 2A46     		mov	r2, r5
 397 0288 F7D1     		bne	.L6
 398 028a 1868     		ldr	r0, [r3, #0]	@ unaligned
 399 028c 2860     		str	r0, [r5, #0]	@ unaligned
  45:../Source Files/lpc_glcd_cal.c ****  ts_eventCal displaytriangle1[3] = {displaySample[0],displaySample[4],displaySample[1]};
 400              		.loc 1 45 0
 401 028e 239B     		ldr	r3, [sp, #140]
  46:../Source Files/lpc_glcd_cal.c ****  ts_eventCal displaytriangle2[3] = {displaySample[1],displaySample[4],displaySample[2]};
 402              		.loc 1 46 0
 403 0290 219D     		ldr	r5, [sp, #132]
  45:../Source Files/lpc_glcd_cal.c ****  ts_eventCal displaytriangle1[3] = {displaySample[0],displaySample[4],displaySample[1]};
 404              		.loc 1 45 0
 405 0292 1F9E     		ldr	r6, [sp, #124]
 406 0294 2099     		ldr	r1, [sp, #128]
  47:../Source Files/lpc_glcd_cal.c ****  ts_eventCal displaytriangle3[3] = {displaySample[2],displaySample[4],displaySample[3]};
 407              		.loc 1 47 0
 408 0296 229A     		ldr	r2, [sp, #136]
  52:../Source Files/lpc_glcd_cal.c ****  GLCD_Clear(White);
 409              		.loc 1 52 0
 410 0298 4FF6FF70 		movw	r0, #65535
  46:../Source Files/lpc_glcd_cal.c ****  ts_eventCal displaytriangle2[3] = {displaySample[1],displaySample[4],displaySample[2]};
 411              		.loc 1 46 0
 412 029c 0795     		str	r5, [sp, #28]
  47:../Source Files/lpc_glcd_cal.c ****  ts_eventCal displaytriangle3[3] = {displaySample[2],displaySample[4],displaySample[3]};
 413              		.loc 1 47 0
 414 029e 0895     		str	r5, [sp, #32]
  45:../Source Files/lpc_glcd_cal.c ****  ts_eventCal displaytriangle1[3] = {displaySample[0],displaySample[4],displaySample[1]};
 415              		.loc 1 45 0
 416 02a0 0296     		str	r6, [sp, #8]
 417 02a2 0393     		str	r3, [sp, #12]
 418 02a4 0491     		str	r1, [sp, #16]
  46:../Source Files/lpc_glcd_cal.c ****  ts_eventCal displaytriangle2[3] = {displaySample[1],displaySample[4],displaySample[2]};
 419              		.loc 1 46 0
 420 02a6 0591     		str	r1, [sp, #20]
 421 02a8 0693     		str	r3, [sp, #24]
  47:../Source Files/lpc_glcd_cal.c ****  ts_eventCal displaytriangle3[3] = {displaySample[2],displaySample[4],displaySample[3]};
 422              		.loc 1 47 0
 423 02aa 0993     		str	r3, [sp, #36]
 424 02ac 0A92     		str	r2, [sp, #40]
  48:../Source Files/lpc_glcd_cal.c ****  ts_eventCal displaytriangle4[3] = {displaySample[3],displaySample[4],displaySample[0]};
 425              		.loc 1 48 0
 426 02ae 0B92     		str	r2, [sp, #44]
 427 02b0 0C93     		str	r3, [sp, #48]
 428 02b2 0D96     		str	r6, [sp, #52]
  52:../Source Files/lpc_glcd_cal.c ****  GLCD_Clear(White);
 429              		.loc 1 52 0
 430 02b4 FFF7FEFF 		bl	GLCD_Clear
 431              	.LVL7:
  55:../Source Files/lpc_glcd_cal.c ****  for(n=0; n<5; n++)
 432              		.loc 1 55 0
 433 02b8 0025     		movs	r5, #0
 434              	.LVL8:
 435              	.L15:
  57:../Source Files/lpc_glcd_cal.c ****  		switch (n) {
 436              		.loc 1 57 0
 437 02ba 6E1E     		subs	r6, r5, #1
 438 02bc 0021     		movs	r1, #0
 439 02be 4FF47843 		mov	r3, #63488
 440 02c2 032E     		cmp	r6, #3
 441 02c4 03D8     		bhi	.L7
 442 02c6 DFE806F0 		tbb	[pc, r6]
 443              	.L12:
 444 02ca 0E       		.byte	(.L8-.L12)/2
 445 02cb 1B       		.byte	(.L9-.L12)/2
 446 02cc 27       		.byte	(.L10-.L12)/2
 447 02cd 33       		.byte	(.L11-.L12)/2
 448              		.align	1
 449              	.L7:
  60:../Source Files/lpc_glcd_cal.c ****  				ClrCfg.bndry = FALSE;
 450              		.loc 1 60 0
 451 02ce 8DF80110 		strb	r1, [sp, #1]
  63:../Source Files/lpc_glcd_cal.c ****  				GLCD_Circle(20,20,3,&ClrCfg);
 452              		.loc 1 63 0
 453 02d2 1420     		movs	r0, #20
  61:../Source Files/lpc_glcd_cal.c ****  				ClrCfg.fill = TRUE;
 454              		.loc 1 61 0
 455 02d4 0121     		movs	r1, #1
 456 02d6 8DF80010 		strb	r1, [sp, #0]
  59:../Source Files/lpc_glcd_cal.c ****  				ClrCfg.bcolor = Red;
 457              		.loc 1 59 0
 458 02da ADF80230 		strh	r3, [sp, #2]	@ movhi
  62:../Source Files/lpc_glcd_cal.c ****  				ClrCfg.fill_color = Red;
 459              		.loc 1 62 0
 460 02de ADF80430 		strh	r3, [sp, #4]	@ movhi
  63:../Source Files/lpc_glcd_cal.c ****  				GLCD_Circle(20,20,3,&ClrCfg);
 461              		.loc 1 63 0
 462 02e2 0146     		mov	r1, r0
 463 02e4 2FE0     		b	.L23
 464              	.L8:
  69:../Source Files/lpc_glcd_cal.c ****  				ClrCfg.fill = TRUE;
 465              		.loc 1 69 0
 466 02e6 0126     		movs	r6, #1
  68:../Source Files/lpc_glcd_cal.c ****  				ClrCfg.bndry = FALSE;
 467              		.loc 1 68 0
 468 02e8 8DF80110 		strb	r1, [sp, #1]
  67:../Source Files/lpc_glcd_cal.c ****  				ClrCfg.bcolor = Red;
 469              		.loc 1 67 0
 470 02ec ADF80230 		strh	r3, [sp, #2]	@ movhi
  69:../Source Files/lpc_glcd_cal.c ****  				ClrCfg.fill = TRUE;
 471              		.loc 1 69 0
 472 02f0 8DF80060 		strb	r6, [sp, #0]
  70:../Source Files/lpc_glcd_cal.c ****  				ClrCfg.fill_color = Red;
 473              		.loc 1 70 0
 474 02f4 ADF80430 		strh	r3, [sp, #4]	@ movhi
  71:../Source Files/lpc_glcd_cal.c ****  				GLCD_Circle(300,20,3,&ClrCfg);
 475              		.loc 1 71 0
 476 02f8 4FF49670 		mov	r0, #300
 477 02fc 1421     		movs	r1, #20
 478 02fe 22E0     		b	.L23
 479              	.L9:
  77:../Source Files/lpc_glcd_cal.c ****  				ClrCfg.fill = TRUE;
 480              		.loc 1 77 0
 481 0300 0122     		movs	r2, #1
  75:../Source Files/lpc_glcd_cal.c ****  				ClrCfg.bcolor = Red;
 482              		.loc 1 75 0
 483 0302 ADF80230 		strh	r3, [sp, #2]	@ movhi
  76:../Source Files/lpc_glcd_cal.c ****  				ClrCfg.bndry = FALSE;
 484              		.loc 1 76 0
 485 0306 8DF80110 		strb	r1, [sp, #1]
  77:../Source Files/lpc_glcd_cal.c ****  				ClrCfg.fill = TRUE;
 486              		.loc 1 77 0
 487 030a 8DF80020 		strb	r2, [sp, #0]
  78:../Source Files/lpc_glcd_cal.c ****  				ClrCfg.fill_color = Red;
 488              		.loc 1 78 0
 489 030e ADF80430 		strh	r3, [sp, #4]	@ movhi
  79:../Source Files/lpc_glcd_cal.c ****  				GLCD_Circle(300,220,3,&ClrCfg);
 490              		.loc 1 79 0
 491 0312 4FF49670 		mov	r0, #300
 492 0316 09E0     		b	.L24
 493              	.L10:
  85:../Source Files/lpc_glcd_cal.c ****  				ClrCfg.fill = TRUE;
 494              		.loc 1 85 0
 495 0318 0120     		movs	r0, #1
 496 031a 8DF80000 		strb	r0, [sp, #0]
  83:../Source Files/lpc_glcd_cal.c ****  				ClrCfg.bcolor = Red;
 497              		.loc 1 83 0
 498 031e ADF80230 		strh	r3, [sp, #2]	@ movhi
  84:../Source Files/lpc_glcd_cal.c ****  				ClrCfg.bndry = FALSE;
 499              		.loc 1 84 0
 500 0322 8DF80110 		strb	r1, [sp, #1]
  86:../Source Files/lpc_glcd_cal.c ****  				ClrCfg.fill_color = Red;
 501              		.loc 1 86 0
 502 0326 ADF80430 		strh	r3, [sp, #4]	@ movhi
  87:../Source Files/lpc_glcd_cal.c ****  				GLCD_Circle(20,220,3,&ClrCfg);
 503              		.loc 1 87 0
 504 032a 1420     		movs	r0, #20
 505              	.L24:
 506 032c DC21     		movs	r1, #220
 507 032e 0AE0     		b	.L23
 508              	.L11:
  93:../Source Files/lpc_glcd_cal.c ****  				ClrCfg.fill = TRUE;
 509              		.loc 1 93 0
 510 0330 0120     		movs	r0, #1
  92:../Source Files/lpc_glcd_cal.c ****  				ClrCfg.bndry = FALSE;
 511              		.loc 1 92 0
 512 0332 8DF80110 		strb	r1, [sp, #1]
  93:../Source Files/lpc_glcd_cal.c ****  				ClrCfg.fill = TRUE;
 513              		.loc 1 93 0
 514 0336 8DF80000 		strb	r0, [sp, #0]
  91:../Source Files/lpc_glcd_cal.c ****  				ClrCfg.bcolor = Red;
 515              		.loc 1 91 0
 516 033a ADF80230 		strh	r3, [sp, #2]	@ movhi
  94:../Source Files/lpc_glcd_cal.c ****  				ClrCfg.fill_color = Red;
 517              		.loc 1 94 0
 518 033e ADF80430 		strh	r3, [sp, #4]	@ movhi
  95:../Source Files/lpc_glcd_cal.c ****  				GLCD_Circle(160,120,3,&ClrCfg);
 519              		.loc 1 95 0
 520 0342 A020     		movs	r0, #160
 521 0344 7821     		movs	r1, #120
 522              	.L23:
 523 0346 0322     		movs	r2, #3
 524 0348 6B46     		mov	r3, sp
 525 034a FFF7FEFF 		bl	GLCD_Circle
 526              	.LVL9:
 527              	.L18:
 102:../Source Files/lpc_glcd_cal.c ****  		while(TReady == FALSE);
 528              		.loc 1 102 0 discriminator 1
 529 034e 474E     		ldr	r6, .L25+4
 530 0350 3378     		ldrb	r3, [r6, #0]	@ zero_extendqisi2
 531 0352 002B     		cmp	r3, #0
 532 0354 FBD0     		beq	.L18
 104:../Source Files/lpc_glcd_cal.c ****  		delay_ms(2000);
 533              		.loc 1 104 0
 534 0356 4FF4FA60 		mov	r0, #2000
 535 035a FFF7FEFF 		bl	delay_ms
 536              	.LVL10:
 106:../Source Files/lpc_glcd_cal.c ****  		screenSample[n].x = gTouch.x;
 537              		.loc 1 106 0
 538 035e 444A     		ldr	r2, .L25+8
 539 0360 40A8     		add	r0, sp, #256
 540 0362 1188     		ldrh	r1, [r2, #0]
 541 0364 00EB8503 		add	r3, r0, r5, lsl #2
 542 0368 89B2     		uxth	r1, r1
 543 036a 23F8981C 		strh	r1, [r3, #-152]	@ movhi
 107:../Source Files/lpc_glcd_cal.c ****  		screenSample[n].y = gTouch.y;
 544              		.loc 1 107 0
 545 036e 5288     		ldrh	r2, [r2, #2]
  55:../Source Files/lpc_glcd_cal.c ****  for(n=0; n<5; n++)
 546              		.loc 1 55 0
 547 0370 0135     		adds	r5, r5, #1
 548              	.LVL11:
 110:../Source Files/lpc_glcd_cal.c ****  		TReady = FALSE;
 549              		.loc 1 110 0
 550 0372 0020     		movs	r0, #0
 107:../Source Files/lpc_glcd_cal.c ****  		screenSample[n].y = gTouch.y;
 551              		.loc 1 107 0
 552 0374 91B2     		uxth	r1, r2
  55:../Source Files/lpc_glcd_cal.c ****  for(n=0; n<5; n++)
 553              		.loc 1 55 0
 554 0376 052D     		cmp	r5, #5
 107:../Source Files/lpc_glcd_cal.c ****  		screenSample[n].y = gTouch.y;
 555              		.loc 1 107 0
 556 0378 23F8961C 		strh	r1, [r3, #-150]	@ movhi
 110:../Source Files/lpc_glcd_cal.c ****  		TReady = FALSE;
 557              		.loc 1 110 0
 558 037c 3070     		strb	r0, [r6, #0]
  55:../Source Files/lpc_glcd_cal.c ****  for(n=0; n<5; n++)
 559              		.loc 1 55 0
 560 037e 9CD1     		bne	.L15
 115:../Source Files/lpc_glcd_cal.c ****  	 ts_eventCal screentriangle1[3] = {screenSample[0],screenSample[4],screenSample[1]};
 561              		.loc 1 115 0
 562 0380 1B99     		ldr	r1, [sp, #108]
 113:../Source Files/lpc_glcd_cal.c ****  	CalTouch=FALSE;
 563              		.loc 1 113 0
 564 0382 3C4B     		ldr	r3, .L25+12
 115:../Source Files/lpc_glcd_cal.c ****  	 ts_eventCal screentriangle1[3] = {screenSample[0],screenSample[4],screenSample[1]};
 565              		.loc 1 115 0
 566 0384 1A9A     		ldr	r2, [sp, #104]
 113:../Source Files/lpc_glcd_cal.c ****  	CalTouch=FALSE;
 567              		.loc 1 113 0
 568 0386 1870     		strb	r0, [r3, #0]
 115:../Source Files/lpc_glcd_cal.c ****  	 ts_eventCal screentriangle1[3] = {screenSample[0],screenSample[4],screenSample[1]};
 569              		.loc 1 115 0
 570 0388 1091     		str	r1, [sp, #64]
 571 038a 1E98     		ldr	r0, [sp, #120]
 116:../Source Files/lpc_glcd_cal.c ****      ts_eventCal screentriangle2[3] = {screenSample[1],screenSample[4],screenSample[2]};
 572              		.loc 1 116 0
 573 038c 1191     		str	r1, [sp, #68]
 117:../Source Files/lpc_glcd_cal.c ****      ts_eventCal screentriangle3[3] = {screenSample[2],screenSample[4],screenSample[3]};
 574              		.loc 1 117 0
 575 038e 1D99     		ldr	r1, [sp, #116]
 116:../Source Files/lpc_glcd_cal.c ****      ts_eventCal screentriangle2[3] = {screenSample[1],screenSample[4],screenSample[2]};
 576              		.loc 1 116 0
 577 0390 1C9B     		ldr	r3, [sp, #112]
 115:../Source Files/lpc_glcd_cal.c ****  	 ts_eventCal screentriangle1[3] = {screenSample[0],screenSample[4],screenSample[1]};
 578              		.loc 1 115 0
 579 0392 0E92     		str	r2, [sp, #56]
 580 0394 0F90     		str	r0, [sp, #60]
 116:../Source Files/lpc_glcd_cal.c ****      ts_eventCal screentriangle2[3] = {screenSample[1],screenSample[4],screenSample[2]};
 581              		.loc 1 116 0
 582 0396 1290     		str	r0, [sp, #72]
 117:../Source Files/lpc_glcd_cal.c ****      ts_eventCal screentriangle3[3] = {screenSample[2],screenSample[4],screenSample[3]};
 583              		.loc 1 117 0
 584 0398 1590     		str	r0, [sp, #84]
 585 039a 1691     		str	r1, [sp, #88]
 118:../Source Files/lpc_glcd_cal.c ****      ts_eventCal screentriangle4[3] = {screenSample[3],screenSample[4],screenSample[0]};
 586              		.loc 1 118 0
 587 039c 1791     		str	r1, [sp, #92]
 588 039e 1890     		str	r0, [sp, #96]
 589 03a0 1992     		str	r2, [sp, #100]
 121:../Source Files/lpc_glcd_cal.c ****      SetCalibrationMatrix(displaytriangle1, screentriangle1, &matrix[0]);
 590              		.loc 1 121 0
 591 03a2 0EA9     		add	r1, sp, #56
 592 03a4 24AA     		add	r2, sp, #144
 593 03a6 02A8     		add	r0, sp, #8
 116:../Source Files/lpc_glcd_cal.c ****      ts_eventCal screentriangle2[3] = {screenSample[1],screenSample[4],screenSample[2]};
 594              		.loc 1 116 0
 595 03a8 1393     		str	r3, [sp, #76]
 117:../Source Files/lpc_glcd_cal.c ****      ts_eventCal screentriangle3[3] = {screenSample[2],screenSample[4],screenSample[3]};
 596              		.loc 1 117 0
 597 03aa 1493     		str	r3, [sp, #80]
 121:../Source Files/lpc_glcd_cal.c ****      SetCalibrationMatrix(displaytriangle1, screentriangle1, &matrix[0]);
 598              		.loc 1 121 0
 599 03ac FFF7FEFF 		bl	SetCalibrationMatrix
 600              	.LVL12:
 122:../Source Files/lpc_glcd_cal.c ****      SetCalibrationMatrix(displaytriangle2, screentriangle2, &matrix[1]);
 601              		.loc 1 122 0
 602 03b0 11A9     		add	r1, sp, #68
 603 03b2 2BAA     		add	r2, sp, #172
 604 03b4 05A8     		add	r0, sp, #20
 605 03b6 FFF7FEFF 		bl	SetCalibrationMatrix
 606              	.LVL13:
 123:../Source Files/lpc_glcd_cal.c ****      SetCalibrationMatrix(displaytriangle3, screentriangle3, &matrix[2]);
 607              		.loc 1 123 0
 608 03ba 14A9     		add	r1, sp, #80
 609 03bc 32AA     		add	r2, sp, #200
 610 03be 08A8     		add	r0, sp, #32
 611 03c0 FFF7FEFF 		bl	SetCalibrationMatrix
 612              	.LVL14:
 124:../Source Files/lpc_glcd_cal.c ****      SetCalibrationMatrix(displaytriangle4, screentriangle4, &matrix[3]);
 613              		.loc 1 124 0
 614 03c4 17A9     		add	r1, sp, #92
 615 03c6 39AA     		add	r2, sp, #228
 616 03c8 0BA8     		add	r0, sp, #44
 617 03ca FFF7FEFF 		bl	SetCalibrationMatrix
 618              	.LVL15:
 127:../Source Files/lpc_glcd_cal.c ****     	matrixPtr->An = ( matrix[0].An + matrix[1].An + matrix[2].An + matrix[3].An ) / 4;
 619              		.loc 1 127 0
 620 03ce 2B98     		ldr	r0, [sp, #172]
 621 03d0 249A     		ldr	r2, [sp, #144]
 622 03d2 329B     		ldr	r3, [sp, #200]
 623 03d4 1118     		adds	r1, r2, r0
 624 03d6 399A     		ldr	r2, [sp, #228]
 625 03d8 C818     		adds	r0, r1, r3
 626 03da 8118     		adds	r1, r0, r2
 627 03dc 0423     		movs	r3, #4
 628 03de 91FBF3F0 		sdiv	r0, r1, r3
 128:../Source Files/lpc_glcd_cal.c ****     	matrixPtr->Bn = ( matrix[0].Bn + matrix[1].Bn + matrix[2].Bn + matrix[3].Bn ) / 4;
 629              		.loc 1 128 0
 630 03e2 2C9A     		ldr	r2, [sp, #176]
 631 03e4 2599     		ldr	r1, [sp, #148]
 127:../Source Files/lpc_glcd_cal.c ****     	matrixPtr->An = ( matrix[0].An + matrix[1].An + matrix[2].An + matrix[3].An ) / 4;
 632              		.loc 1 127 0
 633 03e6 2060     		str	r0, [r4, #0]
 128:../Source Files/lpc_glcd_cal.c ****     	matrixPtr->Bn = ( matrix[0].Bn + matrix[1].Bn + matrix[2].Bn + matrix[3].Bn ) / 4;
 634              		.loc 1 128 0
 635 03e8 8818     		adds	r0, r1, r2
 636 03ea 339A     		ldr	r2, [sp, #204]
 637 03ec 8118     		adds	r1, r0, r2
 638 03ee 3A98     		ldr	r0, [sp, #232]
 639 03f0 0A18     		adds	r2, r1, r0
 640 03f2 92FBF3F1 		sdiv	r1, r2, r3
 129:../Source Files/lpc_glcd_cal.c ****     	matrixPtr->Cn = ( matrix[0].Cn + matrix[1].Cn + matrix[2].Cn + matrix[3].Cn ) / 4;
 641              		.loc 1 129 0
 642 03f6 2D98     		ldr	r0, [sp, #180]
 643 03f8 269A     		ldr	r2, [sp, #152]
 128:../Source Files/lpc_glcd_cal.c ****     	matrixPtr->Bn = ( matrix[0].Bn + matrix[1].Bn + matrix[2].Bn + matrix[3].Bn ) / 4;
 644              		.loc 1 128 0
 645 03fa 6160     		str	r1, [r4, #4]
 129:../Source Files/lpc_glcd_cal.c ****     	matrixPtr->Cn = ( matrix[0].Cn + matrix[1].Cn + matrix[2].Cn + matrix[3].Cn ) / 4;
 646              		.loc 1 129 0
 647 03fc 1118     		adds	r1, r2, r0
 648 03fe 3498     		ldr	r0, [sp, #208]
 649 0400 3B9A     		ldr	r2, [sp, #236]
 650 0402 0918     		adds	r1, r1, r0
 651 0404 8818     		adds	r0, r1, r2
 652 0406 90FBF3F1 		sdiv	r1, r0, r3
 130:../Source Files/lpc_glcd_cal.c ****     	matrixPtr->Dn = ( matrix[0].Dn + matrix[1].Dn + matrix[2].Dn + matrix[3].Dn ) / 4;
 653              		.loc 1 130 0
 654 040a 2E9A     		ldr	r2, [sp, #184]
 655 040c 2798     		ldr	r0, [sp, #156]
 129:../Source Files/lpc_glcd_cal.c ****     	matrixPtr->Cn = ( matrix[0].Cn + matrix[1].Cn + matrix[2].Cn + matrix[3].Cn ) / 4;
 656              		.loc 1 129 0
 657 040e A160     		str	r1, [r4, #8]
 130:../Source Files/lpc_glcd_cal.c ****     	matrixPtr->Dn = ( matrix[0].Dn + matrix[1].Dn + matrix[2].Dn + matrix[3].Dn ) / 4;
 658              		.loc 1 130 0
 659 0410 8118     		adds	r1, r0, r2
 660 0412 359A     		ldr	r2, [sp, #212]
 661 0414 8818     		adds	r0, r1, r2
 662 0416 3C99     		ldr	r1, [sp, #240]
 663 0418 4218     		adds	r2, r0, r1
 664 041a 92FBF3F0 		sdiv	r0, r2, r3
 131:../Source Files/lpc_glcd_cal.c ****     	matrixPtr->En = ( matrix[0].En + matrix[1].En + matrix[2].En + matrix[3].En ) / 4;
 665              		.loc 1 131 0
 666 041e 2899     		ldr	r1, [sp, #160]
 667 0420 2F9A     		ldr	r2, [sp, #188]
 130:../Source Files/lpc_glcd_cal.c ****     	matrixPtr->Dn = ( matrix[0].Dn + matrix[1].Dn + matrix[2].Dn + matrix[3].Dn ) / 4;
 668              		.loc 1 130 0
 669 0422 E060     		str	r0, [r4, #12]
 131:../Source Files/lpc_glcd_cal.c ****     	matrixPtr->En = ( matrix[0].En + matrix[1].En + matrix[2].En + matrix[3].En ) / 4;
 670              		.loc 1 131 0
 671 0424 8818     		adds	r0, r1, r2
 672 0426 369A     		ldr	r2, [sp, #216]
 673 0428 8118     		adds	r1, r0, r2
 674 042a 3D98     		ldr	r0, [sp, #244]
 675 042c 0A18     		adds	r2, r1, r0
 676 042e 92FBF3F1 		sdiv	r1, r2, r3
 132:../Source Files/lpc_glcd_cal.c ****     	matrixPtr->Fn = ( matrix[0].Fn + matrix[1].Fn + matrix[2].Fn + matrix[3].Fn ) / 4;
 677              		.loc 1 132 0
 678 0432 3098     		ldr	r0, [sp, #192]
 679 0434 299A     		ldr	r2, [sp, #164]
 131:../Source Files/lpc_glcd_cal.c ****     	matrixPtr->En = ( matrix[0].En + matrix[1].En + matrix[2].En + matrix[3].En ) / 4;
 680              		.loc 1 131 0
 681 0436 2161     		str	r1, [r4, #16]
 132:../Source Files/lpc_glcd_cal.c ****     	matrixPtr->Fn = ( matrix[0].Fn + matrix[1].Fn + matrix[2].Fn + matrix[3].Fn ) / 4;
 682              		.loc 1 132 0
 683 0438 1118     		adds	r1, r2, r0
 684 043a 3798     		ldr	r0, [sp, #220]
 685 043c 3E9A     		ldr	r2, [sp, #248]
 686 043e 0918     		adds	r1, r1, r0
 687 0440 8818     		adds	r0, r1, r2
 688 0442 90FBF3F1 		sdiv	r1, r0, r3
 133:../Source Files/lpc_glcd_cal.c ****     	matrixPtr->Divider = ( matrix[0].Divider + matrix[1].Divider + matrix[2].Divider + matrix[3].D
 689              		.loc 1 133 0
 690 0446 319A     		ldr	r2, [sp, #196]
 691 0448 2A98     		ldr	r0, [sp, #168]
 132:../Source Files/lpc_glcd_cal.c ****     	matrixPtr->Fn = ( matrix[0].Fn + matrix[1].Fn + matrix[2].Fn + matrix[3].Fn ) / 4;
 692              		.loc 1 132 0
 693 044a 6161     		str	r1, [r4, #20]
 133:../Source Files/lpc_glcd_cal.c ****     	matrixPtr->Divider = ( matrix[0].Divider + matrix[1].Divider + matrix[2].Divider + matrix[3].D
 694              		.loc 1 133 0
 695 044c 8118     		adds	r1, r0, r2
 696 044e 389A     		ldr	r2, [sp, #224]
 697 0450 8818     		adds	r0, r1, r2
 698 0452 3F99     		ldr	r1, [sp, #252]
 699 0454 4218     		adds	r2, r0, r1
 700 0456 92FBF3F3 		sdiv	r3, r2, r3
 136:../Source Files/lpc_glcd_cal.c ****     	GLCD_Clear(White);
 701              		.loc 1 136 0
 702 045a 4FF6FF70 		movw	r0, #65535
 133:../Source Files/lpc_glcd_cal.c ****     	matrixPtr->Divider = ( matrix[0].Divider + matrix[1].Divider + matrix[2].Divider + matrix[3].D
 703              		.loc 1 133 0
 704 045e A361     		str	r3, [r4, #24]
 136:../Source Files/lpc_glcd_cal.c ****     	GLCD_Clear(White);
 705              		.loc 1 136 0
 706 0460 FFF7FEFF 		bl	GLCD_Clear
 707              	.LVL16:
 138:../Source Files/lpc_glcd_cal.c **** }
 708              		.loc 1 138 0
 709 0464 40B0     		add	sp, sp, #256
 710 0466 70BD     		pop	{r4, r5, r6, pc}
 711              	.L26:
 712              		.align	2
 713              	.L25:
 714 0468 00000000 		.word	.LANCHOR0
 715 046c 00000000 		.word	.LANCHOR1
 716 0470 00000000 		.word	gTouch
 717 0474 00000000 		.word	.LANCHOR2
 718              		.cfi_endproc
 719              	.LFE55:
 721              		.align	1
 722              		.global	TSC2004_Cal_Values
 723              		.thumb
 724              		.thumb_func
 726              	TSC2004_Cal_Values:
 727              	.LFB57:
 176:../Source Files/lpc_glcd_cal.c **** 
 177:../Source Files/lpc_glcd_cal.c **** 
 178:../Source Files/lpc_glcd_cal.c **** 
 179:../Source Files/lpc_glcd_cal.c **** int TSC2004_Cal_Values(ts_eventCal *displayPtr, MATRIX_Type *matrixPtr)
 180:../Source Files/lpc_glcd_cal.c **** {
 728              		.loc 1 180 0
 729              		.cfi_startproc
 730              		@ args = 0, pretend = 0, frame = 8
 731              		@ frame_needed = 0, uses_anonymous_args = 0
 732              	.LVL17:
 733 0478 73B5     		push	{r0, r1, r4, r5, r6, lr}
 734              	.LCFI4:
 735              		.cfi_def_cfa_offset 24
 736              		.cfi_offset 0, -24
 737              		.cfi_offset 1, -20
 738              		.cfi_offset 4, -16
 739              		.cfi_offset 5, -12
 740              		.cfi_offset 6, -8
 741              		.cfi_offset 14, -4
 742              		.loc 1 180 0
 743 047a 0C46     		mov	r4, r1
 744 047c 0546     		mov	r5, r0
 181:../Source Files/lpc_glcd_cal.c ****     int  retValue = OK;
 182:../Source Files/lpc_glcd_cal.c **** 	ts_event RTouchn;
 183:../Source Files/lpc_glcd_cal.c **** 
 184:../Source Files/lpc_glcd_cal.c ****     TSC2004_Read_Values(&RTouchn);
 745              		.loc 1 184 0
 746 047e 6846     		mov	r0, sp
 747              	.LVL18:
 748 0480 FFF7FEFF 		bl	TSC2004_Read_Values
 749              	.LVL19:
 185:../Source Files/lpc_glcd_cal.c **** 
 186:../Source Files/lpc_glcd_cal.c ****     if(matrixPtr->Divider != 0)
 750              		.loc 1 186 0
 751 0484 A369     		ldr	r3, [r4, #24]
 752 0486 DBB1     		cbz	r3, .L29
 187:../Source Files/lpc_glcd_cal.c ****     {
 188:../Source Files/lpc_glcd_cal.c ****             /* Operation order is important since we are doing integer */
 189:../Source Files/lpc_glcd_cal.c ****             /*  math. Make sure you add all terms together before      */
 190:../Source Files/lpc_glcd_cal.c ****             /*  dividing, so that the remainder is not rounded off     */
 191:../Source Files/lpc_glcd_cal.c ****             /*  prematurely.                                           */
 192:../Source Files/lpc_glcd_cal.c **** 
 193:../Source Files/lpc_glcd_cal.c ****         displayPtr->x = ( (matrixPtr->An * RTouchn.x) +
 194:../Source Files/lpc_glcd_cal.c ****                           (matrixPtr->Bn * RTouchn.y) +
 753              		.loc 1 194 0
 754 0488 6068     		ldr	r0, [r4, #4]
 755 048a BDF80210 		ldrh	r1, [sp, #2]
 193:../Source Files/lpc_glcd_cal.c ****         displayPtr->x = ( (matrixPtr->An * RTouchn.x) +
 756              		.loc 1 193 0
 757 048e 2668     		ldr	r6, [r4, #0]
 758              		.loc 1 194 0
 759 0490 4843     		muls	r0, r1, r0
 193:../Source Files/lpc_glcd_cal.c ****         displayPtr->x = ( (matrixPtr->An * RTouchn.x) +
 760              		.loc 1 193 0
 761 0492 BDF80020 		ldrh	r2, [sp, #0]
 762 0496 06FB0206 		mla	r6, r6, r2, r0
 763              		.loc 1 194 0
 764 049a A068     		ldr	r0, [r4, #8]
 765 049c 3618     		adds	r6, r6, r0
 195:../Source Files/lpc_glcd_cal.c ****                            matrixPtr->Cn
 196:../Source Files/lpc_glcd_cal.c ****                         ) / matrixPtr->Divider;
 766              		.loc 1 196 0
 767 049e 96FBF3F0 		sdiv	r0, r6, r3
 193:../Source Files/lpc_glcd_cal.c ****         displayPtr->x = ( (matrixPtr->An * RTouchn.x) +
 768              		.loc 1 193 0
 769 04a2 86B2     		uxth	r6, r0
 770 04a4 2E80     		strh	r6, [r5, #0]	@ movhi
 197:../Source Files/lpc_glcd_cal.c **** 
 198:../Source Files/lpc_glcd_cal.c ****         displayPtr->y = ( (matrixPtr->Dn * RTouchn.x) +
 199:../Source Files/lpc_glcd_cal.c ****                           (matrixPtr->En * RTouchn.y) +
 771              		.loc 1 199 0
 772 04a6 2669     		ldr	r6, [r4, #16]
 198:../Source Files/lpc_glcd_cal.c ****         displayPtr->y = ( (matrixPtr->Dn * RTouchn.x) +
 773              		.loc 1 198 0
 774 04a8 E068     		ldr	r0, [r4, #12]
 775              		.loc 1 199 0
 776 04aa 7143     		muls	r1, r6, r1
 198:../Source Files/lpc_glcd_cal.c ****         displayPtr->y = ( (matrixPtr->Dn * RTouchn.x) +
 777              		.loc 1 198 0
 778 04ac 00FB0212 		mla	r2, r0, r2, r1
 779              		.loc 1 199 0
 780 04b0 6469     		ldr	r4, [r4, #20]
 781              	.LVL20:
 782 04b2 1119     		adds	r1, r2, r4
 200:../Source Files/lpc_glcd_cal.c ****                            matrixPtr->Fn
 201:../Source Files/lpc_glcd_cal.c ****                         ) / matrixPtr->Divider;
 783              		.loc 1 201 0
 784 04b4 91FBF3F3 		sdiv	r3, r1, r3
 198:../Source Files/lpc_glcd_cal.c ****         displayPtr->y = ( (matrixPtr->Dn * RTouchn.x) +
 785              		.loc 1 198 0
 786 04b8 98B2     		uxth	r0, r3
 787 04ba 6880     		strh	r0, [r5, #2]	@ movhi
 181:../Source Files/lpc_glcd_cal.c ****     int  retValue = OK;
 788              		.loc 1 181 0
 789 04bc 0020     		movs	r0, #0
 790 04be 01E0     		b	.L28
 791              	.LVL21:
 792              	.L29:
 202:../Source Files/lpc_glcd_cal.c ****     }
 203:../Source Files/lpc_glcd_cal.c ****     else
 204:../Source Files/lpc_glcd_cal.c ****     {
 205:../Source Files/lpc_glcd_cal.c ****         retValue = NOT_OK;
 793              		.loc 1 205 0
 794 04c0 4FF0FF30 		mov	r0, #-1
 795              	.LVL22:
 796              	.L28:
 206:../Source Files/lpc_glcd_cal.c ****     }
 207:../Source Files/lpc_glcd_cal.c **** 
 208:../Source Files/lpc_glcd_cal.c ****     return(retValue);
 209:../Source Files/lpc_glcd_cal.c **** } /* end of getDisplayPoint() */
 797              		.loc 1 209 0
 798 04c4 7CBD     		pop	{r2, r3, r4, r5, r6, pc}
 799              		.cfi_endproc
 800              	.LFE57:
 802              		.global	CalTouch
 803              		.global	TReady
 804              		.comm	gTouch,4,2
 805              		.comm	cmatrix,28,4
 806              		.comm	I2C_Rx_Buf,64,1
 807              		.comm	I2C_Tx_Buf,64,1
 808              		.comm	Rx_Buf1,64,1
 809              		.comm	Tx_Buf1,64,1
 810              		.comm	TxIntStat,1,1
 811              		.comm	rb,528,4
 812              		.comm	EscFlag,2,2
 813              		.section	.rodata
 814              		.align	1
 815              		.set	.LANCHOR0,. + 0
 816              	.LC0:
 817 0000 1400     		.short	20
 818 0002 1400     		.short	20
 819 0004 2C01     		.short	300
 820 0006 1400     		.short	20
 821 0008 2C01     		.short	300
 822 000a DC00     		.short	220
 823 000c 1400     		.short	20
 824 000e DC00     		.short	220
 825 0010 A000     		.short	160
 826 0012 7800     		.short	120
 827              		.data
 828              		.set	.LANCHOR2,. + 0
 831              	CalTouch:
 832 0000 01       		.byte	1
 833              		.bss
 834              		.set	.LANCHOR1,. + 0
 837              	TReady:
 838 0000 00       		.space	1
 839              		.text
 840              	.Letext0:
 841              		.file 2 "c:\\program files (x86)\\gnu tools arm embedded\\4.7 2013q2\\bin\\../lib/gcc/arm-none-eab
 842              		.file 3 "../Header Files/lpc_types.h"
 843              		.file 4 "../Header Files/lpc17xx_uart.h"
 844              		.file 5 "../Header Files/lpc_ssp_glcd.h"
 845              		.file 6 "../Header Files/lpc_i2c_tsc2004.h"
 846              		.file 7 "../Header Files/lpc_glcd_cal.h"
 847              		.file 8 "../CM3 Core/core_cm3.h"
 848              		.file 9 "../Header Files/lpc17xx_ssp.h"
 849              		.file 10 "../Header Files/lpc17xx_i2c.h"
 850              		.file 11 "../Header Files/lpc17xx_systick.h"
DEFINED SYMBOLS
                            *ABS*:00000000 lpc_glcd_cal.c
C:\Users\raghav\AppData\Local\Temp\ccwSh46y.s:18     .text:00000000 $t
C:\Users\raghav\AppData\Local\Temp\ccwSh46y.s:23     .text:00000000 SetCalibrationMatrix
C:\Users\raghav\AppData\Local\Temp\ccwSh46y.s:363    .text:0000026c TSC2004_Cal_Init
C:\Users\raghav\AppData\Local\Temp\ccwSh46y.s:444    .text:000002ca $d
C:\Users\raghav\AppData\Local\Temp\ccwSh46y.s:448    .text:000002ce $t
C:\Users\raghav\AppData\Local\Temp\ccwSh46y.s:714    .text:00000468 $d
                            *COM*:00000004 gTouch
C:\Users\raghav\AppData\Local\Temp\ccwSh46y.s:721    .text:00000478 $t
C:\Users\raghav\AppData\Local\Temp\ccwSh46y.s:726    .text:00000478 TSC2004_Cal_Values
C:\Users\raghav\AppData\Local\Temp\ccwSh46y.s:831    .data:00000000 CalTouch
C:\Users\raghav\AppData\Local\Temp\ccwSh46y.s:837    .bss:00000000 TReady
                            *COM*:0000001c cmatrix
                            *COM*:00000040 I2C_Rx_Buf
                            *COM*:00000040 I2C_Tx_Buf
                            *COM*:00000040 Rx_Buf1
                            *COM*:00000040 Tx_Buf1
                            *COM*:00000001 TxIntStat
                            *COM*:00000210 rb
                            *COM*:00000002 EscFlag
C:\Users\raghav\AppData\Local\Temp\ccwSh46y.s:814    .rodata:00000000 $d
C:\Users\raghav\AppData\Local\Temp\ccwSh46y.s:838    .bss:00000000 $d
                     .debug_frame:00000010 $d
                           .group:00000000 wm4.1.549b84bf9d8399e395ff8216fcbb3d69
                           .group:00000000 wm4.newlib.h.8.a9901dc52d1357e3e94003403d43f8b5
                           .group:00000000 wm4.features.h.22.b72b3baab2bb2eab3661375590100b6b
                           .group:00000000 wm4.config.h.193.5fb8ef056cdff92dec3dee9552839d8c
                           .group:00000000 wm4._ansi.h.23.7aefdac4826acebbfc9f3822a0aeb14c
                           .group:00000000 wm4._default_types.h.6.5e12cd604db8ce00b62bb2f02708eaf3
                           .group:00000000 wm4.lock.h.2.9bc98482741e5e2a9450b12934a684ea
                           .group:00000000 wm4.stddef.h.349.31f4c5baff3fa2689010b32028da9c47
                           .group:00000000 wm4.reent.h.16.9e42f0e588b85e70b2bf6572af57ce64
                           .group:00000000 wm4.math.h.35.cc9264b0ced3bd063c5784e64e89cf51
                           .group:00000000 wm4.LPC17xx.h.27.964facdaadd4aa3f18ac78c8a78f0013
                           .group:00000000 wm4.core_cm3.h.32.3cac756d6e704b813781f82afd94fa5f
                           .group:00000000 wm4.stdint.h.10.90b695f550ca6cc3fb08fa83baf01e05
                           .group:00000000 wm4.core_cmInstr.h.25.6beb15babd14c076008ec0890c26e21c
                           .group:00000000 wm4.core_cm3.h.83.1a3cb9afc687cf157efeddb3d5f3109e
                           .group:00000000 wm4.LPC17xx.h.953.82b7a9ed60bb594048bc8738cf1d3489
                           .group:00000000 wm4.lpc_types.h.32.72d58ce80fabd1a5430c6ec0500a090b
                           .group:00000000 wm4.lpc17xx_pinsel.h.30.767cda9b27a5c688cd97e5947d664047
                           .group:00000000 wm4.lpc17xx_clkpwr.h.30.8537d92ff6965961e80fda89ac5019f2
                           .group:00000000 wm4.lpc17xx_systick.h.30.9f34c15ae315a203fed1d933040ad7b9
                           .group:00000000 wm4.lpc17xx_gpio.h.48.9d83a3048c670bed300498c0197398d5
                           .group:00000000 wm4.lpc17xx_wdt.h.34.a2dcafab9849854019efb51f717a8129
                           .group:00000000 wm4.stdarg.h.31.b70f21342353634f7b44d85f85f13832
                           .group:00000000 wm4.lpc17xx_uart.h.58.dbba6e724b29a6214e9cafbaf3ee8a9e
                           .group:00000000 wm4.lpc17xx_ssp.h.30.27174599ea84e713516cc390f05716ce
                           .group:00000000 wm4.lpc17xx_i2c.h.30.8ecc2351e7cba41135ba36b3ad45f764
                           .group:00000000 wm4.lpc_ssp_glcd.h.29.fd1be72cf95f09a7ec6c902842a1a822
                           .group:00000000 wm4.lpc_i2c_tsc2004.h.29.97f3f7cf57136a998c07fe66c226a2b2
                           .group:00000000 wm4.lpc_glcd_cal.h.36.07281023d52dd7883e5e4c8a890cf1a4

UNDEFINED SYMBOLS
GLCD_Clear
GLCD_Circle
delay_ms
TSC2004_Read_Values
